mode: atomic
ssw-logs-capture/internal/monitors/container_monitor.go:44.48,50.2 1 8
ssw-logs-capture/internal/monitors/container_monitor.go:53.76,56.56 2 163
ssw-logs-capture/internal/monitors/container_monitor.go:56.56,59.3 2 0
ssw-logs-capture/internal/monitors/container_monitor.go:60.2,63.9 2 163
ssw-logs-capture/internal/monitors/container_monitor.go:64.40,79.13 7 110
ssw-logs-capture/internal/monitors/container_monitor.go:80.10,81.85 1 53
ssw-logs-capture/internal/monitors/container_monitor.go:86.55,90.13 3 56
ssw-logs-capture/internal/monitors/container_monitor.go:90.13,94.3 2 1
ssw-logs-capture/internal/monitors/container_monitor.go:97.2,106.65 6 55
ssw-logs-capture/internal/monitors/container_monitor.go:110.58,114.59 3 1
ssw-logs-capture/internal/monitors/container_monitor.go:114.59,116.3 1 1
ssw-logs-capture/internal/monitors/container_monitor.go:120.44,124.2 3 14
ssw-logs-capture/internal/monitors/container_monitor.go:164.262,191.21 5 0
ssw-logs-capture/internal/monitors/container_monitor.go:191.21,202.3 1 0
ssw-logs-capture/internal/monitors/container_monitor.go:205.2,216.16 3 0
ssw-logs-capture/internal/monitors/container_monitor.go:216.16,218.3 1 0
ssw-logs-capture/internal/monitors/container_monitor.go:220.2,242.8 4 0
ssw-logs-capture/internal/monitors/container_monitor.go:246.62,247.24 1 0
ssw-logs-capture/internal/monitors/container_monitor.go:247.24,250.3 2 0
ssw-logs-capture/internal/monitors/container_monitor.go:252.2,255.18 3 0
ssw-logs-capture/internal/monitors/container_monitor.go:255.18,257.3 1 0
ssw-logs-capture/internal/monitors/container_monitor.go:259.2,263.51 3 0
ssw-logs-capture/internal/monitors/container_monitor.go:263.51,265.3 1 0
ssw-logs-capture/internal/monitors/container_monitor.go:268.2,268.91 1 0
ssw-logs-capture/internal/monitors/container_monitor.go:268.91,270.3 1 0
ssw-logs-capture/internal/monitors/container_monitor.go:273.2,273.89 1 0
ssw-logs-capture/internal/monitors/container_monitor.go:273.89,275.3 1 0
ssw-logs-capture/internal/monitors/container_monitor.go:278.2,278.100 1 0
ssw-logs-capture/internal/monitors/container_monitor.go:278.100,280.3 1 0
ssw-logs-capture/internal/monitors/container_monitor.go:282.2,282.12 1 0
ssw-logs-capture/internal/monitors/container_monitor.go:286.42,290.19 3 0
ssw-logs-capture/internal/monitors/container_monitor.go:290.19,292.3 1 0
ssw-logs-capture/internal/monitors/container_monitor.go:294.2,307.35 8 0
ssw-logs-capture/internal/monitors/container_monitor.go:307.35,309.3 1 0
ssw-logs-capture/internal/monitors/container_monitor.go:310.2,310.34 1 0
ssw-logs-capture/internal/monitors/container_monitor.go:310.34,312.3 1 0
ssw-logs-capture/internal/monitors/container_monitor.go:315.2,315.26 1 0
ssw-logs-capture/internal/monitors/container_monitor.go:315.26,317.3 1 0
ssw-logs-capture/internal/monitors/container_monitor.go:319.2,319.12 1 0
ssw-logs-capture/internal/monitors/container_monitor.go:323.46,327.2 3 0
ssw-logs-capture/internal/monitors/container_monitor.go:330.61,339.2 3 0
ssw-logs-capture/internal/monitors/container_monitor.go:342.59,346.2 1 0
ssw-logs-capture/internal/monitors/container_monitor.go:349.68,352.44 2 0
ssw-logs-capture/internal/monitors/container_monitor.go:352.44,354.3 1 0
ssw-logs-capture/internal/monitors/container_monitor.go:354.8,356.3 1 0
ssw-logs-capture/internal/monitors/container_monitor.go:360.2,363.6 3 0
ssw-logs-capture/internal/monitors/container_monitor.go:363.6,364.10 1 0
ssw-logs-capture/internal/monitors/container_monitor.go:365.21,366.14 1 0
ssw-logs-capture/internal/monitors/container_monitor.go:367.19,369.49 1 0
ssw-logs-capture/internal/monitors/container_monitor.go:375.67,389.6 7 0
ssw-logs-capture/internal/monitors/container_monitor.go:389.6,390.10 1 0
ssw-logs-capture/internal/monitors/container_monitor.go:391.21,393.14 2 0
ssw-logs-capture/internal/monitors/container_monitor.go:395.29,396.31 1 0
ssw-logs-capture/internal/monitors/container_monitor.go:398.25,399.18 1 0
ssw-logs-capture/internal/monitors/container_monitor.go:399.18,404.12 3 0
ssw-logs-capture/internal/monitors/container_monitor.go:405.23,406.16 1 0
ssw-logs-capture/internal/monitors/container_monitor.go:407.40,412.56 2 0
ssw-logs-capture/internal/monitors/container_monitor.go:416.28,417.48 1 0
ssw-logs-capture/internal/monitors/container_monitor.go:423.72,427.6 3 0
ssw-logs-capture/internal/monitors/container_monitor.go:427.6,428.10 1 0
ssw-logs-capture/internal/monitors/container_monitor.go:429.21,430.14 1 0
ssw-logs-capture/internal/monitors/container_monitor.go:431.19,432.30 1 0
ssw-logs-capture/internal/monitors/container_monitor.go:436.3,436.53 1 0
ssw-logs-capture/internal/monitors/container_monitor.go:441.52,446.16 4 0
ssw-logs-capture/internal/monitors/container_monitor.go:446.16,448.3 1 0
ssw-logs-capture/internal/monitors/container_monitor.go:450.2,455.45 4 0
ssw-logs-capture/internal/monitors/container_monitor.go:455.45,460.55 3 0
ssw-logs-capture/internal/monitors/container_monitor.go:460.55,462.4 1 0
ssw-logs-capture/internal/monitors/container_monitor.go:467.2,468.32 2 0
ssw-logs-capture/internal/monitors/container_monitor.go:468.32,469.29 1 0
ssw-logs-capture/internal/monitors/container_monitor.go:469.29,471.4 1 0
ssw-logs-capture/internal/monitors/container_monitor.go:473.2,473.30 1 0
ssw-logs-capture/internal/monitors/container_monitor.go:473.30,475.3 1 0
ssw-logs-capture/internal/monitors/container_monitor.go:478.2,480.12 2 0
ssw-logs-capture/internal/monitors/container_monitor.go:484.69,494.22 4 0
ssw-logs-capture/internal/monitors/container_monitor.go:495.15,504.78 3 0
ssw-logs-capture/internal/monitors/container_monitor.go:504.78,507.11 2 0
ssw-logs-capture/internal/monitors/container_monitor.go:508.39,510.44 1 0
ssw-logs-capture/internal/monitors/container_monitor.go:511.22,512.21 1 0
ssw-logs-capture/internal/monitors/container_monitor.go:516.21,527.55 5 0
ssw-logs-capture/internal/monitors/container_monitor.go:529.17,536.32 2 0
ssw-logs-capture/internal/monitors/container_monitor.go:536.32,538.4 1 0
ssw-logs-capture/internal/monitors/container_monitor.go:540.3,540.57 1 0
ssw-logs-capture/internal/monitors/container_monitor.go:542.15,549.54 2 0
ssw-logs-capture/internal/monitors/container_monitor.go:551.17,558.56 2 0
ssw-logs-capture/internal/monitors/container_monitor.go:563.72,573.16 4 0
ssw-logs-capture/internal/monitors/container_monitor.go:573.16,576.3 2 0
ssw-logs-capture/internal/monitors/container_monitor.go:578.2,578.26 1 0
ssw-logs-capture/internal/monitors/container_monitor.go:578.26,581.3 2 0
ssw-logs-capture/internal/monitors/container_monitor.go:583.2,589.53 4 0
ssw-logs-capture/internal/monitors/container_monitor.go:589.53,592.3 2 0
ssw-logs-capture/internal/monitors/container_monitor.go:595.2,597.12 2 0
ssw-logs-capture/internal/monitors/container_monitor.go:601.96,606.37 3 0
ssw-logs-capture/internal/monitors/container_monitor.go:606.37,608.54 2 0
ssw-logs-capture/internal/monitors/container_monitor.go:608.54,609.43 1 0
ssw-logs-capture/internal/monitors/container_monitor.go:609.43,611.10 2 0
ssw-logs-capture/internal/monitors/container_monitor.go:614.3,614.13 1 0
ssw-logs-capture/internal/monitors/container_monitor.go:614.13,616.4 1 0
ssw-logs-capture/internal/monitors/container_monitor.go:620.2,620.53 1 0
ssw-logs-capture/internal/monitors/container_monitor.go:620.53,621.42 1 0
ssw-logs-capture/internal/monitors/container_monitor.go:621.42,623.4 1 0
ssw-logs-capture/internal/monitors/container_monitor.go:627.2,627.38 1 0
ssw-logs-capture/internal/monitors/container_monitor.go:627.38,628.51 1 0
ssw-logs-capture/internal/monitors/container_monitor.go:628.51,630.15 2 0
ssw-logs-capture/internal/monitors/container_monitor.go:630.15,632.5 1 0
ssw-logs-capture/internal/monitors/container_monitor.go:633.4,633.42 1 0
ssw-logs-capture/internal/monitors/container_monitor.go:633.42,635.5 1 0
ssw-logs-capture/internal/monitors/container_monitor.go:640.2,640.50 1 0
ssw-logs-capture/internal/monitors/container_monitor.go:640.50,642.13 2 0
ssw-logs-capture/internal/monitors/container_monitor.go:642.13,643.42 1 0
ssw-logs-capture/internal/monitors/container_monitor.go:643.42,645.5 1 0
ssw-logs-capture/internal/monitors/container_monitor.go:649.2,649.13 1 0
ssw-logs-capture/internal/monitors/container_monitor.go:653.93,657.49 2 0
ssw-logs-capture/internal/monitors/container_monitor.go:657.49,664.3 2 0
ssw-logs-capture/internal/monitors/container_monitor.go:667.2,683.50 5 0
ssw-logs-capture/internal/monitors/container_monitor.go:683.50,684.65 1 0
ssw-logs-capture/internal/monitors/container_monitor.go:684.65,686.21 1 0
ssw-logs-capture/internal/monitors/container_monitor.go:687.38,688.38 1 0
ssw-logs-capture/internal/monitors/container_monitor.go:689.47,690.31 1 0
ssw-logs-capture/internal/monitors/container_monitor.go:694.4,694.25 1 0
ssw-logs-capture/internal/monitors/container_monitor.go:694.25,695.10 1 0
ssw-logs-capture/internal/monitors/container_monitor.go:701.2,702.31 2 0
ssw-logs-capture/internal/monitors/container_monitor.go:702.31,707.3 3 0
ssw-logs-capture/internal/monitors/container_monitor.go:709.2,722.77 4 0
ssw-logs-capture/internal/monitors/container_monitor.go:722.77,724.3 1 0
ssw-logs-capture/internal/monitors/container_monitor.go:727.2,734.41 3 0
ssw-logs-capture/internal/monitors/container_monitor.go:738.73,740.13 2 0
ssw-logs-capture/internal/monitors/container_monitor.go:740.13,742.3 1 0
ssw-logs-capture/internal/monitors/container_monitor.go:744.2,750.22 2 0
ssw-logs-capture/internal/monitors/container_monitor.go:750.22,752.3 1 0
ssw-logs-capture/internal/monitors/container_monitor.go:755.2,755.22 1 0
ssw-logs-capture/internal/monitors/container_monitor.go:755.22,757.3 1 0
ssw-logs-capture/internal/monitors/container_monitor.go:760.2,764.31 3 0
ssw-logs-capture/internal/monitors/container_monitor.go:764.31,766.3 1 0
ssw-logs-capture/internal/monitors/container_monitor.go:769.2,778.41 4 0
ssw-logs-capture/internal/monitors/container_monitor.go:782.97,784.66 1 0
ssw-logs-capture/internal/monitors/container_monitor.go:784.66,791.3 3 0
ssw-logs-capture/internal/monitors/container_monitor.go:792.2,796.15 4 0
ssw-logs-capture/internal/monitors/container_monitor.go:796.15,800.3 2 0
ssw-logs-capture/internal/monitors/container_monitor.go:803.2,805.12 3 0
ssw-logs-capture/internal/monitors/container_monitor.go:805.12,811.7 4 0
ssw-logs-capture/internal/monitors/container_monitor.go:811.7,812.11 1 0
ssw-logs-capture/internal/monitors/container_monitor.go:813.31,814.11 1 0
ssw-logs-capture/internal/monitors/container_monitor.go:815.29,816.39 1 0
ssw-logs-capture/internal/monitors/container_monitor.go:822.2,831.6 2 0
ssw-logs-capture/internal/monitors/container_monitor.go:831.6,832.10 1 0
ssw-logs-capture/internal/monitors/container_monitor.go:833.30,834.14 1 0
ssw-logs-capture/internal/monitors/container_monitor.go:835.11,844.18 4 0
ssw-logs-capture/internal/monitors/container_monitor.go:844.18,850.12 4 0
ssw-logs-capture/internal/monitors/container_monitor.go:851.32,852.16 1 0
ssw-logs-capture/internal/monitors/container_monitor.go:853.40,854.14 1 0
ssw-logs-capture/internal/monitors/container_monitor.go:858.4,871.43 6 0
ssw-logs-capture/internal/monitors/container_monitor.go:871.43,882.5 3 0
ssw-logs-capture/internal/monitors/container_monitor.go:882.10,882.29 1 0
ssw-logs-capture/internal/monitors/container_monitor.go:882.29,884.36 1 0
ssw-logs-capture/internal/monitors/container_monitor.go:884.36,888.6 2 0
ssw-logs-capture/internal/monitors/container_monitor.go:891.5,897.52 2 0
ssw-logs-capture/internal/monitors/container_monitor.go:901.4,901.34 1 0
ssw-logs-capture/internal/monitors/container_monitor.go:901.34,903.5 1 0
ssw-logs-capture/internal/monitors/container_monitor.go:906.4,906.29 1 0
ssw-logs-capture/internal/monitors/container_monitor.go:906.29,908.5 1 0
ssw-logs-capture/internal/monitors/container_monitor.go:908.10,910.5 1 0
ssw-logs-capture/internal/monitors/container_monitor.go:913.4,913.11 1 0
ssw-logs-capture/internal/monitors/container_monitor.go:914.31,915.15 1 0
ssw-logs-capture/internal/monitors/container_monitor.go:916.46,916.46 0 0
ssw-logs-capture/internal/monitors/container_monitor.go:924.116,938.12 7 0
ssw-logs-capture/internal/monitors/container_monitor.go:938.12,940.7 2 0
ssw-logs-capture/internal/monitors/container_monitor.go:940.7,946.13 4 0
ssw-logs-capture/internal/monitors/container_monitor.go:946.13,949.5 2 0
ssw-logs-capture/internal/monitors/container_monitor.go:951.4,951.11 1 0
ssw-logs-capture/internal/monitors/container_monitor.go:952.52,953.19 1 0
ssw-logs-capture/internal/monitors/container_monitor.go:953.19,955.6 1 0
ssw-logs-capture/internal/monitors/container_monitor.go:956.22,957.11 1 0
ssw-logs-capture/internal/monitors/container_monitor.go:962.2,962.6 1 0
ssw-logs-capture/internal/monitors/container_monitor.go:962.6,965.10 2 0
ssw-logs-capture/internal/monitors/container_monitor.go:966.21,967.20 1 0
ssw-logs-capture/internal/monitors/container_monitor.go:968.26,968.26 0 0
ssw-logs-capture/internal/monitors/container_monitor.go:972.3,975.20 3 0
ssw-logs-capture/internal/monitors/container_monitor.go:975.20,987.31 6 0
ssw-logs-capture/internal/monitors/container_monitor.go:987.31,988.19 1 0
ssw-logs-capture/internal/monitors/container_monitor.go:988.19,989.14 1 0
ssw-logs-capture/internal/monitors/container_monitor.go:993.5,993.56 1 0
ssw-logs-capture/internal/monitors/container_monitor.go:993.56,995.6 1 0
ssw-logs-capture/internal/monitors/container_monitor.go:998.5,998.54 1 0
ssw-logs-capture/internal/monitors/container_monitor.go:998.54,999.77 1 0
ssw-logs-capture/internal/monitors/container_monitor.go:999.77,1001.7 1 0
ssw-logs-capture/internal/monitors/container_monitor.go:1004.5,1005.19 2 0
ssw-logs-capture/internal/monitors/container_monitor.go:1005.19,1006.14 1 0
ssw-logs-capture/internal/monitors/container_monitor.go:1010.5,1042.37 5 0
ssw-logs-capture/internal/monitors/container_monitor.go:1042.37,1044.54 2 0
ssw-logs-capture/internal/monitors/container_monitor.go:1044.54,1051.15 2 0
ssw-logs-capture/internal/monitors/container_monitor.go:1055.5,1055.95 1 0
ssw-logs-capture/internal/monitors/container_monitor.go:1055.95,1058.6 2 0
ssw-logs-capture/internal/monitors/container_monitor.go:1058.11,1064.26 3 0
ssw-logs-capture/internal/monitors/container_monitor.go:1064.26,1071.7 1 0
ssw-logs-capture/internal/monitors/container_monitor.go:1075.5,1075.72 1 0
ssw-logs-capture/internal/monitors/container_monitor.go:1079.4,1079.49 1 0
ssw-logs-capture/internal/monitors/container_monitor.go:1079.49,1084.5 3 0
ssw-logs-capture/internal/monitors/container_monitor.go:1088.3,1088.17 1 0
ssw-logs-capture/internal/monitors/container_monitor.go:1088.17,1089.21 1 0
ssw-logs-capture/internal/monitors/container_monitor.go:1089.21,1091.5 1 0
ssw-logs-capture/internal/monitors/container_monitor.go:1092.4,1092.14 1 0
ssw-logs-capture/internal/monitors/container_monitor.go:1098.70,1104.2 4 0
ssw-logs-capture/internal/monitors/container_monitor.go:1107.79,1122.16 6 0
ssw-logs-capture/internal/monitors/container_monitor.go:1122.16,1124.3 1 0
ssw-logs-capture/internal/monitors/container_monitor.go:1125.2,1130.14 4 0
ssw-logs-capture/internal/monitors/container_monitor.go:1134.53,1137.35 3 0
ssw-logs-capture/internal/monitors/container_monitor.go:1137.35,1139.3 1 0
ssw-logs-capture/internal/monitors/container_monitor.go:1140.2,1142.32 2 0
ssw-logs-capture/internal/monitors/container_monitor.go:1142.32,1144.33 1 0
ssw-logs-capture/internal/monitors/container_monitor.go:1144.33,1148.12 4 0
ssw-logs-capture/internal/monitors/container_monitor.go:1152.3,1153.41 2 0
ssw-logs-capture/internal/monitors/container_monitor.go:1153.41,1160.21 4 0
ssw-logs-capture/internal/monitors/container_monitor.go:1160.21,1165.43 3 0
ssw-logs-capture/internal/monitors/container_monitor.go:1165.43,1182.44 5 0
ssw-logs-capture/internal/monitors/container_monitor.go:1182.44,1185.15 3 0
ssw-logs-capture/internal/monitors/container_monitor.go:1189.6,1196.14 4 0
ssw-logs-capture/internal/monitors/container_monitor.go:1200.4,1207.29 1 0
ssw-logs-capture/internal/monitors/container_monitor.go:1213.25,1216.16 2 0
ssw-logs-capture/internal/monitors/container_monitor.go:1216.16,1218.3 1 0
ssw-logs-capture/internal/monitors/container_monitor.go:1220.2,1220.35 1 0
ssw-logs-capture/internal/monitors/container_monitor.go:1220.35,1221.71 1 0
ssw-logs-capture/internal/monitors/container_monitor.go:1221.71,1222.12 1 0
ssw-logs-capture/internal/monitors/container_monitor.go:1225.3,1226.17 2 0
ssw-logs-capture/internal/monitors/container_monitor.go:1226.17,1227.12 1 0
ssw-logs-capture/internal/monitors/container_monitor.go:1230.3,1230.30 1 0
ssw-logs-capture/internal/monitors/container_monitor.go:1230.30,1231.68 1 0
ssw-logs-capture/internal/monitors/container_monitor.go:1231.68,1232.30 1 0
ssw-logs-capture/internal/monitors/container_monitor.go:1232.30,1234.6 1 0
ssw-logs-capture/internal/monitors/container_monitor.go:1239.2,1239.18 1 0
ssw-logs-capture/internal/monitors/container_monitor.go:1243.27,1245.16 2 0
ssw-logs-capture/internal/monitors/container_monitor.go:1245.16,1247.3 1 0
ssw-logs-capture/internal/monitors/container_monitor.go:1248.2,1248.17 1 0
ssw-logs-capture/internal/monitors/container_monitor.go:1252.68,1276.27 3 0
ssw-logs-capture/internal/monitors/container_monitor.go:1276.27,1277.26 1 0
ssw-logs-capture/internal/monitors/container_monitor.go:1277.26,1279.4 1 0
ssw-logs-capture/internal/monitors/container_monitor.go:1283.2,1288.15 5 0
ssw-logs-capture/internal/monitors/file_monitor.go:63.250,65.16 2 0
ssw-logs-capture/internal/monitors/file_monitor.go:65.16,67.3 1 0
ssw-logs-capture/internal/monitors/file_monitor.go:69.2,113.16 7 0
ssw-logs-capture/internal/monitors/file_monitor.go:117.57,118.24 1 0
ssw-logs-capture/internal/monitors/file_monitor.go:118.24,121.3 2 0
ssw-logs-capture/internal/monitors/file_monitor.go:123.2,126.18 3 0
ssw-logs-capture/internal/monitors/file_monitor.go:126.18,128.3 1 0
ssw-logs-capture/internal/monitors/file_monitor.go:130.2,134.31 3 0
ssw-logs-capture/internal/monitors/file_monitor.go:134.31,135.52 1 0
ssw-logs-capture/internal/monitors/file_monitor.go:135.52,137.4 1 0
ssw-logs-capture/internal/monitors/file_monitor.go:138.8,140.3 1 0
ssw-logs-capture/internal/monitors/file_monitor.go:143.2,144.12 2 0
ssw-logs-capture/internal/monitors/file_monitor.go:144.12,149.10 3 0
ssw-logs-capture/internal/monitors/file_monitor.go:150.38,150.38 0 0
ssw-logs-capture/internal/monitors/file_monitor.go:152.24,154.10 2 0
ssw-logs-capture/internal/monitors/file_monitor.go:157.3,158.44 2 0
ssw-logs-capture/internal/monitors/file_monitor.go:158.44,160.4 1 0
ssw-logs-capture/internal/monitors/file_monitor.go:160.9,162.4 1 0
ssw-logs-capture/internal/monitors/file_monitor.go:164.3,164.55 1 0
ssw-logs-capture/internal/monitors/file_monitor.go:168.2,168.86 1 0
ssw-logs-capture/internal/monitors/file_monitor.go:168.86,170.3 1 0
ssw-logs-capture/internal/monitors/file_monitor.go:172.2,172.12 1 0
ssw-logs-capture/internal/monitors/file_monitor.go:176.37,178.19 2 0
ssw-logs-capture/internal/monitors/file_monitor.go:178.19,181.3 2 0
ssw-logs-capture/internal/monitors/file_monitor.go:183.2,192.12 6 0
ssw-logs-capture/internal/monitors/file_monitor.go:192.12,195.3 2 0
ssw-logs-capture/internal/monitors/file_monitor.go:197.2,197.9 1 0
ssw-logs-capture/internal/monitors/file_monitor.go:198.14,199.64 1 0
ssw-logs-capture/internal/monitors/file_monitor.go:200.38,201.72 1 0
ssw-logs-capture/internal/monitors/file_monitor.go:205.2,208.31 2 0
ssw-logs-capture/internal/monitors/file_monitor.go:208.31,210.3 1 0
ssw-logs-capture/internal/monitors/file_monitor.go:213.2,213.23 1 0
ssw-logs-capture/internal/monitors/file_monitor.go:213.23,215.3 1 0
ssw-logs-capture/internal/monitors/file_monitor.go:218.2,218.32 1 0
ssw-logs-capture/internal/monitors/file_monitor.go:218.32,219.23 1 0
ssw-logs-capture/internal/monitors/file_monitor.go:219.23,221.4 1 0
ssw-logs-capture/internal/monitors/file_monitor.go:224.2,224.12 1 0
ssw-logs-capture/internal/monitors/file_monitor.go:228.41,232.2 3 0
ssw-logs-capture/internal/monitors/file_monitor.go:235.56,244.2 3 0
ssw-logs-capture/internal/monitors/file_monitor.go:247.81,253.16 4 0
ssw-logs-capture/internal/monitors/file_monitor.go:253.16,255.3 1 0
ssw-logs-capture/internal/monitors/file_monitor.go:257.2,257.18 1 0
ssw-logs-capture/internal/monitors/file_monitor.go:257.18,259.3 1 0
ssw-logs-capture/internal/monitors/file_monitor.go:262.2,262.45 1 0
ssw-logs-capture/internal/monitors/file_monitor.go:262.45,264.3 1 0
ssw-logs-capture/internal/monitors/file_monitor.go:267.2,275.31 2 0
ssw-logs-capture/internal/monitors/file_monitor.go:275.31,277.3 1 0
ssw-logs-capture/internal/monitors/file_monitor.go:279.2,282.49 2 0
ssw-logs-capture/internal/monitors/file_monitor.go:282.49,285.3 2 0
ssw-logs-capture/internal/monitors/file_monitor.go:288.2,302.31 5 0
ssw-logs-capture/internal/monitors/file_monitor.go:302.31,309.13 3 0
ssw-logs-capture/internal/monitors/file_monitor.go:309.13,313.4 3 0
ssw-logs-capture/internal/monitors/file_monitor.go:316.2,316.12 1 0
ssw-logs-capture/internal/monitors/file_monitor.go:320.58,325.13 4 0
ssw-logs-capture/internal/monitors/file_monitor.go:325.13,327.3 1 0
ssw-logs-capture/internal/monitors/file_monitor.go:330.2,333.20 2 0
ssw-logs-capture/internal/monitors/file_monitor.go:333.20,335.3 1 0
ssw-logs-capture/internal/monitors/file_monitor.go:338.2,347.12 5 0
ssw-logs-capture/internal/monitors/file_monitor.go:351.64,356.29 4 0
ssw-logs-capture/internal/monitors/file_monitor.go:356.29,361.3 1 0
ssw-logs-capture/internal/monitors/file_monitor.go:363.2,363.15 1 0
ssw-logs-capture/internal/monitors/file_monitor.go:367.63,376.6 5 0
ssw-logs-capture/internal/monitors/file_monitor.go:376.6,377.10 1 0
ssw-logs-capture/internal/monitors/file_monitor.go:378.21,379.14 1 0
ssw-logs-capture/internal/monitors/file_monitor.go:380.37,381.29 1 0
ssw-logs-capture/internal/monitors/file_monitor.go:382.35,384.56 2 0
ssw-logs-capture/internal/monitors/file_monitor.go:385.19,386.25 1 0
ssw-logs-capture/internal/monitors/file_monitor.go:387.23,389.21 1 0
ssw-logs-capture/internal/monitors/file_monitor.go:393.3,393.43 1 0
ssw-logs-capture/internal/monitors/file_monitor.go:398.39,401.30 3 0
ssw-logs-capture/internal/monitors/file_monitor.go:401.30,403.3 1 0
ssw-logs-capture/internal/monitors/file_monitor.go:404.2,406.27 2 0
ssw-logs-capture/internal/monitors/file_monitor.go:406.27,408.17 2 0
ssw-logs-capture/internal/monitors/file_monitor.go:408.17,409.12 1 0
ssw-logs-capture/internal/monitors/file_monitor.go:413.3,413.32 1 0
ssw-logs-capture/internal/monitors/file_monitor.go:413.32,420.4 2 0
ssw-logs-capture/internal/monitors/file_monitor.go:425.43,428.30 3 0
ssw-logs-capture/internal/monitors/file_monitor.go:428.30,430.3 1 0
ssw-logs-capture/internal/monitors/file_monitor.go:431.2,433.27 2 0
ssw-logs-capture/internal/monitors/file_monitor.go:433.27,435.17 2 0
ssw-logs-capture/internal/monitors/file_monitor.go:435.17,438.12 2 0
ssw-logs-capture/internal/monitors/file_monitor.go:443.3,443.32 1 0
ssw-logs-capture/internal/monitors/file_monitor.go:443.32,451.4 3 0
ssw-logs-capture/internal/monitors/file_monitor.go:456.62,467.47 2 0
ssw-logs-capture/internal/monitors/file_monitor.go:467.47,472.13 4 0
ssw-logs-capture/internal/monitors/file_monitor.go:472.13,475.4 2 0
ssw-logs-capture/internal/monitors/file_monitor.go:480.65,488.50 5 0
ssw-logs-capture/internal/monitors/file_monitor.go:488.50,491.3 2 0
ssw-logs-capture/internal/monitors/file_monitor.go:493.2,493.14 1 0
ssw-logs-capture/internal/monitors/file_monitor.go:497.36,500.30 3 0
ssw-logs-capture/internal/monitors/file_monitor.go:500.30,502.3 1 0
ssw-logs-capture/internal/monitors/file_monitor.go:503.2,507.59 3 0
ssw-logs-capture/internal/monitors/file_monitor.go:507.59,509.44 2 0
ssw-logs-capture/internal/monitors/file_monitor.go:509.44,511.4 1 0
ssw-logs-capture/internal/monitors/file_monitor.go:512.3,512.9 1 0
ssw-logs-capture/internal/monitors/file_monitor.go:515.2,515.27 1 0
ssw-logs-capture/internal/monitors/file_monitor.go:515.27,518.17 2 0
ssw-logs-capture/internal/monitors/file_monitor.go:518.17,520.12 2 0
ssw-logs-capture/internal/monitors/file_monitor.go:523.3,523.43 1 0
ssw-logs-capture/internal/monitors/file_monitor.go:523.43,526.4 2 0
ssw-logs-capture/internal/monitors/file_monitor.go:529.3,530.41 2 0
ssw-logs-capture/internal/monitors/file_monitor.go:530.41,537.24 4 0
ssw-logs-capture/internal/monitors/file_monitor.go:537.24,542.43 3 0
ssw-logs-capture/internal/monitors/file_monitor.go:542.43,549.24 2 0
ssw-logs-capture/internal/monitors/file_monitor.go:549.24,553.7 3 0
ssw-logs-capture/internal/monitors/file_monitor.go:556.6,559.14 3 0
ssw-logs-capture/internal/monitors/file_monitor.go:564.4,564.71 1 0
ssw-logs-capture/internal/monitors/file_monitor.go:564.71,572.5 1 0
ssw-logs-capture/internal/monitors/file_monitor.go:572.10,572.44 1 0
ssw-logs-capture/internal/monitors/file_monitor.go:572.44,581.5 1 0
ssw-logs-capture/internal/monitors/file_monitor.go:587.52,589.20 1 0
ssw-logs-capture/internal/monitors/file_monitor.go:589.20,591.17 2 0
ssw-logs-capture/internal/monitors/file_monitor.go:591.17,595.4 3 0
ssw-logs-capture/internal/monitors/file_monitor.go:598.3,598.16 1 0
ssw-logs-capture/internal/monitors/file_monitor.go:598.16,599.37 1 0
ssw-logs-capture/internal/monitors/file_monitor.go:599.37,601.5 1 0
ssw-logs-capture/internal/monitors/file_monitor.go:604.3,608.54 3 0
ssw-logs-capture/internal/monitors/file_monitor.go:608.54,611.53 3 0
ssw-logs-capture/internal/monitors/file_monitor.go:611.53,618.5 5 0
ssw-logs-capture/internal/monitors/file_monitor.go:623.2,626.6 3 0
ssw-logs-capture/internal/monitors/file_monitor.go:626.6,628.17 2 0
ssw-logs-capture/internal/monitors/file_monitor.go:628.17,629.21 1 0
ssw-logs-capture/internal/monitors/file_monitor.go:629.21,631.10 1 0
ssw-logs-capture/internal/monitors/file_monitor.go:633.4,635.9 3 0
ssw-logs-capture/internal/monitors/file_monitor.go:639.3,640.17 2 0
ssw-logs-capture/internal/monitors/file_monitor.go:640.17,641.12 1 0
ssw-logs-capture/internal/monitors/file_monitor.go:645.3,676.35 5 0
ssw-logs-capture/internal/monitors/file_monitor.go:676.35,678.52 2 0
ssw-logs-capture/internal/monitors/file_monitor.go:678.52,684.13 2 0
ssw-logs-capture/internal/monitors/file_monitor.go:688.3,688.94 1 0
ssw-logs-capture/internal/monitors/file_monitor.go:688.94,691.4 2 0
ssw-logs-capture/internal/monitors/file_monitor.go:693.3,694.38 2 0
ssw-logs-capture/internal/monitors/file_monitor.go:697.2,700.48 2 0
ssw-logs-capture/internal/monitors/file_monitor.go:700.48,703.17 2 0
ssw-logs-capture/internal/monitors/file_monitor.go:703.17,710.52 4 0
ssw-logs-capture/internal/monitors/file_monitor.go:710.52,713.5 2 0
ssw-logs-capture/internal/monitors/file_monitor.go:715.4,716.33 2 0
ssw-logs-capture/internal/monitors/file_monitor.go:716.33,727.5 1 0
ssw-logs-capture/internal/monitors/file_monitor.go:732.2,732.19 1 0
ssw-logs-capture/internal/monitors/file_monitor.go:732.19,736.3 3 0
ssw-logs-capture/internal/monitors/file_monitor.go:741.56,744.2 2 0
ssw-logs-capture/internal/monitors/file_monitor.go:747.56,749.2 1 0
ssw-logs-capture/internal/monitors/file_monitor.go:752.52,754.19 2 0
ssw-logs-capture/internal/monitors/file_monitor.go:754.19,756.3 1 0
ssw-logs-capture/internal/monitors/file_monitor.go:757.2,757.13 1 0
ssw-logs-capture/internal/monitors/file_monitor.go:761.46,769.37 2 0
ssw-logs-capture/internal/monitors/file_monitor.go:769.37,773.51 2 0
ssw-logs-capture/internal/monitors/file_monitor.go:773.51,775.4 1 0
ssw-logs-capture/internal/monitors/file_monitor.go:778.3,778.57 1 0
ssw-logs-capture/internal/monitors/file_monitor.go:778.57,780.4 1 0
ssw-logs-capture/internal/monitors/file_monitor.go:781.8,784.56 2 0
ssw-logs-capture/internal/monitors/file_monitor.go:784.56,787.54 2 0
ssw-logs-capture/internal/monitors/file_monitor.go:787.54,789.13 2 0
ssw-logs-capture/internal/monitors/file_monitor.go:794.2,795.12 2 0
ssw-logs-capture/internal/monitors/file_monitor.go:799.53,800.37 1 0
ssw-logs-capture/internal/monitors/file_monitor.go:800.37,803.3 2 0
ssw-logs-capture/internal/monitors/file_monitor.go:805.2,810.9 3 0
ssw-logs-capture/internal/monitors/file_monitor.go:810.9,813.3 2 0
ssw-logs-capture/internal/monitors/file_monitor.go:816.2,817.9 2 0
ssw-logs-capture/internal/monitors/file_monitor.go:817.9,820.3 2 0
ssw-logs-capture/internal/monitors/file_monitor.go:822.2,825.43 2 0
ssw-logs-capture/internal/monitors/file_monitor.go:825.43,829.36 2 0
ssw-logs-capture/internal/monitors/file_monitor.go:830.31,831.15 1 0
ssw-logs-capture/internal/monitors/file_monitor.go:832.36,835.30 2 0
ssw-logs-capture/internal/monitors/file_monitor.go:835.30,836.39 1 0
ssw-logs-capture/internal/monitors/file_monitor.go:836.39,838.6 1 0
ssw-logs-capture/internal/monitors/file_monitor.go:840.11,842.12 2 0
ssw-logs-capture/internal/monitors/file_monitor.go:846.3,847.10 2 0
ssw-logs-capture/internal/monitors/file_monitor.go:847.10,849.12 2 0
ssw-logs-capture/internal/monitors/file_monitor.go:852.3,853.10 2 0
ssw-logs-capture/internal/monitors/file_monitor.go:853.10,855.12 2 0
ssw-logs-capture/internal/monitors/file_monitor.go:859.3,860.9 2 0
ssw-logs-capture/internal/monitors/file_monitor.go:860.9,862.22 2 0
ssw-logs-capture/internal/monitors/file_monitor.go:862.22,864.13 2 0
ssw-logs-capture/internal/monitors/file_monitor.go:867.3,872.9 4 0
ssw-logs-capture/internal/monitors/file_monitor.go:872.9,873.49 1 0
ssw-logs-capture/internal/monitors/file_monitor.go:874.32,875.50 1 0
ssw-logs-capture/internal/monitors/file_monitor.go:875.50,876.50 1 0
ssw-logs-capture/internal/monitors/file_monitor.go:876.50,878.7 1 0
ssw-logs-capture/internal/monitors/file_monitor.go:880.37,881.59 1 0
ssw-logs-capture/internal/monitors/file_monitor.go:881.59,882.46 1 0
ssw-logs-capture/internal/monitors/file_monitor.go:882.46,883.51 1 0
ssw-logs-capture/internal/monitors/file_monitor.go:883.51,885.8 1 0
ssw-logs-capture/internal/monitors/file_monitor.go:892.3,895.50 2 0
ssw-logs-capture/internal/monitors/file_monitor.go:895.50,897.4 1 0
ssw-logs-capture/internal/monitors/file_monitor.go:897.9,899.4 1 0
ssw-logs-capture/internal/monitors/file_monitor.go:902.2,902.12 1 0
ssw-logs-capture/internal/monitors/file_monitor.go:906.59,907.37 1 0
ssw-logs-capture/internal/monitors/file_monitor.go:907.37,909.3 1 0
ssw-logs-capture/internal/monitors/file_monitor.go:912.2,913.9 2 0
ssw-logs-capture/internal/monitors/file_monitor.go:913.9,916.3 2 0
ssw-logs-capture/internal/monitors/file_monitor.go:919.2,920.9 2 0
ssw-logs-capture/internal/monitors/file_monitor.go:920.9,922.58 1 0
ssw-logs-capture/internal/monitors/file_monitor.go:922.58,923.40 1 0
ssw-logs-capture/internal/monitors/file_monitor.go:923.40,925.49 2 0
ssw-logs-capture/internal/monitors/file_monitor.go:925.49,927.6 1 0
ssw-logs-capture/internal/monitors/file_monitor.go:929.4,929.14 1 0
ssw-logs-capture/internal/monitors/file_monitor.go:931.3,932.13 2 0
ssw-logs-capture/internal/monitors/file_monitor.go:935.2,938.41 2 0
ssw-logs-capture/internal/monitors/file_monitor.go:938.41,940.37 1 0
ssw-logs-capture/internal/monitors/file_monitor.go:941.15,944.48 2 0
ssw-logs-capture/internal/monitors/file_monitor.go:944.48,946.5 1 0
ssw-logs-capture/internal/monitors/file_monitor.go:948.31,951.11 2 0
ssw-logs-capture/internal/monitors/file_monitor.go:951.11,953.13 2 0
ssw-logs-capture/internal/monitors/file_monitor.go:956.4,957.11 2 0
ssw-logs-capture/internal/monitors/file_monitor.go:957.11,959.13 2 0
ssw-logs-capture/internal/monitors/file_monitor.go:963.4,964.10 2 0
ssw-logs-capture/internal/monitors/file_monitor.go:964.10,966.23 2 0
ssw-logs-capture/internal/monitors/file_monitor.go:966.23,968.14 2 0
ssw-logs-capture/internal/monitors/file_monitor.go:972.4,973.49 2 0
ssw-logs-capture/internal/monitors/file_monitor.go:973.49,975.5 1 0
ssw-logs-capture/internal/monitors/file_monitor.go:977.11,978.101 1 0
ssw-logs-capture/internal/monitors/file_monitor.go:982.2,982.12 1 0
ssw-logs-capture/internal/monitors/file_monitor.go:986.62,987.87 1 0
ssw-logs-capture/internal/monitors/file_monitor.go:987.87,988.17 1 0
ssw-logs-capture/internal/monitors/file_monitor.go:988.17,990.28 1 0
ssw-logs-capture/internal/monitors/file_monitor.go:990.28,993.5 2 0
ssw-logs-capture/internal/monitors/file_monitor.go:994.4,994.14 1 0
ssw-logs-capture/internal/monitors/file_monitor.go:998.3,998.19 1 0
ssw-logs-capture/internal/monitors/file_monitor.go:998.19,1000.42 1 0
ssw-logs-capture/internal/monitors/file_monitor.go:1000.42,1003.5 2 0
ssw-logs-capture/internal/monitors/file_monitor.go:1006.4,1006.49 1 0
ssw-logs-capture/internal/monitors/file_monitor.go:1006.49,1008.5 1 0
ssw-logs-capture/internal/monitors/file_monitor.go:1009.4,1009.14 1 0
ssw-logs-capture/internal/monitors/file_monitor.go:1013.3,1013.29 1 0
ssw-logs-capture/internal/monitors/file_monitor.go:1013.29,1016.4 2 0
ssw-logs-capture/internal/monitors/file_monitor.go:1019.3,1019.74 1 0
ssw-logs-capture/internal/monitors/file_monitor.go:1019.74,1025.15 4 0
ssw-logs-capture/internal/monitors/file_monitor.go:1025.15,1027.52 2 0
ssw-logs-capture/internal/monitors/file_monitor.go:1027.52,1029.6 1 0
ssw-logs-capture/internal/monitors/file_monitor.go:1029.11,1031.6 1 0
ssw-logs-capture/internal/monitors/file_monitor.go:1035.3,1035.13 1 0
ssw-logs-capture/internal/monitors/file_monitor.go:1040.89,1041.91 1 0
ssw-logs-capture/internal/monitors/file_monitor.go:1041.91,1042.17 1 0
ssw-logs-capture/internal/monitors/file_monitor.go:1042.17,1044.28 1 0
ssw-logs-capture/internal/monitors/file_monitor.go:1044.28,1047.5 2 0
ssw-logs-capture/internal/monitors/file_monitor.go:1048.4,1048.14 1 0
ssw-logs-capture/internal/monitors/file_monitor.go:1052.3,1052.19 1 0
ssw-logs-capture/internal/monitors/file_monitor.go:1052.19,1054.79 1 0
ssw-logs-capture/internal/monitors/file_monitor.go:1054.79,1057.5 2 0
ssw-logs-capture/internal/monitors/file_monitor.go:1060.4,1060.52 1 0
ssw-logs-capture/internal/monitors/file_monitor.go:1060.52,1062.5 1 0
ssw-logs-capture/internal/monitors/file_monitor.go:1063.4,1063.14 1 0
ssw-logs-capture/internal/monitors/file_monitor.go:1067.3,1067.29 1 0
ssw-logs-capture/internal/monitors/file_monitor.go:1067.29,1070.4 2 0
ssw-logs-capture/internal/monitors/file_monitor.go:1073.3,1074.73 1 0
ssw-logs-capture/internal/monitors/file_monitor.go:1074.73,1081.15 4 0
ssw-logs-capture/internal/monitors/file_monitor.go:1081.15,1084.46 2 0
ssw-logs-capture/internal/monitors/file_monitor.go:1084.46,1086.6 1 0
ssw-logs-capture/internal/monitors/file_monitor.go:1088.5,1091.52 3 0
ssw-logs-capture/internal/monitors/file_monitor.go:1091.52,1093.6 1 0
ssw-logs-capture/internal/monitors/file_monitor.go:1093.11,1098.6 1 0
ssw-logs-capture/internal/monitors/file_monitor.go:1102.3,1102.13 1 0
ssw-logs-capture/internal/monitors/file_monitor.go:1107.69,1110.52 2 0
ssw-logs-capture/internal/monitors/file_monitor.go:1110.52,1112.28 2 0
ssw-logs-capture/internal/monitors/file_monitor.go:1112.28,1114.4 1 0
ssw-logs-capture/internal/monitors/file_monitor.go:1117.3,1117.26 1 0
ssw-logs-capture/internal/monitors/file_monitor.go:1117.26,1119.4 1 0
ssw-logs-capture/internal/monitors/file_monitor.go:1122.2,1122.14 1 0
ssw-logs-capture/internal/monitors/file_monitor.go:1126.69,1129.52 2 0
ssw-logs-capture/internal/monitors/file_monitor.go:1129.52,1131.28 2 0
ssw-logs-capture/internal/monitors/file_monitor.go:1131.28,1133.4 1 0
ssw-logs-capture/internal/monitors/file_monitor.go:1136.2,1136.14 1 0
ssw-logs-capture/internal/monitors/file_monitor.go:1140.71,1144.58 2 0
ssw-logs-capture/internal/monitors/file_monitor.go:1144.58,1152.32 3 0
ssw-logs-capture/internal/monitors/file_monitor.go:1152.32,1154.4 1 0
ssw-logs-capture/internal/monitors/file_monitor.go:1157.3,1157.53 1 0
ssw-logs-capture/internal/monitors/file_monitor.go:1157.53,1159.4 1 0
ssw-logs-capture/internal/monitors/file_monitor.go:1162.2,1162.14 1 0
ssw-logs-capture/internal/monitors/file_monitor.go:1166.89,1169.35 2 0
ssw-logs-capture/internal/monitors/file_monitor.go:1169.35,1171.28 2 0
ssw-logs-capture/internal/monitors/file_monitor.go:1171.28,1173.4 1 0
ssw-logs-capture/internal/monitors/file_monitor.go:1176.3,1176.26 1 0
ssw-logs-capture/internal/monitors/file_monitor.go:1176.26,1178.4 1 0
ssw-logs-capture/internal/monitors/file_monitor.go:1181.2,1181.14 1 0
ssw-logs-capture/internal/monitors/file_monitor.go:1185.96,1188.35 2 0
ssw-logs-capture/internal/monitors/file_monitor.go:1188.35,1190.28 2 0
ssw-logs-capture/internal/monitors/file_monitor.go:1190.28,1192.4 1 0
ssw-logs-capture/internal/monitors/file_monitor.go:1195.2,1195.14 1 0
ssw-logs-capture/internal/monitors/file_monitor.go:1199.101,1202.41 2 0
ssw-logs-capture/internal/monitors/file_monitor.go:1202.41,1207.32 3 0
ssw-logs-capture/internal/monitors/file_monitor.go:1207.32,1209.4 1 0
ssw-logs-capture/internal/monitors/file_monitor.go:1212.3,1212.53 1 0
ssw-logs-capture/internal/monitors/file_monitor.go:1212.53,1214.4 1 0
ssw-logs-capture/internal/monitors/file_monitor.go:1217.3,1217.56 1 0
ssw-logs-capture/internal/monitors/file_monitor.go:1217.56,1219.4 1 0
ssw-logs-capture/internal/monitors/file_monitor.go:1222.2,1222.14 1 0
ssw-logs-capture/internal/monitors/file_monitor.go:1226.81,1239.2 7 0
ssw-logs-capture/internal/monitors/file_monitor.go:1242.29,1245.16 2 0
ssw-logs-capture/internal/monitors/file_monitor.go:1245.16,1247.3 1 0
ssw-logs-capture/internal/monitors/file_monitor.go:1249.2,1249.35 1 0
ssw-logs-capture/internal/monitors/file_monitor.go:1249.35,1250.71 1 0
ssw-logs-capture/internal/monitors/file_monitor.go:1250.71,1251.12 1 0
ssw-logs-capture/internal/monitors/file_monitor.go:1254.3,1255.17 2 0
ssw-logs-capture/internal/monitors/file_monitor.go:1255.17,1256.12 1 0
ssw-logs-capture/internal/monitors/file_monitor.go:1259.3,1259.30 1 0
ssw-logs-capture/internal/monitors/file_monitor.go:1259.30,1260.68 1 0
ssw-logs-capture/internal/monitors/file_monitor.go:1260.68,1261.30 1 0
ssw-logs-capture/internal/monitors/file_monitor.go:1261.30,1263.6 1 0
ssw-logs-capture/internal/monitors/file_monitor.go:1268.2,1268.18 1 0
ssw-logs-capture/internal/monitors/file_monitor.go:1272.31,1274.16 2 0
ssw-logs-capture/internal/monitors/file_monitor.go:1274.16,1276.3 1 0
ssw-logs-capture/internal/monitors/file_monitor.go:1277.2,1277.17 1 0
ssw-logs-capture/internal/monitors/file_monitor.go:1281.72,1305.27 3 0
ssw-logs-capture/internal/monitors/file_monitor.go:1305.27,1306.26 1 0
ssw-logs-capture/internal/monitors/file_monitor.go:1306.26,1308.4 1 0
ssw-logs-capture/internal/monitors/file_monitor.go:1312.2,1317.15 5 0
