mode: set
ssw-logs-capture/internal/config/config.go:19.59,24.22 2 0
ssw-logs-capture/internal/config/config.go:24.22,25.60 1 0
ssw-logs-capture/internal/config/config.go:25.60,27.4 1 0
ssw-logs-capture/internal/config/config.go:27.9,29.4 1 0
ssw-logs-capture/internal/config/config.go:33.2,41.49 4 0
ssw-logs-capture/internal/config/config.go:41.49,43.3 1 0
ssw-logs-capture/internal/config/config.go:46.2,46.47 1 0
ssw-logs-capture/internal/config/config.go:46.47,48.3 1 0
ssw-logs-capture/internal/config/config.go:50.2,51.20 2 0
ssw-logs-capture/internal/config/config.go:55.51,58.24 2 0
ssw-logs-capture/internal/config/config.go:58.24,61.3 1 0
ssw-logs-capture/internal/config/config.go:63.2,63.24 1 0
ssw-logs-capture/internal/config/config.go:63.24,66.3 2 0
ssw-logs-capture/internal/config/config.go:69.2,69.57 1 0
ssw-logs-capture/internal/config/config.go:69.57,71.3 1 0
ssw-logs-capture/internal/config/config.go:74.2,75.16 2 0
ssw-logs-capture/internal/config/config.go:75.16,77.3 1 0
ssw-logs-capture/internal/config/config.go:81.2,82.59 2 0
ssw-logs-capture/internal/config/config.go:82.59,84.3 1 0
ssw-logs-capture/internal/config/config.go:87.2,91.12 3 0
ssw-logs-capture/internal/config/config.go:96.53,98.66 1 1
ssw-logs-capture/internal/config/config.go:98.66,99.62 1 1
ssw-logs-capture/internal/config/config.go:99.62,101.4 1 1
ssw-logs-capture/internal/config/config.go:105.2,105.38 1 1
ssw-logs-capture/internal/config/config.go:105.38,107.3 1 1
ssw-logs-capture/internal/config/config.go:110.2,110.35 1 1
ssw-logs-capture/internal/config/config.go:114.42,118.25 2 1
ssw-logs-capture/internal/config/config.go:118.25,121.3 2 1
ssw-logs-capture/internal/config/config.go:123.2,126.27 2 1
ssw-logs-capture/internal/config/config.go:126.27,128.3 1 1
ssw-logs-capture/internal/config/config.go:129.2,129.30 1 1
ssw-logs-capture/internal/config/config.go:129.30,131.3 1 1
ssw-logs-capture/internal/config/config.go:132.2,132.34 1 1
ssw-logs-capture/internal/config/config.go:132.34,134.3 1 1
ssw-logs-capture/internal/config/config.go:135.2,135.31 1 1
ssw-logs-capture/internal/config/config.go:135.31,137.3 1 1
ssw-logs-capture/internal/config/config.go:138.2,138.32 1 1
ssw-logs-capture/internal/config/config.go:138.32,140.3 1 1
ssw-logs-capture/internal/config/config.go:143.2,143.29 1 1
ssw-logs-capture/internal/config/config.go:143.29,145.3 1 1
ssw-logs-capture/internal/config/config.go:146.2,146.30 1 1
ssw-logs-capture/internal/config/config.go:146.30,148.3 1 1
ssw-logs-capture/internal/config/config.go:151.2,151.30 1 1
ssw-logs-capture/internal/config/config.go:151.30,153.3 1 1
ssw-logs-capture/internal/config/config.go:154.2,154.31 1 1
ssw-logs-capture/internal/config/config.go:154.31,156.3 1 1
ssw-logs-capture/internal/config/config.go:157.2,163.48 2 1
ssw-logs-capture/internal/config/config.go:163.48,165.3 1 1
ssw-logs-capture/internal/config/config.go:166.2,166.47 1 1
ssw-logs-capture/internal/config/config.go:166.47,168.3 1 1
ssw-logs-capture/internal/config/config.go:172.2,172.50 1 1
ssw-logs-capture/internal/config/config.go:172.50,174.3 1 1
ssw-logs-capture/internal/config/config.go:175.2,175.53 1 1
ssw-logs-capture/internal/config/config.go:175.53,177.3 1 1
ssw-logs-capture/internal/config/config.go:180.2,180.50 1 1
ssw-logs-capture/internal/config/config.go:180.50,182.3 1 1
ssw-logs-capture/internal/config/config.go:183.2,183.51 1 1
ssw-logs-capture/internal/config/config.go:183.51,185.3 1 1
ssw-logs-capture/internal/config/config.go:186.2,186.50 1 1
ssw-logs-capture/internal/config/config.go:186.50,188.3 1 1
ssw-logs-capture/internal/config/config.go:189.2,192.51 2 1
ssw-logs-capture/internal/config/config.go:192.51,194.3 1 1
ssw-logs-capture/internal/config/config.go:195.2,195.50 1 1
ssw-logs-capture/internal/config/config.go:195.50,197.3 1 1
ssw-logs-capture/internal/config/config.go:198.2,198.43 1 1
ssw-logs-capture/internal/config/config.go:198.43,200.3 1 1
ssw-logs-capture/internal/config/config.go:203.2,203.46 1 1
ssw-logs-capture/internal/config/config.go:203.46,205.3 1 1
ssw-logs-capture/internal/config/config.go:206.2,206.52 1 1
ssw-logs-capture/internal/config/config.go:206.52,208.3 1 1
ssw-logs-capture/internal/config/config.go:209.2,209.53 1 1
ssw-logs-capture/internal/config/config.go:209.53,211.3 1 1
ssw-logs-capture/internal/config/config.go:212.2,212.48 1 1
ssw-logs-capture/internal/config/config.go:212.48,214.3 1 1
ssw-logs-capture/internal/config/config.go:215.2,221.38 5 1
ssw-logs-capture/internal/config/config.go:221.38,223.3 1 1
ssw-logs-capture/internal/config/config.go:224.2,224.40 1 1
ssw-logs-capture/internal/config/config.go:224.40,226.3 1 1
ssw-logs-capture/internal/config/config.go:227.2,227.38 1 1
ssw-logs-capture/internal/config/config.go:227.38,229.3 1 1
ssw-logs-capture/internal/config/config.go:230.2,230.42 1 1
ssw-logs-capture/internal/config/config.go:230.42,232.3 1 1
ssw-logs-capture/internal/config/config.go:235.2,235.33 1 1
ssw-logs-capture/internal/config/config.go:235.33,237.3 1 1
ssw-logs-capture/internal/config/config.go:242.2,242.38 1 1
ssw-logs-capture/internal/config/config.go:242.38,244.3 1 1
ssw-logs-capture/internal/config/config.go:249.2,249.37 1 1
ssw-logs-capture/internal/config/config.go:249.37,251.3 1 1
ssw-logs-capture/internal/config/config.go:252.2,254.44 2 1
ssw-logs-capture/internal/config/config.go:254.44,256.3 1 1
ssw-logs-capture/internal/config/config.go:264.2,267.43 2 1
ssw-logs-capture/internal/config/config.go:267.43,269.3 1 1
ssw-logs-capture/internal/config/config.go:270.2,273.38 2 1
ssw-logs-capture/internal/config/config.go:273.38,275.3 1 1
ssw-logs-capture/internal/config/config.go:276.2,276.42 1 1
ssw-logs-capture/internal/config/config.go:276.42,278.3 1 1
ssw-logs-capture/internal/config/config.go:279.2,279.43 1 1
ssw-logs-capture/internal/config/config.go:279.43,281.3 1 1
ssw-logs-capture/internal/config/config.go:282.2,283.44 2 1
ssw-logs-capture/internal/config/config.go:283.44,285.3 1 1
ssw-logs-capture/internal/config/config.go:286.2,286.43 1 1
ssw-logs-capture/internal/config/config.go:286.43,288.3 1 1
ssw-logs-capture/internal/config/config.go:289.2,294.118 2 1
ssw-logs-capture/internal/config/config.go:294.118,297.3 2 0
ssw-logs-capture/internal/config/config.go:300.2,300.113 1 1
ssw-logs-capture/internal/config/config.go:300.113,302.3 1 0
ssw-logs-capture/internal/config/config.go:303.2,303.52 1 1
ssw-logs-capture/internal/config/config.go:303.52,305.3 1 0
ssw-logs-capture/internal/config/config.go:306.2,306.66 1 1
ssw-logs-capture/internal/config/config.go:306.66,308.3 1 0
ssw-logs-capture/internal/config/config.go:310.2,310.128 1 1
ssw-logs-capture/internal/config/config.go:310.128,312.3 1 0
ssw-logs-capture/internal/config/config.go:313.2,313.63 1 1
ssw-logs-capture/internal/config/config.go:313.63,315.3 1 0
ssw-logs-capture/internal/config/config.go:318.2,318.114 1 1
ssw-logs-capture/internal/config/config.go:318.114,321.3 2 0
ssw-logs-capture/internal/config/config.go:324.2,324.111 1 1
ssw-logs-capture/internal/config/config.go:324.111,326.3 1 0
ssw-logs-capture/internal/config/config.go:327.2,327.63 1 1
ssw-logs-capture/internal/config/config.go:327.63,329.3 1 0
ssw-logs-capture/internal/config/config.go:330.2,330.78 1 1
ssw-logs-capture/internal/config/config.go:330.78,332.3 1 0
ssw-logs-capture/internal/config/config.go:333.2,333.78 1 1
ssw-logs-capture/internal/config/config.go:333.78,335.3 1 0
ssw-logs-capture/internal/config/config.go:338.2,338.74 1 1
ssw-logs-capture/internal/config/config.go:338.74,341.40 2 0
ssw-logs-capture/internal/config/config.go:341.40,343.4 1 0
ssw-logs-capture/internal/config/config.go:343.9,345.4 1 0
ssw-logs-capture/internal/config/config.go:349.2,349.73 1 1
ssw-logs-capture/internal/config/config.go:349.73,351.3 1 0
ssw-logs-capture/internal/config/config.go:354.2,354.57 1 1
ssw-logs-capture/internal/config/config.go:354.57,357.3 2 0
ssw-logs-capture/internal/config/config.go:358.2,358.60 1 1
ssw-logs-capture/internal/config/config.go:358.60,361.3 2 0
ssw-logs-capture/internal/config/config.go:365.66,367.16 2 0
ssw-logs-capture/internal/config/config.go:367.16,369.3 1 0
ssw-logs-capture/internal/config/config.go:371.2,371.53 1 0
ssw-logs-capture/internal/config/config.go:371.53,373.3 1 0
ssw-logs-capture/internal/config/config.go:377.2,379.12 2 0
ssw-logs-capture/internal/config/config.go:383.64,388.48 2 1
ssw-logs-capture/internal/config/config.go:388.48,392.49 1 1
ssw-logs-capture/internal/config/config.go:392.49,394.4 1 1
ssw-logs-capture/internal/config/config.go:395.3,395.48 1 1
ssw-logs-capture/internal/config/config.go:395.48,397.4 1 1
ssw-logs-capture/internal/config/config.go:404.52,405.42 1 1
ssw-logs-capture/internal/config/config.go:405.42,407.3 1 0
ssw-logs-capture/internal/config/config.go:408.2,408.21 1 1
ssw-logs-capture/internal/config/config.go:411.50,412.42 1 1
ssw-logs-capture/internal/config/config.go:412.42,413.55 1 0
ssw-logs-capture/internal/config/config.go:413.55,415.4 1 0
ssw-logs-capture/internal/config/config.go:417.2,417.21 1 1
ssw-logs-capture/internal/config/config.go:420.53,421.42 1 1
ssw-logs-capture/internal/config/config.go:421.42,422.61 1 0
ssw-logs-capture/internal/config/config.go:422.61,424.4 1 0
ssw-logs-capture/internal/config/config.go:426.2,426.21 1 1
ssw-logs-capture/internal/config/config.go:429.75,430.42 1 0
ssw-logs-capture/internal/config/config.go:430.42,431.61 1 0
ssw-logs-capture/internal/config/config.go:431.61,433.4 1 0
ssw-logs-capture/internal/config/config.go:435.2,435.21 1 0
ssw-logs-capture/internal/config/config.go:438.68,439.42 1 0
ssw-logs-capture/internal/config/config.go:439.42,441.3 1 0
ssw-logs-capture/internal/config/config.go:442.2,442.21 1 0
ssw-logs-capture/internal/config/config.go:445.84,446.42 1 0
ssw-logs-capture/internal/config/config.go:446.42,449.30 3 0
ssw-logs-capture/internal/config/config.go:449.30,450.56 1 0
ssw-logs-capture/internal/config/config.go:450.56,452.5 1 0
ssw-logs-capture/internal/config/config.go:452.10,452.27 1 0
ssw-logs-capture/internal/config/config.go:452.27,455.5 1 0
ssw-logs-capture/internal/config/config.go:457.3,457.16 1 0
ssw-logs-capture/internal/config/config.go:459.2,459.21 1 0
ssw-logs-capture/internal/config/config.go:463.49,466.2 2 1
ssw-logs-capture/internal/config/config.go:475.44,500.23 9 1
ssw-logs-capture/internal/config/config.go:500.23,502.3 1 1
ssw-logs-capture/internal/config/config.go:504.2,504.12 1 1
ssw-logs-capture/internal/config/config.go:507.74,510.2 2 1
ssw-logs-capture/internal/config/config.go:512.41,513.29 1 1
ssw-logs-capture/internal/config/config.go:513.29,515.3 1 0
ssw-logs-capture/internal/config/config.go:517.2,517.32 1 1
ssw-logs-capture/internal/config/config.go:517.32,519.3 1 0
ssw-logs-capture/internal/config/config.go:521.2,525.44 2 1
ssw-logs-capture/internal/config/config.go:525.44,527.3 1 1
ssw-logs-capture/internal/config/config.go:529.2,530.46 2 1
ssw-logs-capture/internal/config/config.go:530.46,532.3 1 0
ssw-logs-capture/internal/config/config.go:535.44,536.29 1 1
ssw-logs-capture/internal/config/config.go:536.29,537.64 1 1
ssw-logs-capture/internal/config/config.go:537.64,539.4 1 1
ssw-logs-capture/internal/config/config.go:541.3,541.33 1 1
ssw-logs-capture/internal/config/config.go:541.33,543.4 1 0
ssw-logs-capture/internal/config/config.go:546.3,546.40 1 1
ssw-logs-capture/internal/config/config.go:546.40,547.77 1 1
ssw-logs-capture/internal/config/config.go:547.77,549.5 1 1
ssw-logs-capture/internal/config/config.go:552.3,552.41 1 1
ssw-logs-capture/internal/config/config.go:552.41,553.78 1 1
ssw-logs-capture/internal/config/config.go:553.78,555.5 1 0
ssw-logs-capture/internal/config/config.go:560.45,561.30 1 1
ssw-logs-capture/internal/config/config.go:561.30,562.66 1 1
ssw-logs-capture/internal/config/config.go:562.66,564.4 1 0
ssw-logs-capture/internal/config/config.go:566.3,566.34 1 1
ssw-logs-capture/internal/config/config.go:566.34,568.4 1 0
ssw-logs-capture/internal/config/config.go:571.3,571.79 1 1
ssw-logs-capture/internal/config/config.go:571.79,573.4 1 1
ssw-logs-capture/internal/config/config.go:577.48,579.39 1 1
ssw-logs-capture/internal/config/config.go:579.39,580.49 1 0
ssw-logs-capture/internal/config/config.go:580.49,582.4 1 0
ssw-logs-capture/internal/config/config.go:584.3,584.51 1 0
ssw-logs-capture/internal/config/config.go:584.51,586.4 1 0
ssw-logs-capture/internal/config/config.go:589.3,594.42 2 0
ssw-logs-capture/internal/config/config.go:594.42,595.22 1 0
ssw-logs-capture/internal/config/config.go:595.22,596.59 1 0
ssw-logs-capture/internal/config/config.go:596.59,598.6 1 0
ssw-logs-capture/internal/config/config.go:604.2,604.41 1 1
ssw-logs-capture/internal/config/config.go:604.41,605.54 1 0
ssw-logs-capture/internal/config/config.go:605.54,607.4 1 0
ssw-logs-capture/internal/config/config.go:610.3,610.61 1 0
ssw-logs-capture/internal/config/config.go:610.61,611.41 1 0
ssw-logs-capture/internal/config/config.go:611.41,613.5 1 0
ssw-logs-capture/internal/config/config.go:618.43,622.33 2 1
ssw-logs-capture/internal/config/config.go:622.33,625.36 2 1
ssw-logs-capture/internal/config/config.go:625.36,627.4 1 1
ssw-logs-capture/internal/config/config.go:627.9,628.64 1 1
ssw-logs-capture/internal/config/config.go:628.64,630.5 1 0
ssw-logs-capture/internal/config/config.go:633.3,633.41 1 1
ssw-logs-capture/internal/config/config.go:633.41,635.4 1 0
ssw-logs-capture/internal/config/config.go:637.3,637.45 1 1
ssw-logs-capture/internal/config/config.go:637.45,638.82 1 1
ssw-logs-capture/internal/config/config.go:638.82,640.5 1 0
ssw-logs-capture/internal/config/config.go:645.2,645.38 1 1
ssw-logs-capture/internal/config/config.go:645.38,648.47 2 1
ssw-logs-capture/internal/config/config.go:648.47,650.4 1 0
ssw-logs-capture/internal/config/config.go:650.9,652.59 1 1
ssw-logs-capture/internal/config/config.go:652.59,654.5 1 1
ssw-logs-capture/internal/config/config.go:658.3,658.50 1 1
ssw-logs-capture/internal/config/config.go:658.50,660.60 2 0
ssw-logs-capture/internal/config/config.go:660.60,662.5 1 0
ssw-logs-capture/internal/config/config.go:667.2,667.42 1 1
ssw-logs-capture/internal/config/config.go:667.42,670.50 2 0
ssw-logs-capture/internal/config/config.go:670.50,672.4 1 0
ssw-logs-capture/internal/config/config.go:672.9,673.65 1 0
ssw-logs-capture/internal/config/config.go:673.65,674.52 1 0
ssw-logs-capture/internal/config/config.go:674.52,676.6 1 0
ssw-logs-capture/internal/config/config.go:682.2,682.35 1 1
ssw-logs-capture/internal/config/config.go:682.35,685.38 2 0
ssw-logs-capture/internal/config/config.go:685.38,687.4 1 0
ssw-logs-capture/internal/config/config.go:689.3,689.40 1 0
ssw-logs-capture/internal/config/config.go:689.40,691.4 1 0
ssw-logs-capture/internal/config/config.go:694.2,694.23 1 1
ssw-logs-capture/internal/config/config.go:694.23,696.3 1 1
ssw-logs-capture/internal/config/config.go:699.48,700.33 1 1
ssw-logs-capture/internal/config/config.go:700.33,701.46 1 1
ssw-logs-capture/internal/config/config.go:701.46,703.4 1 0
ssw-logs-capture/internal/config/config.go:708.47,710.32 1 1
ssw-logs-capture/internal/config/config.go:710.32,711.41 1 1
ssw-logs-capture/internal/config/config.go:711.41,713.4 1 0
ssw-logs-capture/internal/config/config.go:715.3,715.46 1 1
ssw-logs-capture/internal/config/config.go:715.46,717.4 1 0
ssw-logs-capture/internal/config/config.go:721.2,721.40 1 1
ssw-logs-capture/internal/config/config.go:721.40,723.3 1 1
ssw-logs-capture/internal/config/config.go:725.2,725.42 1 1
ssw-logs-capture/internal/config/config.go:725.42,727.3 1 1
ssw-logs-capture/internal/config/config.go:729.2,729.40 1 1
ssw-logs-capture/internal/config/config.go:729.40,731.3 1 1
ssw-logs-capture/internal/config/config.go:734.2,734.45 1 1
ssw-logs-capture/internal/config/config.go:734.45,736.3 1 1
ssw-logs-capture/internal/config/config.go:738.2,738.43 1 1
ssw-logs-capture/internal/config/config.go:738.43,740.3 1 1
ssw-logs-capture/internal/config/config.go:743.47,746.2 0 1
ssw-logs-capture/internal/config/config.go:748.69,749.15 1 0
ssw-logs-capture/internal/config/config.go:749.15,751.3 1 0
ssw-logs-capture/internal/config/config.go:754.2,754.26 1 0
ssw-logs-capture/internal/config/config.go:754.26,756.3 1 0
ssw-logs-capture/internal/config/config.go:759.2,760.16 2 0
ssw-logs-capture/internal/config/config.go:760.16,761.25 1 0
ssw-logs-capture/internal/config/config.go:761.25,763.4 1 0
ssw-logs-capture/internal/config/config.go:764.3,764.56 1 0
ssw-logs-capture/internal/config/config.go:767.2,767.19 1 0
ssw-logs-capture/internal/config/config.go:767.19,769.3 1 0
ssw-logs-capture/internal/config/config.go:772.2,773.16 2 0
ssw-logs-capture/internal/config/config.go:773.16,775.3 1 0
ssw-logs-capture/internal/config/config.go:776.2,778.12 2 0
ssw-logs-capture/internal/config/config.go:781.71,783.55 1 0
ssw-logs-capture/internal/config/config.go:783.55,785.25 1 0
ssw-logs-capture/internal/config/config.go:785.25,788.4 2 0
ssw-logs-capture/internal/config/config.go:789.3,789.13 1 0
ssw-logs-capture/internal/config/config.go:793.2,795.16 3 0
ssw-logs-capture/internal/config/config.go:795.16,797.3 1 0
ssw-logs-capture/internal/config/config.go:798.2,801.12 3 0
ssw-logs-capture/internal/config/config.go:804.67,805.16 1 0
ssw-logs-capture/internal/config/config.go:805.16,807.3 1 0
ssw-logs-capture/internal/config/config.go:810.2,810.27 1 0
ssw-logs-capture/internal/config/config.go:810.27,812.3 1 0
ssw-logs-capture/internal/config/config.go:815.2,816.16 2 0
ssw-logs-capture/internal/config/config.go:816.16,818.3 1 0
ssw-logs-capture/internal/config/config.go:819.2,821.12 2 0
ssw-logs-capture/internal/config/config.go:824.56,825.24 1 1
ssw-logs-capture/internal/config/config.go:825.24,827.3 1 1
ssw-logs-capture/internal/config/config.go:830.2,831.31 2 0
ssw-logs-capture/internal/config/config.go:831.31,833.3 1 0
ssw-logs-capture/internal/config/config.go:835.2,835.116 1 0
ssw-logs-capture/internal/config/config.go:839.54,895.67 35 0
ssw-logs-capture/internal/config/config.go:895.67,899.3 3 0
ssw-logs-capture/internal/config/config.go:900.2,900.70 1 0
ssw-logs-capture/internal/config/config.go:900.70,903.3 2 0
ssw-logs-capture/internal/config/config.go:906.2,906.68 1 0
ssw-logs-capture/internal/config/config.go:906.68,907.39 1 0
ssw-logs-capture/internal/config/config.go:907.39,909.4 1 0
ssw-logs-capture/internal/config/config.go:910.3,911.31 2 0
ssw-logs-capture/internal/config/config.go:911.31,913.4 1 0
ssw-logs-capture/internal/config/config.go:917.2,917.65 1 0
ssw-logs-capture/internal/config/config.go:917.65,918.45 1 0
ssw-logs-capture/internal/config/config.go:918.45,920.4 1 0
ssw-logs-capture/internal/config/config.go:921.3,922.30 2 0
ssw-logs-capture/internal/config/config.go:922.30,924.4 1 0
ssw-logs-capture/pkg/circuit/breaker.go:51.71,52.34 1 1
ssw-logs-capture/pkg/circuit/breaker.go:52.34,54.3 1 0
ssw-logs-capture/pkg/circuit/breaker.go:55.2,55.34 1 1
ssw-logs-capture/pkg/circuit/breaker.go:55.34,57.3 1 0
ssw-logs-capture/pkg/circuit/breaker.go:58.2,58.25 1 1
ssw-logs-capture/pkg/circuit/breaker.go:58.25,60.3 1 0
ssw-logs-capture/pkg/circuit/breaker.go:61.2,61.34 1 1
ssw-logs-capture/pkg/circuit/breaker.go:61.34,63.3 1 0
ssw-logs-capture/pkg/circuit/breaker.go:64.2,64.30 1 1
ssw-logs-capture/pkg/circuit/breaker.go:64.30,66.3 1 1
ssw-logs-capture/pkg/circuit/breaker.go:68.2,73.3 1 1
ssw-logs-capture/pkg/circuit/breaker.go:81.50,88.41 3 1
ssw-logs-capture/pkg/circuit/breaker.go:88.41,89.41 1 1
ssw-logs-capture/pkg/circuit/breaker.go:89.41,92.4 2 1
ssw-logs-capture/pkg/circuit/breaker.go:94.3,97.35 4 1
ssw-logs-capture/pkg/circuit/breaker.go:101.2,101.45 1 1
ssw-logs-capture/pkg/circuit/breaker.go:101.45,104.56 2 1
ssw-logs-capture/pkg/circuit/breaker.go:104.56,109.4 4 0
ssw-logs-capture/pkg/circuit/breaker.go:111.3,111.39 1 1
ssw-logs-capture/pkg/circuit/breaker.go:111.39,114.4 2 1
ssw-logs-capture/pkg/circuit/breaker.go:115.3,115.20 1 1
ssw-logs-capture/pkg/circuit/breaker.go:118.2,128.16 4 1
ssw-logs-capture/pkg/circuit/breaker.go:128.16,131.21 2 1
ssw-logs-capture/pkg/circuit/breaker.go:131.21,133.4 1 1
ssw-logs-capture/pkg/circuit/breaker.go:134.3,135.13 2 1
ssw-logs-capture/pkg/circuit/breaker.go:138.2,140.12 3 1
ssw-logs-capture/pkg/circuit/breaker.go:145.37,146.43 1 1
ssw-logs-capture/pkg/circuit/breaker.go:146.43,148.3 1 1
ssw-logs-capture/pkg/circuit/breaker.go:150.2,150.55 1 1
ssw-logs-capture/pkg/circuit/breaker.go:154.26,155.41 1 1
ssw-logs-capture/pkg/circuit/breaker.go:155.41,157.3 1 0
ssw-logs-capture/pkg/circuit/breaker.go:159.2,166.35 3 1
ssw-logs-capture/pkg/circuit/breaker.go:170.49,174.24 3 1
ssw-logs-capture/pkg/circuit/breaker.go:174.24,176.3 1 1
ssw-logs-capture/pkg/circuit/breaker.go:179.2,179.45 1 1
ssw-logs-capture/pkg/circuit/breaker.go:179.45,181.3 1 1
ssw-logs-capture/pkg/circuit/breaker.go:185.40,189.24 3 1
ssw-logs-capture/pkg/circuit/breaker.go:189.24,191.3 1 1
ssw-logs-capture/pkg/circuit/breaker.go:194.2,194.45 1 1
ssw-logs-capture/pkg/circuit/breaker.go:194.45,197.55 2 1
ssw-logs-capture/pkg/circuit/breaker.go:197.55,200.4 2 1
ssw-logs-capture/pkg/circuit/breaker.go:201.8,201.50 1 1
ssw-logs-capture/pkg/circuit/breaker.go:201.50,203.21 1 1
ssw-logs-capture/pkg/circuit/breaker.go:203.21,205.4 1 1
ssw-logs-capture/pkg/circuit/breaker.go:210.27,220.2 5 1
ssw-logs-capture/pkg/circuit/breaker.go:223.64,224.25 1 1
ssw-logs-capture/pkg/circuit/breaker.go:224.25,226.3 1 0
ssw-logs-capture/pkg/circuit/breaker.go:228.2,231.28 3 1
ssw-logs-capture/pkg/circuit/breaker.go:231.28,233.3 1 1
ssw-logs-capture/pkg/circuit/breaker.go:235.2,241.42 1 1
ssw-logs-capture/pkg/circuit/breaker.go:245.53,249.2 3 1
ssw-logs-capture/pkg/circuit/breaker.go:252.33,256.2 3 0
ssw-logs-capture/pkg/circuit/breaker.go:259.27,265.2 4 0
ssw-logs-capture/pkg/circuit/breaker.go:268.56,281.2 3 1
ssw-logs-capture/pkg/circuit/breaker.go:284.87,288.2 3 1
ssw-logs-capture/pkg/circuit/breaker.go:291.54,295.2 3 1
ssw-logs-capture/pkg/circuit/breaker.go:298.49,302.2 3 1
ssw-logs-capture/pkg/circuit/breaker.go:305.37,309.17 3 0
ssw-logs-capture/pkg/circuit/breaker.go:310.34,311.14 1 0
ssw-logs-capture/pkg/circuit/breaker.go:312.32,313.43 1 0
ssw-logs-capture/pkg/circuit/breaker.go:314.36,315.41 1 0
ssw-logs-capture/pkg/circuit/breaker.go:316.10,317.15 1 0
ssw-logs-capture/pkg/circuit/breaker.go:322.31,326.2 3 0
ssw-logs-capture/pkg/circuit/breaker.go:328.28,329.11 1 1
ssw-logs-capture/pkg/circuit/breaker.go:329.11,331.3 1 0
ssw-logs-capture/pkg/circuit/breaker.go:332.2,332.10 1 1
ssw-logs-capture/pkg/task_manager/task_manager.go:48.66,49.35 1 1
ssw-logs-capture/pkg/task_manager/task_manager.go:49.35,51.3 1 0
ssw-logs-capture/pkg/task_manager/task_manager.go:52.2,52.29 1 1
ssw-logs-capture/pkg/task_manager/task_manager.go:52.29,54.3 1 0
ssw-logs-capture/pkg/task_manager/task_manager.go:55.2,55.33 1 1
ssw-logs-capture/pkg/task_manager/task_manager.go:55.33,57.3 1 0
ssw-logs-capture/pkg/task_manager/task_manager.go:59.2,71.12 4 1
ssw-logs-capture/pkg/task_manager/task_manager.go:71.12,74.3 2 1
ssw-logs-capture/pkg/task_manager/task_manager.go:76.2,76.11 1 1
ssw-logs-capture/pkg/task_manager/task_manager.go:80.108,85.54 3 1
ssw-logs-capture/pkg/task_manager/task_manager.go:85.54,86.38 1 1
ssw-logs-capture/pkg/task_manager/task_manager.go:86.38,88.4 1 1
ssw-logs-capture/pkg/task_manager/task_manager.go:90.3,91.22 2 1
ssw-logs-capture/pkg/task_manager/task_manager.go:95.2,113.12 5 1
ssw-logs-capture/pkg/task_manager/task_manager.go:113.12,115.16 2 1
ssw-logs-capture/pkg/task_manager/task_manager.go:115.16,118.4 1 1
ssw-logs-capture/pkg/task_manager/task_manager.go:119.3,119.22 1 1
ssw-logs-capture/pkg/task_manager/task_manager.go:122.2,126.12 2 1
ssw-logs-capture/pkg/task_manager/task_manager.go:130.41,134.15 2 1
ssw-logs-capture/pkg/task_manager/task_manager.go:134.15,135.31 1 1
ssw-logs-capture/pkg/task_manager/task_manager.go:135.31,147.4 6 1
ssw-logs-capture/pkg/task_manager/task_manager.go:151.2,155.16 3 1
ssw-logs-capture/pkg/task_manager/task_manager.go:155.16,166.3 6 1
ssw-logs-capture/pkg/task_manager/task_manager.go:169.2,173.61 4 1
ssw-logs-capture/pkg/task_manager/task_manager.go:177.54,181.13 3 0
ssw-logs-capture/pkg/task_manager/task_manager.go:181.13,184.3 2 0
ssw-logs-capture/pkg/task_manager/task_manager.go:186.2,186.29 1 0
ssw-logs-capture/pkg/task_manager/task_manager.go:186.29,189.3 2 0
ssw-logs-capture/pkg/task_manager/task_manager.go:192.2,198.9 3 0
ssw-logs-capture/pkg/task_manager/task_manager.go:199.19,206.39 4 0
ssw-logs-capture/pkg/task_manager/task_manager.go:207.38,215.57 5 0
ssw-logs-capture/pkg/task_manager/task_manager.go:218.2,218.12 1 0
ssw-logs-capture/pkg/task_manager/task_manager.go:222.55,227.13 4 0
ssw-logs-capture/pkg/task_manager/task_manager.go:227.13,229.3 1 0
ssw-logs-capture/pkg/task_manager/task_manager.go:231.2,236.21 3 0
ssw-logs-capture/pkg/task_manager/task_manager.go:236.21,238.28 1 0
ssw-logs-capture/pkg/task_manager/task_manager.go:238.28,239.16 1 0
ssw-logs-capture/pkg/task_manager/task_manager.go:239.16,241.10 2 0
ssw-logs-capture/pkg/task_manager/task_manager.go:244.3,244.28 1 0
ssw-logs-capture/pkg/task_manager/task_manager.go:244.28,246.4 1 0
ssw-logs-capture/pkg/task_manager/task_manager.go:248.2,250.12 2 0
ssw-logs-capture/pkg/task_manager/task_manager.go:254.70,259.13 4 1
ssw-logs-capture/pkg/task_manager/task_manager.go:259.13,264.3 1 0
ssw-logs-capture/pkg/task_manager/task_manager.go:266.2,273.3 1 1
ssw-logs-capture/pkg/task_manager/task_manager.go:277.66,282.33 4 1
ssw-logs-capture/pkg/task_manager/task_manager.go:282.33,291.3 1 1
ssw-logs-capture/pkg/task_manager/task_manager.go:293.2,293.15 1 1
ssw-logs-capture/pkg/task_manager/task_manager.go:297.38,301.6 3 1
ssw-logs-capture/pkg/task_manager/task_manager.go:301.6,302.10 1 1
ssw-logs-capture/pkg/task_manager/task_manager.go:303.24,304.10 1 1
ssw-logs-capture/pkg/task_manager/task_manager.go:305.19,306.21 1 0
ssw-logs-capture/pkg/task_manager/task_manager.go:312.39,319.33 5 0
ssw-logs-capture/pkg/task_manager/task_manager.go:319.33,321.85 1 0
ssw-logs-capture/pkg/task_manager/task_manager.go:321.85,326.4 4 0
ssw-logs-capture/pkg/task_manager/task_manager.go:329.3,329.69 1 0
ssw-logs-capture/pkg/task_manager/task_manager.go:329.69,331.4 1 0
ssw-logs-capture/pkg/task_manager/task_manager.go:335.2,335.30 1 0
ssw-logs-capture/pkg/task_manager/task_manager.go:335.30,338.3 2 0
ssw-logs-capture/pkg/task_manager/task_manager.go:342.34,351.12 5 1
ssw-logs-capture/pkg/task_manager/task_manager.go:351.12,354.3 2 1
ssw-logs-capture/pkg/task_manager/task_manager.go:356.2,356.9 1 1
ssw-logs-capture/pkg/task_manager/task_manager.go:357.14,358.64 1 1
ssw-logs-capture/pkg/task_manager/task_manager.go:359.38,360.72 1 0
ssw-logs-capture/pkg/task_manager/task_manager.go:364.2,367.33 3 1
ssw-logs-capture/pkg/task_manager/task_manager.go:367.33,368.30 1 1
ssw-logs-capture/pkg/task_manager/task_manager.go:368.30,370.11 2 0
ssw-logs-capture/pkg/task_manager/task_manager.go:371.21,371.21 0 0
ssw-logs-capture/pkg/task_manager/task_manager.go:372.39,373.68 1 0
ssw-logs-capture/pkg/task_manager/task_manager.go:378.2,378.50 1 1
ssw-logs-capture/pkg/task_manager/task_manager.go:382.41,389.2 3 0
ssw-logs-capture/pkg/types/types.go:43.26,48.3 1 0
ssw-logs-capture/pkg/types/types.go:156.41,166.19 5 1
ssw-logs-capture/pkg/types/types.go:166.19,169.3 2 0
ssw-logs-capture/pkg/types/types.go:171.2,171.30 1 1
ssw-logs-capture/pkg/types/types.go:171.30,174.3 2 0
ssw-logs-capture/pkg/types/types.go:176.2,176.30 1 1
ssw-logs-capture/pkg/types/types.go:176.30,179.3 2 0
ssw-logs-capture/pkg/types/types.go:182.2,182.21 1 1
ssw-logs-capture/pkg/types/types.go:182.21,184.30 2 1
ssw-logs-capture/pkg/types/types.go:184.30,186.4 1 1
ssw-logs-capture/pkg/types/types.go:189.2,189.21 1 1
ssw-logs-capture/pkg/types/types.go:189.21,191.30 2 1
ssw-logs-capture/pkg/types/types.go:191.30,193.4 1 1
ssw-logs-capture/pkg/types/types.go:196.2,196.22 1 1
ssw-logs-capture/pkg/types/types.go:196.22,198.31 2 1
ssw-logs-capture/pkg/types/types.go:198.31,200.4 1 1
ssw-logs-capture/pkg/types/types.go:203.2,203.19 1 1
ssw-logs-capture/pkg/types/types.go:203.19,205.28 2 0
ssw-logs-capture/pkg/types/types.go:205.28,207.4 1 0
ssw-logs-capture/pkg/types/types.go:210.2,210.18 1 1
ssw-logs-capture/pkg/types/types.go:228.56,233.2 4 1
ssw-logs-capture/pkg/types/types.go:242.48,245.21 3 1
ssw-logs-capture/pkg/types/types.go:245.21,247.3 1 0
ssw-logs-capture/pkg/types/types.go:248.2,248.23 1 1
ssw-logs-capture/pkg/types/types.go:266.51,270.21 3 1
ssw-logs-capture/pkg/types/types.go:270.21,272.3 1 0
ssw-logs-capture/pkg/types/types.go:274.2,275.29 2 1
ssw-logs-capture/pkg/types/types.go:275.29,277.3 1 1
ssw-logs-capture/pkg/types/types.go:278.2,278.13 1 1
ssw-logs-capture/pkg/types/types.go:284.61,289.2 4 1
ssw-logs-capture/pkg/types/types.go:292.60,295.21 3 1
ssw-logs-capture/pkg/types/types.go:295.21,297.3 1 0
ssw-logs-capture/pkg/types/types.go:298.2,298.23 1 1
ssw-logs-capture/pkg/types/types.go:302.56,306.21 3 1
ssw-logs-capture/pkg/types/types.go:306.21,308.3 1 0
ssw-logs-capture/pkg/types/types.go:310.2,311.29 2 1
ssw-logs-capture/pkg/types/types.go:311.29,313.3 1 1
ssw-logs-capture/pkg/types/types.go:314.2,314.13 1 1
ssw-logs-capture/pkg/types/types.go:339.34,359.23 15 0
ssw-logs-capture/pkg/types/types.go:359.23,361.3 1 0
ssw-logs-capture/pkg/types/types.go:362.2,362.34 1 0
ssw-logs-capture/pkg/types/types.go:362.34,364.3 1 0
ssw-logs-capture/pkg/types/types.go:365.2,365.34 1 0
ssw-logs-capture/pkg/types/types.go:365.34,367.3 1 0
ssw-logs-capture/pkg/types/types.go:370.2,370.30 1 0
ssw-logs-capture/pkg/types/types.go:370.30,372.3 1 0
ssw-logs-capture/pkg/types/types.go:373.2,373.30 1 0
ssw-logs-capture/pkg/types/types.go:373.30,375.3 1 0
ssw-logs-capture/pkg/types/types.go:376.2,376.26 1 0
ssw-logs-capture/pkg/types/types.go:376.26,377.32 1 0
ssw-logs-capture/pkg/types/types.go:377.32,379.4 1 0
ssw-logs-capture/pkg/types/types.go:381.2,381.23 1 0
ssw-logs-capture/pkg/types/types.go:381.23,382.29 1 0
ssw-logs-capture/pkg/types/types.go:382.29,384.4 1 0
ssw-logs-capture/pkg/types/types.go:387.2,387.14 1 0
ssw-logs-capture/pkg/types/types.go:413.30,430.19 14 0
ssw-logs-capture/pkg/types/types.go:430.19,432.3 1 0
ssw-logs-capture/pkg/types/types.go:433.2,433.30 1 0
ssw-logs-capture/pkg/types/types.go:433.30,435.3 1 0
ssw-logs-capture/pkg/types/types.go:436.2,436.30 1 0
ssw-logs-capture/pkg/types/types.go:436.30,438.3 1 0
ssw-logs-capture/pkg/types/types.go:442.2,442.26 1 0
ssw-logs-capture/pkg/types/types.go:442.26,444.3 1 0
ssw-logs-capture/pkg/types/types.go:445.2,445.26 1 0
ssw-logs-capture/pkg/types/types.go:445.26,447.3 1 0
ssw-logs-capture/pkg/types/types.go:448.2,448.22 1 0
ssw-logs-capture/pkg/types/types.go:448.22,449.28 1 0
ssw-logs-capture/pkg/types/types.go:449.28,451.4 1 0
ssw-logs-capture/pkg/types/types.go:453.2,453.19 1 0
ssw-logs-capture/pkg/types/types.go:453.19,454.25 1 0
ssw-logs-capture/pkg/types/types.go:454.25,456.4 1 0
ssw-logs-capture/pkg/types/types.go:460.2,460.21 1 0
ssw-logs-capture/pkg/types/types.go:466.58,471.2 4 1
ssw-logs-capture/pkg/types/types.go:474.57,477.22 3 1
ssw-logs-capture/pkg/types/types.go:477.22,479.3 1 0
ssw-logs-capture/pkg/types/types.go:480.2,480.24 1 1
ssw-logs-capture/internal/dispatcher/batch_processor.go:23.130,29.2 1 1
ssw-logs-capture/internal/dispatcher/batch_processor.go:46.59,48.29 2 1
ssw-logs-capture/internal/dispatcher/batch_processor.go:48.29,50.3 1 1
ssw-logs-capture/internal/dispatcher/batch_processor.go:51.2,51.15 1 1
ssw-logs-capture/internal/dispatcher/batch_processor.go:63.65,65.32 2 1
ssw-logs-capture/internal/dispatcher/batch_processor.go:65.32,67.3 1 1
ssw-logs-capture/internal/dispatcher/batch_processor.go:68.2,68.15 1 1
ssw-logs-capture/internal/dispatcher/batch_processor.go:89.51,91.21 1 1
ssw-logs-capture/internal/dispatcher/batch_processor.go:91.21,93.3 1 1
ssw-logs-capture/internal/dispatcher/batch_processor.go:95.2,117.29 3 1
ssw-logs-capture/internal/dispatcher/batch_processor.go:117.29,118.24 1 1
ssw-logs-capture/internal/dispatcher/batch_processor.go:118.24,120.12 2 1
ssw-logs-capture/internal/dispatcher/batch_processor.go:123.3,147.17 6 1
ssw-logs-capture/internal/dispatcher/batch_processor.go:147.17,150.4 2 1
ssw-logs-capture/internal/dispatcher/batch_processor.go:150.9,152.4 1 1
ssw-logs-capture/internal/dispatcher/batch_processor.go:155.2,160.31 3 1
ssw-logs-capture/internal/dispatcher/batch_processor.go:160.31,166.3 4 1
ssw-logs-capture/internal/dispatcher/batch_processor.go:168.2,174.44 2 1
ssw-logs-capture/internal/dispatcher/batch_processor.go:188.26,192.15 3 1
ssw-logs-capture/internal/dispatcher/batch_processor.go:192.15,193.20 1 1
ssw-logs-capture/internal/dispatcher/batch_processor.go:193.20,194.11 1 1
ssw-logs-capture/internal/dispatcher/batch_processor.go:195.19,195.19 0 0
ssw-logs-capture/internal/dispatcher/batch_processor.go:196.12,196.12 0 1
ssw-logs-capture/internal/dispatcher/batch_processor.go:202.2,202.9 1 1
ssw-logs-capture/internal/dispatcher/batch_processor.go:203.20,204.22 1 1
ssw-logs-capture/internal/dispatcher/batch_processor.go:205.23,206.30 1 1
ssw-logs-capture/internal/dispatcher/batch_processor.go:207.17,208.21 1 1
ssw-logs-capture/internal/dispatcher/batch_processor.go:212.2,212.19 1 1
ssw-logs-capture/internal/dispatcher/batch_processor.go:212.19,214.3 1 0
ssw-logs-capture/internal/dispatcher/batch_processor.go:215.2,218.6 2 1
ssw-logs-capture/internal/dispatcher/batch_processor.go:218.6,219.40 1 1
ssw-logs-capture/internal/dispatcher/batch_processor.go:219.40,221.4 1 1
ssw-logs-capture/internal/dispatcher/batch_processor.go:223.3,223.10 1 1
ssw-logs-capture/internal/dispatcher/batch_processor.go:224.21,225.23 1 0
ssw-logs-capture/internal/dispatcher/batch_processor.go:226.24,227.31 1 1
ssw-logs-capture/internal/dispatcher/batch_processor.go:228.18,229.22 1 1
ssw-logs-capture/internal/dispatcher/batch_processor.go:235.69,236.21 1 1
ssw-logs-capture/internal/dispatcher/batch_processor.go:236.21,238.3 1 1
ssw-logs-capture/internal/dispatcher/batch_processor.go:239.2,239.38 1 1
ssw-logs-capture/internal/dispatcher/batch_processor.go:239.38,241.3 1 1
ssw-logs-capture/internal/dispatcher/batch_processor.go:242.2,242.12 1 1
ssw-logs-capture/internal/dispatcher/dispatcher.go:221.158,223.27 1 1
ssw-logs-capture/internal/dispatcher/dispatcher.go:223.27,225.3 1 0
ssw-logs-capture/internal/dispatcher/dispatcher.go:226.2,226.25 1 1
ssw-logs-capture/internal/dispatcher/dispatcher.go:226.25,228.3 1 0
ssw-logs-capture/internal/dispatcher/dispatcher.go:229.2,229.27 1 1
ssw-logs-capture/internal/dispatcher/dispatcher.go:229.27,231.3 1 0
ssw-logs-capture/internal/dispatcher/dispatcher.go:232.2,232.30 1 1
ssw-logs-capture/internal/dispatcher/dispatcher.go:232.30,234.3 1 0
ssw-logs-capture/internal/dispatcher/dispatcher.go:235.2,235.28 1 1
ssw-logs-capture/internal/dispatcher/dispatcher.go:235.28,237.3 1 0
ssw-logs-capture/internal/dispatcher/dispatcher.go:238.2,238.28 1 1
ssw-logs-capture/internal/dispatcher/dispatcher.go:238.28,240.3 1 0
ssw-logs-capture/internal/dispatcher/dispatcher.go:241.2,241.36 1 1
ssw-logs-capture/internal/dispatcher/dispatcher.go:241.36,243.3 1 1
ssw-logs-capture/internal/dispatcher/dispatcher.go:245.2,249.33 3 1
ssw-logs-capture/internal/dispatcher/dispatcher.go:249.33,251.3 1 1
ssw-logs-capture/internal/dispatcher/dispatcher.go:254.2,255.23 2 1
ssw-logs-capture/internal/dispatcher/dispatcher.go:255.23,257.3 1 0
ssw-logs-capture/internal/dispatcher/dispatcher.go:260.2,261.32 2 1
ssw-logs-capture/internal/dispatcher/dispatcher.go:261.32,263.3 1 0
ssw-logs-capture/internal/dispatcher/dispatcher.go:266.2,267.31 2 1
ssw-logs-capture/internal/dispatcher/dispatcher.go:267.31,269.3 1 0
ssw-logs-capture/internal/dispatcher/dispatcher.go:273.3,275.30 2 1
ssw-logs-capture/internal/dispatcher/dispatcher.go:275.30,279.4 1 0
ssw-logs-capture/internal/dispatcher/dispatcher.go:285.2,286.24 2 1
ssw-logs-capture/internal/dispatcher/dispatcher.go:286.24,289.3 1 1
ssw-logs-capture/internal/dispatcher/dispatcher.go:292.2,336.3 8 1
ssw-logs-capture/internal/dispatcher/dispatcher.go:357.47,363.2 4 1
ssw-logs-capture/internal/dispatcher/dispatcher.go:394.55,398.17 3 1
ssw-logs-capture/internal/dispatcher/dispatcher.go:398.17,400.3 1 0
ssw-logs-capture/internal/dispatcher/dispatcher.go:402.2,412.68 3 1
ssw-logs-capture/internal/dispatcher/dispatcher.go:412.68,413.56 1 1
ssw-logs-capture/internal/dispatcher/dispatcher.go:413.56,415.4 1 0
ssw-logs-capture/internal/dispatcher/dispatcher.go:419.2,419.53 1 1
ssw-logs-capture/internal/dispatcher/dispatcher.go:419.53,420.51 1 0
ssw-logs-capture/internal/dispatcher/dispatcher.go:420.51,422.4 1 0
ssw-logs-capture/internal/dispatcher/dispatcher.go:424.3,424.27 1 0
ssw-logs-capture/internal/dispatcher/dispatcher.go:428.2,428.66 1 1
ssw-logs-capture/internal/dispatcher/dispatcher.go:428.66,430.65 1 0
ssw-logs-capture/internal/dispatcher/dispatcher.go:430.65,431.109 1 0
ssw-logs-capture/internal/dispatcher/dispatcher.go:431.109,433.5 1 0
ssw-logs-capture/internal/dispatcher/dispatcher.go:436.3,437.13 2 0
ssw-logs-capture/internal/dispatcher/dispatcher.go:437.13,439.61 2 0
ssw-logs-capture/internal/dispatcher/dispatcher.go:439.61,441.5 1 0
ssw-logs-capture/internal/dispatcher/dispatcher.go:446.2,446.55 1 1
ssw-logs-capture/internal/dispatcher/dispatcher.go:446.55,448.3 1 0
ssw-logs-capture/internal/dispatcher/dispatcher.go:452.2,452.40 1 1
ssw-logs-capture/internal/dispatcher/dispatcher.go:452.40,454.25 2 1
ssw-logs-capture/internal/dispatcher/dispatcher.go:454.25,457.4 2 1
ssw-logs-capture/internal/dispatcher/dispatcher.go:461.2,462.12 2 1
ssw-logs-capture/internal/dispatcher/dispatcher.go:462.12,465.3 2 1
ssw-logs-capture/internal/dispatcher/dispatcher.go:467.2,467.12 1 1
ssw-logs-capture/internal/dispatcher/dispatcher.go:496.35,498.18 2 1
ssw-logs-capture/internal/dispatcher/dispatcher.go:498.18,501.3 2 0
ssw-logs-capture/internal/dispatcher/dispatcher.go:503.2,508.68 4 1
ssw-logs-capture/internal/dispatcher/dispatcher.go:508.68,509.55 1 1
ssw-logs-capture/internal/dispatcher/dispatcher.go:509.55,511.4 1 0
ssw-logs-capture/internal/dispatcher/dispatcher.go:515.2,515.53 1 1
ssw-logs-capture/internal/dispatcher/dispatcher.go:515.53,516.50 1 0
ssw-logs-capture/internal/dispatcher/dispatcher.go:516.50,518.4 1 0
ssw-logs-capture/internal/dispatcher/dispatcher.go:522.2,529.12 4 1
ssw-logs-capture/internal/dispatcher/dispatcher.go:529.12,532.3 2 1
ssw-logs-capture/internal/dispatcher/dispatcher.go:534.2,534.9 1 1
ssw-logs-capture/internal/dispatcher/dispatcher.go:535.14,536.61 1 1
ssw-logs-capture/internal/dispatcher/dispatcher.go:537.38,538.69 1 0
ssw-logs-capture/internal/dispatcher/dispatcher.go:541.2,541.12 1 1
ssw-logs-capture/internal/dispatcher/dispatcher.go:580.120,581.18 1 1
ssw-logs-capture/internal/dispatcher/dispatcher.go:581.18,583.3 1 0
ssw-logs-capture/internal/dispatcher/dispatcher.go:586.2,586.55 1 1
ssw-logs-capture/internal/dispatcher/dispatcher.go:586.55,587.29 1 0
ssw-logs-capture/internal/dispatcher/dispatcher.go:587.29,592.4 4 0
ssw-logs-capture/internal/dispatcher/dispatcher.go:596.2,596.52 1 1
ssw-logs-capture/internal/dispatcher/dispatcher.go:596.52,602.3 5 0
ssw-logs-capture/internal/dispatcher/dispatcher.go:605.2,605.66 1 1
ssw-logs-capture/internal/dispatcher/dispatcher.go:605.66,610.43 2 0
ssw-logs-capture/internal/dispatcher/dispatcher.go:610.43,615.4 4 0
ssw-logs-capture/internal/dispatcher/dispatcher.go:618.3,618.45 1 0
ssw-logs-capture/internal/dispatcher/dispatcher.go:618.45,621.59 2 0
ssw-logs-capture/internal/dispatcher/dispatcher.go:621.59,629.5 4 0
ssw-logs-capture/internal/dispatcher/dispatcher.go:634.2,635.27 2 1
ssw-logs-capture/internal/dispatcher/dispatcher.go:635.27,637.3 1 1
ssw-logs-capture/internal/dispatcher/dispatcher.go:639.2,649.68 2 1
ssw-logs-capture/internal/dispatcher/dispatcher.go:649.68,652.65 2 1
ssw-logs-capture/internal/dispatcher/dispatcher.go:652.65,654.4 1 0
ssw-logs-capture/internal/dispatcher/dispatcher.go:656.3,656.25 1 1
ssw-logs-capture/internal/dispatcher/dispatcher.go:656.25,657.78 1 1
ssw-logs-capture/internal/dispatcher/dispatcher.go:657.78,665.5 5 1
ssw-logs-capture/internal/dispatcher/dispatcher.go:670.2,671.67 2 1
ssw-logs-capture/internal/dispatcher/dispatcher.go:671.67,682.3 3 0
ssw-logs-capture/internal/dispatcher/dispatcher.go:685.2,685.24 1 1
ssw-logs-capture/internal/dispatcher/dispatcher.go:685.24,688.65 2 0
ssw-logs-capture/internal/dispatcher/dispatcher.go:688.65,690.4 1 0
ssw-logs-capture/internal/dispatcher/dispatcher.go:692.3,692.22 1 0
ssw-logs-capture/internal/dispatcher/dispatcher.go:692.22,694.18 2 0
ssw-logs-capture/internal/dispatcher/dispatcher.go:694.18,702.5 3 0
ssw-logs-capture/internal/dispatcher/dispatcher.go:703.4,703.29 1 0
ssw-logs-capture/internal/dispatcher/dispatcher.go:703.29,705.5 1 0
ssw-logs-capture/internal/dispatcher/dispatcher.go:711.2,717.9 2 1
ssw-logs-capture/internal/dispatcher/dispatcher.go:718.23,719.52 1 1
ssw-logs-capture/internal/dispatcher/dispatcher.go:719.52,723.4 3 1
ssw-logs-capture/internal/dispatcher/dispatcher.go:724.3,724.13 1 1
ssw-logs-capture/internal/dispatcher/dispatcher.go:725.20,726.19 1 0
ssw-logs-capture/internal/dispatcher/dispatcher.go:727.10,729.52 2 1
ssw-logs-capture/internal/dispatcher/dispatcher.go:729.52,731.4 1 1
ssw-logs-capture/internal/dispatcher/dispatcher.go:732.3,732.45 1 1
ssw-logs-capture/internal/dispatcher/dispatcher.go:738.55,740.2 1 1
ssw-logs-capture/internal/dispatcher/dispatcher.go:745.66,747.2 1 0
ssw-logs-capture/internal/dispatcher/dispatcher.go:750.110,751.53 1 0
ssw-logs-capture/internal/dispatcher/dispatcher.go:751.53,757.113 2 0
ssw-logs-capture/internal/dispatcher/dispatcher.go:757.113,769.4 2 0
ssw-logs-capture/internal/dispatcher/dispatcher.go:771.3,779.32 1 0
ssw-logs-capture/internal/dispatcher/dispatcher.go:785.43,790.6 4 1
ssw-logs-capture/internal/dispatcher/dispatcher.go:790.6,791.10 1 1
ssw-logs-capture/internal/dispatcher/dispatcher.go:792.23,793.10 1 1
ssw-logs-capture/internal/dispatcher/dispatcher.go:794.11,798.22 2 1
ssw-logs-capture/internal/dispatcher/dispatcher.go:798.22,801.5 1 1
ssw-logs-capture/internal/dispatcher/dispatcher.go:804.4,804.34 1 1
ssw-logs-capture/internal/dispatcher/dispatcher.go:804.34,809.5 1 1
ssw-logs-capture/internal/dispatcher/dispatcher.go:816.86,817.21 1 1
ssw-logs-capture/internal/dispatcher/dispatcher.go:817.21,819.3 1 0
ssw-logs-capture/internal/dispatcher/dispatcher.go:822.2,830.18 2 1
ssw-logs-capture/internal/dispatcher/dispatcher.go:830.18,833.32 2 1
ssw-logs-capture/internal/dispatcher/dispatcher.go:833.32,834.24 1 1
ssw-logs-capture/internal/dispatcher/dispatcher.go:834.24,837.5 2 1
ssw-logs-capture/internal/dispatcher/dispatcher.go:842.2,842.43 1 1
ssw-logs-capture/internal/dispatcher/dispatcher.go:842.43,845.3 1 1
ssw-logs-capture/internal/dispatcher/dispatcher.go:845.8,845.60 1 1
ssw-logs-capture/internal/dispatcher/dispatcher.go:845.60,848.3 1 0
ssw-logs-capture/internal/dispatcher/dispatcher.go:854.79,855.21 1 0
ssw-logs-capture/internal/dispatcher/dispatcher.go:855.21,857.3 1 0
ssw-logs-capture/internal/dispatcher/dispatcher.go:859.2,864.29 3 0
ssw-logs-capture/internal/dispatcher/dispatcher.go:864.29,866.3 1 0
ssw-logs-capture/internal/dispatcher/dispatcher.go:871.2,871.30 1 0
ssw-logs-capture/internal/dispatcher/dispatcher.go:871.30,876.26 3 0
ssw-logs-capture/internal/dispatcher/dispatcher.go:876.26,877.47 1 0
ssw-logs-capture/internal/dispatcher/dispatcher.go:877.47,878.10 1 0
ssw-logs-capture/internal/dispatcher/dispatcher.go:882.4,882.32 1 0
ssw-logs-capture/internal/dispatcher/dispatcher.go:882.32,883.18 1 0
ssw-logs-capture/internal/dispatcher/dispatcher.go:883.18,884.34 1 0
ssw-logs-capture/internal/dispatcher/dispatcher.go:884.34,889.7 1 0
ssw-logs-capture/internal/dispatcher/dispatcher.go:893.5,894.19 2 0
ssw-logs-capture/internal/dispatcher/dispatcher.go:894.19,898.6 2 0
ssw-logs-capture/internal/dispatcher/dispatcher.go:900.5,900.42 1 0
ssw-logs-capture/internal/dispatcher/dispatcher.go:900.42,911.6 4 0
ssw-logs-capture/internal/dispatcher/dispatcher.go:914.4,914.22 1 0
ssw-logs-capture/internal/dispatcher/dispatcher.go:919.2,923.31 4 0
ssw-logs-capture/internal/dispatcher/dispatcher.go:923.31,924.24 1 0
ssw-logs-capture/internal/dispatcher/dispatcher.go:924.24,926.12 2 0
ssw-logs-capture/internal/dispatcher/dispatcher.go:929.3,933.33 3 0
ssw-logs-capture/internal/dispatcher/dispatcher.go:933.33,935.4 1 0
ssw-logs-capture/internal/dispatcher/dispatcher.go:937.3,941.17 4 0
ssw-logs-capture/internal/dispatcher/dispatcher.go:941.17,943.53 2 0
ssw-logs-capture/internal/dispatcher/dispatcher.go:943.53,945.5 1 0
ssw-logs-capture/internal/dispatcher/dispatcher.go:946.4,946.17 1 0
ssw-logs-capture/internal/dispatcher/dispatcher.go:947.9,951.53 3 0
ssw-logs-capture/internal/dispatcher/dispatcher.go:951.53,953.5 1 0
ssw-logs-capture/internal/dispatcher/dispatcher.go:959.2,959.43 1 0
ssw-logs-capture/internal/dispatcher/dispatcher.go:959.43,967.30 2 0
ssw-logs-capture/internal/dispatcher/dispatcher.go:967.30,969.4 1 0
ssw-logs-capture/internal/dispatcher/dispatcher.go:970.8,970.60 1 0
ssw-logs-capture/internal/dispatcher/dispatcher.go:970.60,973.3 1 0
ssw-logs-capture/internal/dispatcher/dispatcher.go:975.2,979.30 3 0
ssw-logs-capture/internal/dispatcher/dispatcher.go:979.30,992.3 4 0
ssw-logs-capture/internal/dispatcher/dispatcher.go:994.2,998.29 1 0
ssw-logs-capture/internal/dispatcher/dispatcher.go:1002.73,1003.29 1 0
ssw-logs-capture/internal/dispatcher/dispatcher.go:1003.29,1004.41 1 0
ssw-logs-capture/internal/dispatcher/dispatcher.go:1004.41,1010.11 3 0
ssw-logs-capture/internal/dispatcher/dispatcher.go:1011.40,1014.53 2 0
ssw-logs-capture/internal/dispatcher/dispatcher.go:1014.53,1016.19 2 0
ssw-logs-capture/internal/dispatcher/dispatcher.go:1016.19,1016.41 1 0
ssw-logs-capture/internal/dispatcher/dispatcher.go:1019.6,1020.19 2 0
ssw-logs-capture/internal/dispatcher/dispatcher.go:1020.19,1022.24 1 0
ssw-logs-capture/internal/dispatcher/dispatcher.go:1022.24,1023.15 1 0
ssw-logs-capture/internal/dispatcher/dispatcher.go:1024.23,1024.23 0 0
ssw-logs-capture/internal/dispatcher/dispatcher.go:1025.16,1025.16 0 0
ssw-logs-capture/internal/dispatcher/dispatcher.go:1030.6,1030.13 1 0
ssw-logs-capture/internal/dispatcher/dispatcher.go:1031.21,1033.14 1 0
ssw-logs-capture/internal/dispatcher/dispatcher.go:1034.28,1036.90 1 0
ssw-logs-capture/internal/dispatcher/dispatcher.go:1037.27,1039.14 1 0
ssw-logs-capture/internal/dispatcher/dispatcher.go:1040.15,1043.97 2 0
ssw-logs-capture/internal/dispatcher/dispatcher.go:1045.26,1047.13 1 0
ssw-logs-capture/internal/dispatcher/dispatcher.go:1051.12,1061.58 3 0
ssw-logs-capture/internal/dispatcher/dispatcher.go:1063.9,1075.4 2 0
ssw-logs-capture/internal/dispatcher/dispatcher.go:1080.58,1082.21 1 1
ssw-logs-capture/internal/dispatcher/dispatcher.go:1083.10,1084.19 1 1
ssw-logs-capture/internal/dispatcher/dispatcher.go:1089.35,1093.6 3 1
ssw-logs-capture/internal/dispatcher/dispatcher.go:1093.6,1094.10 1 1
ssw-logs-capture/internal/dispatcher/dispatcher.go:1095.26,1098.11 2 0
ssw-logs-capture/internal/dispatcher/dispatcher.go:1099.11,1101.17 1 1
ssw-logs-capture/internal/dispatcher/dispatcher.go:1101.17,1103.5 1 0
ssw-logs-capture/internal/dispatcher/dispatcher.go:1104.4,1104.10 1 1
ssw-logs-capture/internal/dispatcher/dispatcher.go:1111.37,1115.2 1 1
ssw-logs-capture/internal/dispatcher/dispatcher.go:1119.67,1121.2 1 1
ssw-logs-capture/internal/dispatcher/dispatcher.go:1124.48,1127.2 1 0
ssw-logs-capture/internal/dispatcher/dispatcher.go:1131.50,1132.34 1 0
ssw-logs-capture/internal/dispatcher/dispatcher.go:1132.34,1134.3 1 0
ssw-logs-capture/internal/dispatcher/dispatcher.go:1135.2,1135.67 1 0
ssw-logs-capture/internal/dispatcher/dispatcher.go:1139.136,1141.53 1 0
ssw-logs-capture/internal/dispatcher/dispatcher.go:1141.53,1144.28 2 0
ssw-logs-capture/internal/dispatcher/dispatcher.go:1144.28,1146.4 1 0
ssw-logs-capture/internal/dispatcher/dispatcher.go:1148.3,1162.18 3 0
ssw-logs-capture/internal/dispatcher/dispatcher.go:1162.18,1165.4 2 0
ssw-logs-capture/internal/dispatcher/dispatcher.go:1166.3,1166.13 1 0
ssw-logs-capture/internal/dispatcher/dispatcher.go:1170.2,1177.9 2 0
ssw-logs-capture/internal/dispatcher/dispatcher.go:1178.43,1180.81 1 0
ssw-logs-capture/internal/dispatcher/dispatcher.go:1181.20,1182.19 1 0
ssw-logs-capture/internal/dispatcher/dispatcher.go:1187.139,1188.18 1 0
ssw-logs-capture/internal/dispatcher/dispatcher.go:1188.18,1190.3 1 0
ssw-logs-capture/internal/dispatcher/dispatcher.go:1193.2,1194.27 2 0
ssw-logs-capture/internal/dispatcher/dispatcher.go:1194.27,1196.3 1 0
ssw-logs-capture/internal/dispatcher/dispatcher.go:1198.2,1208.24 2 0
ssw-logs-capture/internal/dispatcher/dispatcher.go:1208.24,1210.17 2 0
ssw-logs-capture/internal/dispatcher/dispatcher.go:1210.17,1217.4 2 0
ssw-logs-capture/internal/dispatcher/dispatcher.go:1218.3,1218.28 1 0
ssw-logs-capture/internal/dispatcher/dispatcher.go:1218.28,1220.4 1 0
ssw-logs-capture/internal/dispatcher/dispatcher.go:1225.2,1231.9 2 0
ssw-logs-capture/internal/dispatcher/dispatcher.go:1232.23,1233.52 1 0
ssw-logs-capture/internal/dispatcher/dispatcher.go:1233.52,1237.4 3 0
ssw-logs-capture/internal/dispatcher/dispatcher.go:1238.3,1238.13 1 0
ssw-logs-capture/internal/dispatcher/dispatcher.go:1239.20,1240.19 1 0
ssw-logs-capture/internal/dispatcher/dispatcher.go:1241.37,1243.52 1 0
ssw-logs-capture/internal/dispatcher/dispatcher.go:1243.52,1245.4 1 0
ssw-logs-capture/internal/dispatcher/dispatcher.go:1246.3,1246.58 1 0
ssw-logs-capture/internal/dispatcher/dispatcher.go:1251.52,1253.2 1 0
ssw-logs-capture/internal/dispatcher/dispatcher.go:1256.76,1260.2 3 0
ssw-logs-capture/internal/dispatcher/dispatcher.go:1263.45,1264.53 1 0
ssw-logs-capture/internal/dispatcher/dispatcher.go:1264.53,1268.3 2 0
ssw-logs-capture/internal/dispatcher/dispatcher.go:1272.89,1286.23 5 0
ssw-logs-capture/internal/dispatcher/dispatcher.go:1286.23,1289.3 1 0
ssw-logs-capture/internal/dispatcher/dispatcher.go:1292.2,1292.29 1 0
ssw-logs-capture/internal/dispatcher/dispatcher.go:1292.29,1294.3 1 0
ssw-logs-capture/internal/dispatcher/dispatcher.go:1297.2,1297.70 1 0
ssw-logs-capture/internal/dispatcher/dispatcher.go:1297.70,1306.3 2 0
ssw-logs-capture/internal/dispatcher/dispatcher.go:1308.2,1314.12 2 0
ssw-logs-capture/internal/dispatcher/dispatcher.go:1318.65,1327.31 4 0
ssw-logs-capture/internal/dispatcher/dispatcher.go:1327.31,1328.23 1 0
ssw-logs-capture/internal/dispatcher/dispatcher.go:1328.23,1330.4 1 0
ssw-logs-capture/internal/dispatcher/dispatcher.go:1333.2,1333.12 1 0
ssw-logs-capture/internal/dispatcher/dispatcher.go:1337.90,1340.31 3 0
ssw-logs-capture/internal/dispatcher/dispatcher.go:1340.31,1341.23 1 0
ssw-logs-capture/internal/dispatcher/dispatcher.go:1341.23,1343.4 1 0
ssw-logs-capture/internal/dispatcher/dispatcher.go:1345.2,1347.28 2 0
ssw-logs-capture/internal/dispatcher/dispatcher.go:1347.28,1349.3 1 0
ssw-logs-capture/internal/dispatcher/dispatcher.go:1352.2,1353.36 2 0
ssw-logs-capture/internal/dispatcher/dispatcher.go:1353.36,1354.65 1 0
ssw-logs-capture/internal/dispatcher/dispatcher.go:1354.65,1360.12 3 0
ssw-logs-capture/internal/dispatcher/dispatcher.go:1363.3,1368.13 2 0
ssw-logs-capture/internal/dispatcher/dispatcher.go:1371.2,1371.81 1 0
ssw-logs-capture/internal/dispatcher/retry_manager.go:35.17,45.2 1 1
ssw-logs-capture/internal/dispatcher/retry_manager.go:53.103,54.29 1 1
ssw-logs-capture/internal/dispatcher/retry_manager.go:54.29,55.42 1 1
ssw-logs-capture/internal/dispatcher/retry_manager.go:55.42,57.4 1 1
ssw-logs-capture/internal/dispatcher/retry_manager.go:57.9,59.4 1 1
ssw-logs-capture/internal/dispatcher/retry_manager.go:64.85,69.9 3 1
ssw-logs-capture/internal/dispatcher/retry_manager.go:70.39,73.45 2 1
ssw-logs-capture/internal/dispatcher/retry_manager.go:75.10,86.56 3 1
ssw-logs-capture/internal/dispatcher/retry_manager.go:91.104,93.15 2 1
ssw-logs-capture/internal/dispatcher/retry_manager.go:93.15,93.38 1 1
ssw-logs-capture/internal/dispatcher/retry_manager.go:95.2,96.15 2 1
ssw-logs-capture/internal/dispatcher/retry_manager.go:96.15,97.20 1 1
ssw-logs-capture/internal/dispatcher/retry_manager.go:97.20,98.11 1 1
ssw-logs-capture/internal/dispatcher/retry_manager.go:99.19,99.19 0 0
ssw-logs-capture/internal/dispatcher/retry_manager.go:100.12,100.12 0 1
ssw-logs-capture/internal/dispatcher/retry_manager.go:105.2,105.9 1 1
ssw-logs-capture/internal/dispatcher/retry_manager.go:106.17,108.10 1 1
ssw-logs-capture/internal/dispatcher/retry_manager.go:109.22,110.87 1 1
ssw-logs-capture/internal/dispatcher/retry_manager.go:111.24,113.10 1 0
ssw-logs-capture/internal/dispatcher/retry_manager.go:114.11,117.93 2 0
ssw-logs-capture/internal/dispatcher/retry_manager.go:120.23,122.9 1 1
ssw-logs-capture/internal/dispatcher/retry_manager.go:127.95,128.55 1 1
ssw-logs-capture/internal/dispatcher/retry_manager.go:128.55,143.20 3 1
ssw-logs-capture/internal/dispatcher/retry_manager.go:143.20,155.4 2 0
ssw-logs-capture/internal/dispatcher/retry_manager.go:157.3,164.32 1 1
ssw-logs-capture/internal/dispatcher/retry_manager.go:169.64,179.2 3 1
ssw-logs-capture/internal/dispatcher/retry_manager.go:185.79,190.29 2 1
ssw-logs-capture/internal/dispatcher/retry_manager.go:190.29,192.3 1 1
ssw-logs-capture/internal/dispatcher/stats_collector.go:33.19,41.2 1 1
ssw-logs-capture/internal/dispatcher/stats_collector.go:44.72,48.2 3 1
ssw-logs-capture/internal/dispatcher/stats_collector.go:51.60,60.46 5 1
ssw-logs-capture/internal/dispatcher/stats_collector.go:60.46,62.3 1 1
ssw-logs-capture/internal/dispatcher/stats_collector.go:64.2,64.18 1 1
ssw-logs-capture/internal/dispatcher/stats_collector.go:75.109,82.6 5 1
ssw-logs-capture/internal/dispatcher/stats_collector.go:82.6,83.10 1 1
ssw-logs-capture/internal/dispatcher/stats_collector.go:84.21,85.10 1 1
ssw-logs-capture/internal/dispatcher/stats_collector.go:87.19,97.20 7 0
ssw-logs-capture/internal/dispatcher/stats_collector.go:97.20,101.5 3 0
ssw-logs-capture/internal/dispatcher/stats_collector.go:103.4,112.28 6 0
ssw-logs-capture/internal/dispatcher/stats_collector.go:112.28,120.31 5 0
ssw-logs-capture/internal/dispatcher/stats_collector.go:120.31,126.6 1 0
ssw-logs-capture/internal/dispatcher/stats_collector.go:140.96,141.32 1 1
ssw-logs-capture/internal/dispatcher/stats_collector.go:141.32,143.3 1 1
ssw-logs-capture/internal/dispatcher/stats_collector.go:146.2,160.29 10 1
ssw-logs-capture/internal/dispatcher/stats_collector.go:160.29,162.3 1 0
ssw-logs-capture/internal/dispatcher/stats_collector.go:165.2,170.24 4 1
ssw-logs-capture/internal/dispatcher/stats_collector.go:170.24,172.3 1 1
ssw-logs-capture/internal/dispatcher/stats_collector.go:175.2,181.4 1 1
ssw-logs-capture/internal/dispatcher/stats_collector.go:185.48,186.52 1 1
ssw-logs-capture/internal/dispatcher/stats_collector.go:186.52,189.3 2 1
ssw-logs-capture/internal/dispatcher/stats_collector.go:193.45,194.52 1 1
ssw-logs-capture/internal/dispatcher/stats_collector.go:194.52,196.3 1 1
ssw-logs-capture/internal/dispatcher/stats_collector.go:200.48,201.52 1 1
ssw-logs-capture/internal/dispatcher/stats_collector.go:201.52,203.3 1 1
ssw-logs-capture/internal/dispatcher/stats_collector.go:207.45,208.52 1 1
ssw-logs-capture/internal/dispatcher/stats_collector.go:208.52,210.3 1 1
ssw-logs-capture/internal/dispatcher/stats_collector.go:214.78,215.52 1 1
ssw-logs-capture/internal/dispatcher/stats_collector.go:215.52,217.3 1 1
