mode: atomic
ssw-logs-capture/internal/dispatcher/batch_processor.go:23.130,29.2 1 20
ssw-logs-capture/internal/dispatcher/batch_processor.go:46.59,48.29 2 34
ssw-logs-capture/internal/dispatcher/batch_processor.go:48.29,50.3 1 257
ssw-logs-capture/internal/dispatcher/batch_processor.go:51.2,51.15 1 34
ssw-logs-capture/internal/dispatcher/batch_processor.go:63.65,65.32 2 36
ssw-logs-capture/internal/dispatcher/batch_processor.go:65.32,67.3 1 259
ssw-logs-capture/internal/dispatcher/batch_processor.go:68.2,68.15 1 36
ssw-logs-capture/internal/dispatcher/batch_processor.go:89.51,91.21 1 34
ssw-logs-capture/internal/dispatcher/batch_processor.go:91.21,93.3 1 1
ssw-logs-capture/internal/dispatcher/batch_processor.go:95.2,117.29 3 33
ssw-logs-capture/internal/dispatcher/batch_processor.go:117.29,118.24 1 36
ssw-logs-capture/internal/dispatcher/batch_processor.go:118.24,120.12 2 1
ssw-logs-capture/internal/dispatcher/batch_processor.go:123.3,147.17 6 35
ssw-logs-capture/internal/dispatcher/batch_processor.go:147.17,150.4 2 3
ssw-logs-capture/internal/dispatcher/batch_processor.go:150.9,152.4 1 32
ssw-logs-capture/internal/dispatcher/batch_processor.go:155.2,160.31 3 33
ssw-logs-capture/internal/dispatcher/batch_processor.go:160.31,166.3 4 1
ssw-logs-capture/internal/dispatcher/batch_processor.go:168.2,174.44 2 33
ssw-logs-capture/internal/dispatcher/batch_processor.go:188.26,192.15 3 70
ssw-logs-capture/internal/dispatcher/batch_processor.go:192.15,193.20 1 70
ssw-logs-capture/internal/dispatcher/batch_processor.go:193.20,194.11 1 31
ssw-logs-capture/internal/dispatcher/batch_processor.go:195.19,195.19 0 0
ssw-logs-capture/internal/dispatcher/batch_processor.go:196.12,196.12 0 31
ssw-logs-capture/internal/dispatcher/batch_processor.go:202.2,202.9 1 70
ssw-logs-capture/internal/dispatcher/batch_processor.go:203.20,204.22 1 11
ssw-logs-capture/internal/dispatcher/batch_processor.go:205.23,206.30 1 31
ssw-logs-capture/internal/dispatcher/batch_processor.go:207.17,208.21 1 28
ssw-logs-capture/internal/dispatcher/batch_processor.go:212.2,212.19 1 31
ssw-logs-capture/internal/dispatcher/batch_processor.go:212.19,214.3 1 0
ssw-logs-capture/internal/dispatcher/batch_processor.go:215.2,218.6 2 31
ssw-logs-capture/internal/dispatcher/batch_processor.go:218.6,219.40 1 255
ssw-logs-capture/internal/dispatcher/batch_processor.go:219.40,221.4 1 28
ssw-logs-capture/internal/dispatcher/batch_processor.go:223.3,223.10 1 227
ssw-logs-capture/internal/dispatcher/batch_processor.go:224.21,225.23 1 0
ssw-logs-capture/internal/dispatcher/batch_processor.go:226.24,227.31 1 224
ssw-logs-capture/internal/dispatcher/batch_processor.go:228.18,229.22 1 3
ssw-logs-capture/internal/dispatcher/batch_processor.go:235.69,236.21 1 4
ssw-logs-capture/internal/dispatcher/batch_processor.go:236.21,238.3 1 1
ssw-logs-capture/internal/dispatcher/batch_processor.go:239.2,239.38 1 3
ssw-logs-capture/internal/dispatcher/batch_processor.go:239.38,241.3 1 1
ssw-logs-capture/internal/dispatcher/batch_processor.go:242.2,242.12 1 2
ssw-logs-capture/internal/dispatcher/dispatcher.go:221.158,223.27 1 9
ssw-logs-capture/internal/dispatcher/dispatcher.go:223.27,225.3 1 0
ssw-logs-capture/internal/dispatcher/dispatcher.go:226.2,226.25 1 9
ssw-logs-capture/internal/dispatcher/dispatcher.go:226.25,228.3 1 0
ssw-logs-capture/internal/dispatcher/dispatcher.go:229.2,229.27 1 9
ssw-logs-capture/internal/dispatcher/dispatcher.go:229.27,231.3 1 0
ssw-logs-capture/internal/dispatcher/dispatcher.go:232.2,232.30 1 9
ssw-logs-capture/internal/dispatcher/dispatcher.go:232.30,234.3 1 0
ssw-logs-capture/internal/dispatcher/dispatcher.go:235.2,235.28 1 9
ssw-logs-capture/internal/dispatcher/dispatcher.go:235.28,237.3 1 0
ssw-logs-capture/internal/dispatcher/dispatcher.go:238.2,238.28 1 9
ssw-logs-capture/internal/dispatcher/dispatcher.go:238.28,240.3 1 0
ssw-logs-capture/internal/dispatcher/dispatcher.go:241.2,241.36 1 9
ssw-logs-capture/internal/dispatcher/dispatcher.go:241.36,243.3 1 9
ssw-logs-capture/internal/dispatcher/dispatcher.go:245.2,249.33 3 9
ssw-logs-capture/internal/dispatcher/dispatcher.go:249.33,251.3 1 1
ssw-logs-capture/internal/dispatcher/dispatcher.go:254.2,255.23 2 9
ssw-logs-capture/internal/dispatcher/dispatcher.go:255.23,257.3 1 0
ssw-logs-capture/internal/dispatcher/dispatcher.go:260.2,261.32 2 9
ssw-logs-capture/internal/dispatcher/dispatcher.go:261.32,263.3 1 0
ssw-logs-capture/internal/dispatcher/dispatcher.go:266.2,267.31 2 9
ssw-logs-capture/internal/dispatcher/dispatcher.go:267.31,269.3 1 0
ssw-logs-capture/internal/dispatcher/dispatcher.go:273.3,275.30 2 9
ssw-logs-capture/internal/dispatcher/dispatcher.go:275.30,279.4 1 0
ssw-logs-capture/internal/dispatcher/dispatcher.go:285.2,286.24 2 9
ssw-logs-capture/internal/dispatcher/dispatcher.go:286.24,289.3 1 9
ssw-logs-capture/internal/dispatcher/dispatcher.go:292.2,336.3 8 9
ssw-logs-capture/internal/dispatcher/dispatcher.go:357.47,363.2 4 6
ssw-logs-capture/internal/dispatcher/dispatcher.go:394.55,398.17 3 7
ssw-logs-capture/internal/dispatcher/dispatcher.go:398.17,400.3 1 0
ssw-logs-capture/internal/dispatcher/dispatcher.go:402.2,412.68 3 7
ssw-logs-capture/internal/dispatcher/dispatcher.go:412.68,413.56 1 1
ssw-logs-capture/internal/dispatcher/dispatcher.go:413.56,415.4 1 0
ssw-logs-capture/internal/dispatcher/dispatcher.go:419.2,419.53 1 7
ssw-logs-capture/internal/dispatcher/dispatcher.go:419.53,420.51 1 0
ssw-logs-capture/internal/dispatcher/dispatcher.go:420.51,422.4 1 0
ssw-logs-capture/internal/dispatcher/dispatcher.go:424.3,424.27 1 0
ssw-logs-capture/internal/dispatcher/dispatcher.go:428.2,428.66 1 7
ssw-logs-capture/internal/dispatcher/dispatcher.go:428.66,430.65 1 0
ssw-logs-capture/internal/dispatcher/dispatcher.go:430.65,431.109 1 0
ssw-logs-capture/internal/dispatcher/dispatcher.go:431.109,433.5 1 0
ssw-logs-capture/internal/dispatcher/dispatcher.go:436.3,437.13 2 0
ssw-logs-capture/internal/dispatcher/dispatcher.go:437.13,439.61 2 0
ssw-logs-capture/internal/dispatcher/dispatcher.go:439.61,441.5 1 0
ssw-logs-capture/internal/dispatcher/dispatcher.go:446.2,446.55 1 7
ssw-logs-capture/internal/dispatcher/dispatcher.go:446.55,448.3 1 0
ssw-logs-capture/internal/dispatcher/dispatcher.go:452.2,452.40 1 7
ssw-logs-capture/internal/dispatcher/dispatcher.go:452.40,454.25 2 11
ssw-logs-capture/internal/dispatcher/dispatcher.go:454.25,457.4 2 11
ssw-logs-capture/internal/dispatcher/dispatcher.go:461.2,462.12 2 7
ssw-logs-capture/internal/dispatcher/dispatcher.go:462.12,465.3 2 7
ssw-logs-capture/internal/dispatcher/dispatcher.go:467.2,467.12 1 7
ssw-logs-capture/internal/dispatcher/dispatcher.go:496.35,498.18 2 7
ssw-logs-capture/internal/dispatcher/dispatcher.go:498.18,501.3 2 0
ssw-logs-capture/internal/dispatcher/dispatcher.go:503.2,508.68 4 7
ssw-logs-capture/internal/dispatcher/dispatcher.go:508.68,509.55 1 1
ssw-logs-capture/internal/dispatcher/dispatcher.go:509.55,511.4 1 0
ssw-logs-capture/internal/dispatcher/dispatcher.go:515.2,515.53 1 7
ssw-logs-capture/internal/dispatcher/dispatcher.go:515.53,516.50 1 0
ssw-logs-capture/internal/dispatcher/dispatcher.go:516.50,518.4 1 0
ssw-logs-capture/internal/dispatcher/dispatcher.go:522.2,529.12 4 7
ssw-logs-capture/internal/dispatcher/dispatcher.go:529.12,532.3 2 7
ssw-logs-capture/internal/dispatcher/dispatcher.go:534.2,534.9 1 7
ssw-logs-capture/internal/dispatcher/dispatcher.go:535.14,536.61 1 7
ssw-logs-capture/internal/dispatcher/dispatcher.go:537.38,538.69 1 0
ssw-logs-capture/internal/dispatcher/dispatcher.go:541.2,541.12 1 7
ssw-logs-capture/internal/dispatcher/dispatcher.go:580.120,581.18 1 307
ssw-logs-capture/internal/dispatcher/dispatcher.go:581.18,583.3 1 0
ssw-logs-capture/internal/dispatcher/dispatcher.go:586.2,586.55 1 307
ssw-logs-capture/internal/dispatcher/dispatcher.go:586.55,587.29 1 0
ssw-logs-capture/internal/dispatcher/dispatcher.go:587.29,592.4 4 0
ssw-logs-capture/internal/dispatcher/dispatcher.go:596.2,596.52 1 307
ssw-logs-capture/internal/dispatcher/dispatcher.go:596.52,602.3 5 0
ssw-logs-capture/internal/dispatcher/dispatcher.go:605.2,605.66 1 307
ssw-logs-capture/internal/dispatcher/dispatcher.go:605.66,610.43 2 0
ssw-logs-capture/internal/dispatcher/dispatcher.go:610.43,615.4 4 0
ssw-logs-capture/internal/dispatcher/dispatcher.go:618.3,618.45 1 0
ssw-logs-capture/internal/dispatcher/dispatcher.go:618.45,621.59 2 0
ssw-logs-capture/internal/dispatcher/dispatcher.go:621.59,629.5 4 0
ssw-logs-capture/internal/dispatcher/dispatcher.go:634.2,635.27 2 307
ssw-logs-capture/internal/dispatcher/dispatcher.go:635.27,637.3 1 400
ssw-logs-capture/internal/dispatcher/dispatcher.go:639.2,649.68 2 307
ssw-logs-capture/internal/dispatcher/dispatcher.go:649.68,652.65 2 2
ssw-logs-capture/internal/dispatcher/dispatcher.go:652.65,654.4 1 0
ssw-logs-capture/internal/dispatcher/dispatcher.go:656.3,656.25 1 2
ssw-logs-capture/internal/dispatcher/dispatcher.go:656.25,657.78 1 2
ssw-logs-capture/internal/dispatcher/dispatcher.go:657.78,665.5 5 1
ssw-logs-capture/internal/dispatcher/dispatcher.go:670.2,671.67 2 306
ssw-logs-capture/internal/dispatcher/dispatcher.go:671.67,682.3 3 0
ssw-logs-capture/internal/dispatcher/dispatcher.go:685.2,685.24 1 306
ssw-logs-capture/internal/dispatcher/dispatcher.go:685.24,688.65 2 0
ssw-logs-capture/internal/dispatcher/dispatcher.go:688.65,690.4 1 0
ssw-logs-capture/internal/dispatcher/dispatcher.go:692.3,692.22 1 0
ssw-logs-capture/internal/dispatcher/dispatcher.go:692.22,694.18 2 0
ssw-logs-capture/internal/dispatcher/dispatcher.go:694.18,702.5 3 0
ssw-logs-capture/internal/dispatcher/dispatcher.go:703.4,703.29 1 0
ssw-logs-capture/internal/dispatcher/dispatcher.go:703.29,705.5 1 0
ssw-logs-capture/internal/dispatcher/dispatcher.go:711.2,717.9 2 306
ssw-logs-capture/internal/dispatcher/dispatcher.go:718.23,719.52 1 250
ssw-logs-capture/internal/dispatcher/dispatcher.go:719.52,723.4 3 250
ssw-logs-capture/internal/dispatcher/dispatcher.go:724.3,724.13 1 250
ssw-logs-capture/internal/dispatcher/dispatcher.go:725.20,726.19 1 0
ssw-logs-capture/internal/dispatcher/dispatcher.go:727.10,729.52 2 56
ssw-logs-capture/internal/dispatcher/dispatcher.go:729.52,731.4 1 56
ssw-logs-capture/internal/dispatcher/dispatcher.go:732.3,732.45 1 56
ssw-logs-capture/internal/dispatcher/dispatcher.go:738.55,740.2 1 1
ssw-logs-capture/internal/dispatcher/dispatcher.go:745.66,747.2 1 0
ssw-logs-capture/internal/dispatcher/dispatcher.go:750.110,751.53 1 0
ssw-logs-capture/internal/dispatcher/dispatcher.go:751.53,757.113 2 0
ssw-logs-capture/internal/dispatcher/dispatcher.go:757.113,769.4 2 0
ssw-logs-capture/internal/dispatcher/dispatcher.go:771.3,779.32 1 0
ssw-logs-capture/internal/dispatcher/dispatcher.go:785.43,790.6 4 11
ssw-logs-capture/internal/dispatcher/dispatcher.go:790.6,791.10 1 77
ssw-logs-capture/internal/dispatcher/dispatcher.go:792.23,793.10 1 11
ssw-logs-capture/internal/dispatcher/dispatcher.go:794.11,798.22 2 66
ssw-logs-capture/internal/dispatcher/dispatcher.go:798.22,801.5 1 29
ssw-logs-capture/internal/dispatcher/dispatcher.go:804.4,804.34 1 66
ssw-logs-capture/internal/dispatcher/dispatcher.go:804.34,809.5 1 2
ssw-logs-capture/internal/dispatcher/dispatcher.go:816.86,817.21 1 29
ssw-logs-capture/internal/dispatcher/dispatcher.go:817.21,819.3 1 0
ssw-logs-capture/internal/dispatcher/dispatcher.go:822.2,830.18 2 29
ssw-logs-capture/internal/dispatcher/dispatcher.go:830.18,833.32 2 250
ssw-logs-capture/internal/dispatcher/dispatcher.go:833.32,834.24 1 250
ssw-logs-capture/internal/dispatcher/dispatcher.go:834.24,837.5 2 250
ssw-logs-capture/internal/dispatcher/dispatcher.go:842.2,842.43 1 29
ssw-logs-capture/internal/dispatcher/dispatcher.go:842.43,845.3 1 1
ssw-logs-capture/internal/dispatcher/dispatcher.go:845.8,845.60 1 28
ssw-logs-capture/internal/dispatcher/dispatcher.go:845.60,848.3 1 0
ssw-logs-capture/internal/dispatcher/dispatcher.go:854.79,855.21 1 0
ssw-logs-capture/internal/dispatcher/dispatcher.go:855.21,857.3 1 0
ssw-logs-capture/internal/dispatcher/dispatcher.go:859.2,864.29 3 0
ssw-logs-capture/internal/dispatcher/dispatcher.go:864.29,866.3 1 0
ssw-logs-capture/internal/dispatcher/dispatcher.go:871.2,871.30 1 0
ssw-logs-capture/internal/dispatcher/dispatcher.go:871.30,876.26 3 0
ssw-logs-capture/internal/dispatcher/dispatcher.go:876.26,877.47 1 0
ssw-logs-capture/internal/dispatcher/dispatcher.go:877.47,878.10 1 0
ssw-logs-capture/internal/dispatcher/dispatcher.go:882.4,882.32 1 0
ssw-logs-capture/internal/dispatcher/dispatcher.go:882.32,883.18 1 0
ssw-logs-capture/internal/dispatcher/dispatcher.go:883.18,884.34 1 0
ssw-logs-capture/internal/dispatcher/dispatcher.go:884.34,889.7 1 0
ssw-logs-capture/internal/dispatcher/dispatcher.go:893.5,894.19 2 0
ssw-logs-capture/internal/dispatcher/dispatcher.go:894.19,898.6 2 0
ssw-logs-capture/internal/dispatcher/dispatcher.go:900.5,900.42 1 0
ssw-logs-capture/internal/dispatcher/dispatcher.go:900.42,911.6 4 0
ssw-logs-capture/internal/dispatcher/dispatcher.go:914.4,914.22 1 0
ssw-logs-capture/internal/dispatcher/dispatcher.go:919.2,923.31 4 0
ssw-logs-capture/internal/dispatcher/dispatcher.go:923.31,924.24 1 0
ssw-logs-capture/internal/dispatcher/dispatcher.go:924.24,926.12 2 0
ssw-logs-capture/internal/dispatcher/dispatcher.go:929.3,933.33 3 0
ssw-logs-capture/internal/dispatcher/dispatcher.go:933.33,935.4 1 0
ssw-logs-capture/internal/dispatcher/dispatcher.go:937.3,941.17 4 0
ssw-logs-capture/internal/dispatcher/dispatcher.go:941.17,943.53 2 0
ssw-logs-capture/internal/dispatcher/dispatcher.go:943.53,945.5 1 0
ssw-logs-capture/internal/dispatcher/dispatcher.go:946.4,946.17 1 0
ssw-logs-capture/internal/dispatcher/dispatcher.go:947.9,951.53 3 0
ssw-logs-capture/internal/dispatcher/dispatcher.go:951.53,953.5 1 0
ssw-logs-capture/internal/dispatcher/dispatcher.go:959.2,959.43 1 0
ssw-logs-capture/internal/dispatcher/dispatcher.go:959.43,967.30 2 0
ssw-logs-capture/internal/dispatcher/dispatcher.go:967.30,969.4 1 0
ssw-logs-capture/internal/dispatcher/dispatcher.go:970.8,970.60 1 0
ssw-logs-capture/internal/dispatcher/dispatcher.go:970.60,973.3 1 0
ssw-logs-capture/internal/dispatcher/dispatcher.go:975.2,979.30 3 0
ssw-logs-capture/internal/dispatcher/dispatcher.go:979.30,992.3 4 0
ssw-logs-capture/internal/dispatcher/dispatcher.go:994.2,998.29 1 0
ssw-logs-capture/internal/dispatcher/dispatcher.go:1002.73,1003.29 1 0
ssw-logs-capture/internal/dispatcher/dispatcher.go:1003.29,1004.41 1 0
ssw-logs-capture/internal/dispatcher/dispatcher.go:1004.41,1010.11 3 0
ssw-logs-capture/internal/dispatcher/dispatcher.go:1011.40,1014.53 2 0
ssw-logs-capture/internal/dispatcher/dispatcher.go:1014.53,1016.19 2 0
ssw-logs-capture/internal/dispatcher/dispatcher.go:1016.19,1016.41 1 0
ssw-logs-capture/internal/dispatcher/dispatcher.go:1019.6,1020.19 2 0
ssw-logs-capture/internal/dispatcher/dispatcher.go:1020.19,1022.24 1 0
ssw-logs-capture/internal/dispatcher/dispatcher.go:1022.24,1023.15 1 0
ssw-logs-capture/internal/dispatcher/dispatcher.go:1024.23,1024.23 0 0
ssw-logs-capture/internal/dispatcher/dispatcher.go:1025.16,1025.16 0 0
ssw-logs-capture/internal/dispatcher/dispatcher.go:1030.6,1030.13 1 0
ssw-logs-capture/internal/dispatcher/dispatcher.go:1031.21,1033.14 1 0
ssw-logs-capture/internal/dispatcher/dispatcher.go:1034.28,1036.90 1 0
ssw-logs-capture/internal/dispatcher/dispatcher.go:1037.27,1039.14 1 0
ssw-logs-capture/internal/dispatcher/dispatcher.go:1040.15,1043.97 2 0
ssw-logs-capture/internal/dispatcher/dispatcher.go:1045.26,1047.13 1 0
ssw-logs-capture/internal/dispatcher/dispatcher.go:1051.12,1061.58 3 0
ssw-logs-capture/internal/dispatcher/dispatcher.go:1063.9,1075.4 2 0
ssw-logs-capture/internal/dispatcher/dispatcher.go:1080.58,1082.21 1 250
ssw-logs-capture/internal/dispatcher/dispatcher.go:1083.10,1084.19 1 250
ssw-logs-capture/internal/dispatcher/dispatcher.go:1089.35,1093.6 3 7
ssw-logs-capture/internal/dispatcher/dispatcher.go:1093.6,1094.10 1 7
ssw-logs-capture/internal/dispatcher/dispatcher.go:1095.26,1098.11 2 0
ssw-logs-capture/internal/dispatcher/dispatcher.go:1099.11,1101.17 1 7
ssw-logs-capture/internal/dispatcher/dispatcher.go:1101.17,1103.5 1 0
ssw-logs-capture/internal/dispatcher/dispatcher.go:1104.4,1104.10 1 7
ssw-logs-capture/internal/dispatcher/dispatcher.go:1111.37,1115.2 1 7
ssw-logs-capture/internal/dispatcher/dispatcher.go:1119.67,1121.2 1 306
ssw-logs-capture/internal/dispatcher/dispatcher.go:1124.48,1127.2 1 0
ssw-logs-capture/internal/dispatcher/dispatcher.go:1131.50,1132.34 1 0
ssw-logs-capture/internal/dispatcher/dispatcher.go:1132.34,1134.3 1 0
ssw-logs-capture/internal/dispatcher/dispatcher.go:1135.2,1135.67 1 0
ssw-logs-capture/internal/dispatcher/dispatcher.go:1139.136,1141.53 1 0
ssw-logs-capture/internal/dispatcher/dispatcher.go:1141.53,1144.28 2 0
ssw-logs-capture/internal/dispatcher/dispatcher.go:1144.28,1146.4 1 0
ssw-logs-capture/internal/dispatcher/dispatcher.go:1148.3,1162.18 3 0
ssw-logs-capture/internal/dispatcher/dispatcher.go:1162.18,1165.4 2 0
ssw-logs-capture/internal/dispatcher/dispatcher.go:1166.3,1166.13 1 0
ssw-logs-capture/internal/dispatcher/dispatcher.go:1170.2,1177.9 2 0
ssw-logs-capture/internal/dispatcher/dispatcher.go:1178.43,1180.81 1 0
ssw-logs-capture/internal/dispatcher/dispatcher.go:1181.20,1182.19 1 0
ssw-logs-capture/internal/dispatcher/dispatcher.go:1187.139,1188.18 1 0
ssw-logs-capture/internal/dispatcher/dispatcher.go:1188.18,1190.3 1 0
ssw-logs-capture/internal/dispatcher/dispatcher.go:1193.2,1194.27 2 0
ssw-logs-capture/internal/dispatcher/dispatcher.go:1194.27,1196.3 1 0
ssw-logs-capture/internal/dispatcher/dispatcher.go:1198.2,1208.24 2 0
ssw-logs-capture/internal/dispatcher/dispatcher.go:1208.24,1210.17 2 0
ssw-logs-capture/internal/dispatcher/dispatcher.go:1210.17,1217.4 2 0
ssw-logs-capture/internal/dispatcher/dispatcher.go:1218.3,1218.28 1 0
ssw-logs-capture/internal/dispatcher/dispatcher.go:1218.28,1220.4 1 0
ssw-logs-capture/internal/dispatcher/dispatcher.go:1225.2,1231.9 2 0
ssw-logs-capture/internal/dispatcher/dispatcher.go:1232.23,1233.52 1 0
ssw-logs-capture/internal/dispatcher/dispatcher.go:1233.52,1237.4 3 0
ssw-logs-capture/internal/dispatcher/dispatcher.go:1238.3,1238.13 1 0
ssw-logs-capture/internal/dispatcher/dispatcher.go:1239.20,1240.19 1 0
ssw-logs-capture/internal/dispatcher/dispatcher.go:1241.37,1243.52 1 0
ssw-logs-capture/internal/dispatcher/dispatcher.go:1243.52,1245.4 1 0
ssw-logs-capture/internal/dispatcher/dispatcher.go:1246.3,1246.58 1 0
ssw-logs-capture/internal/dispatcher/dispatcher.go:1251.52,1253.2 1 0
ssw-logs-capture/internal/dispatcher/dispatcher.go:1256.76,1260.2 3 0
ssw-logs-capture/internal/dispatcher/dispatcher.go:1263.45,1264.53 1 0
ssw-logs-capture/internal/dispatcher/dispatcher.go:1264.53,1268.3 2 0
ssw-logs-capture/internal/dispatcher/dispatcher.go:1272.89,1286.23 5 0
ssw-logs-capture/internal/dispatcher/dispatcher.go:1286.23,1289.3 1 0
ssw-logs-capture/internal/dispatcher/dispatcher.go:1292.2,1292.29 1 0
ssw-logs-capture/internal/dispatcher/dispatcher.go:1292.29,1294.3 1 0
ssw-logs-capture/internal/dispatcher/dispatcher.go:1297.2,1297.70 1 0
ssw-logs-capture/internal/dispatcher/dispatcher.go:1297.70,1306.3 2 0
ssw-logs-capture/internal/dispatcher/dispatcher.go:1308.2,1314.12 2 0
ssw-logs-capture/internal/dispatcher/dispatcher.go:1318.65,1327.31 4 0
ssw-logs-capture/internal/dispatcher/dispatcher.go:1327.31,1328.23 1 0
ssw-logs-capture/internal/dispatcher/dispatcher.go:1328.23,1330.4 1 0
ssw-logs-capture/internal/dispatcher/dispatcher.go:1333.2,1333.12 1 0
ssw-logs-capture/internal/dispatcher/dispatcher.go:1337.90,1340.31 3 0
ssw-logs-capture/internal/dispatcher/dispatcher.go:1340.31,1341.23 1 0
ssw-logs-capture/internal/dispatcher/dispatcher.go:1341.23,1343.4 1 0
ssw-logs-capture/internal/dispatcher/dispatcher.go:1345.2,1347.28 2 0
ssw-logs-capture/internal/dispatcher/dispatcher.go:1347.28,1349.3 1 0
ssw-logs-capture/internal/dispatcher/dispatcher.go:1352.2,1353.36 2 0
ssw-logs-capture/internal/dispatcher/dispatcher.go:1353.36,1354.65 1 0
ssw-logs-capture/internal/dispatcher/dispatcher.go:1354.65,1360.12 3 0
ssw-logs-capture/internal/dispatcher/dispatcher.go:1363.3,1368.13 2 0
ssw-logs-capture/internal/dispatcher/dispatcher.go:1371.2,1371.81 1 0
ssw-logs-capture/internal/dispatcher/retry_manager.go:35.17,45.2 1 18
ssw-logs-capture/internal/dispatcher/retry_manager.go:53.103,54.29 1 3
ssw-logs-capture/internal/dispatcher/retry_manager.go:54.29,55.42 1 12
ssw-logs-capture/internal/dispatcher/retry_manager.go:55.42,57.4 1 11
ssw-logs-capture/internal/dispatcher/retry_manager.go:57.9,59.4 1 1
ssw-logs-capture/internal/dispatcher/retry_manager.go:64.85,69.9 3 67
ssw-logs-capture/internal/dispatcher/retry_manager.go:70.39,73.45 2 30
ssw-logs-capture/internal/dispatcher/retry_manager.go:75.10,86.56 3 37
ssw-logs-capture/internal/dispatcher/retry_manager.go:91.104,93.15 2 30
ssw-logs-capture/internal/dispatcher/retry_manager.go:93.15,93.38 1 30
ssw-logs-capture/internal/dispatcher/retry_manager.go:95.2,96.15 2 30
ssw-logs-capture/internal/dispatcher/retry_manager.go:96.15,97.20 1 30
ssw-logs-capture/internal/dispatcher/retry_manager.go:97.20,98.11 1 24
ssw-logs-capture/internal/dispatcher/retry_manager.go:99.19,99.19 0 0
ssw-logs-capture/internal/dispatcher/retry_manager.go:100.12,100.12 0 24
ssw-logs-capture/internal/dispatcher/retry_manager.go:105.2,105.9 1 30
ssw-logs-capture/internal/dispatcher/retry_manager.go:106.17,108.10 1 24
ssw-logs-capture/internal/dispatcher/retry_manager.go:109.22,110.87 1 24
ssw-logs-capture/internal/dispatcher/retry_manager.go:111.24,113.10 1 0
ssw-logs-capture/internal/dispatcher/retry_manager.go:114.11,117.93 2 0
ssw-logs-capture/internal/dispatcher/retry_manager.go:120.23,122.9 1 6
ssw-logs-capture/internal/dispatcher/retry_manager.go:127.95,128.55 1 41
ssw-logs-capture/internal/dispatcher/retry_manager.go:128.55,143.20 3 10
ssw-logs-capture/internal/dispatcher/retry_manager.go:143.20,155.4 2 0
ssw-logs-capture/internal/dispatcher/retry_manager.go:157.3,164.32 1 10
ssw-logs-capture/internal/dispatcher/retry_manager.go:169.64,179.2 3 3
ssw-logs-capture/internal/dispatcher/retry_manager.go:185.79,190.29 2 2
ssw-logs-capture/internal/dispatcher/retry_manager.go:190.29,192.3 1 3
ssw-logs-capture/internal/dispatcher/stats_collector.go:33.19,41.2 1 23
ssw-logs-capture/internal/dispatcher/stats_collector.go:44.72,48.2 3 1828
ssw-logs-capture/internal/dispatcher/stats_collector.go:51.60,60.46 5 9
ssw-logs-capture/internal/dispatcher/stats_collector.go:60.46,62.3 1 4
ssw-logs-capture/internal/dispatcher/stats_collector.go:64.2,64.18 1 9
ssw-logs-capture/internal/dispatcher/stats_collector.go:75.109,82.6 5 10
ssw-logs-capture/internal/dispatcher/stats_collector.go:82.6,83.10 1 10
ssw-logs-capture/internal/dispatcher/stats_collector.go:84.21,85.10 1 10
ssw-logs-capture/internal/dispatcher/stats_collector.go:87.19,97.20 7 0
ssw-logs-capture/internal/dispatcher/stats_collector.go:97.20,101.5 3 0
ssw-logs-capture/internal/dispatcher/stats_collector.go:103.4,112.28 6 0
ssw-logs-capture/internal/dispatcher/stats_collector.go:112.28,120.31 5 0
ssw-logs-capture/internal/dispatcher/stats_collector.go:120.31,126.6 1 0
ssw-logs-capture/internal/dispatcher/stats_collector.go:140.96,141.32 1 2
ssw-logs-capture/internal/dispatcher/stats_collector.go:141.32,143.3 1 1
ssw-logs-capture/internal/dispatcher/stats_collector.go:146.2,160.29 10 1
ssw-logs-capture/internal/dispatcher/stats_collector.go:160.29,162.3 1 0
ssw-logs-capture/internal/dispatcher/stats_collector.go:165.2,170.24 4 1
ssw-logs-capture/internal/dispatcher/stats_collector.go:170.24,172.3 1 1
ssw-logs-capture/internal/dispatcher/stats_collector.go:175.2,181.4 1 1
ssw-logs-capture/internal/dispatcher/stats_collector.go:185.48,186.52 1 255
ssw-logs-capture/internal/dispatcher/stats_collector.go:186.52,189.3 2 255
ssw-logs-capture/internal/dispatcher/stats_collector.go:193.45,194.52 1 3
ssw-logs-capture/internal/dispatcher/stats_collector.go:194.52,196.3 1 3
ssw-logs-capture/internal/dispatcher/stats_collector.go:200.48,201.52 1 7
ssw-logs-capture/internal/dispatcher/stats_collector.go:201.52,203.3 1 7
ssw-logs-capture/internal/dispatcher/stats_collector.go:207.45,208.52 1 1
ssw-logs-capture/internal/dispatcher/stats_collector.go:208.52,210.3 1 1
ssw-logs-capture/internal/dispatcher/stats_collector.go:214.78,215.52 1 253
ssw-logs-capture/internal/dispatcher/stats_collector.go:215.52,217.3 1 253
