mode: atomic
ssw-logs-capture/internal/monitors/container_monitor.go:44.48,50.2 1 8
ssw-logs-capture/internal/monitors/container_monitor.go:53.76,54.9 1 163
ssw-logs-capture/internal/monitors/container_monitor.go:55.40,69.13 7 110
ssw-logs-capture/internal/monitors/container_monitor.go:70.10,71.85 1 53
ssw-logs-capture/internal/monitors/container_monitor.go:76.55,87.2 7 56
ssw-logs-capture/internal/monitors/container_monitor.go:90.58,94.59 3 1
ssw-logs-capture/internal/monitors/container_monitor.go:94.59,96.3 1 1
ssw-logs-capture/internal/monitors/container_monitor.go:100.44,104.2 3 14
ssw-logs-capture/internal/monitors/container_monitor.go:144.262,171.21 5 0
ssw-logs-capture/internal/monitors/container_monitor.go:171.21,182.3 1 0
ssw-logs-capture/internal/monitors/container_monitor.go:185.2,196.16 3 0
ssw-logs-capture/internal/monitors/container_monitor.go:196.16,198.3 1 0
ssw-logs-capture/internal/monitors/container_monitor.go:200.2,222.8 4 0
ssw-logs-capture/internal/monitors/container_monitor.go:226.62,227.24 1 0
ssw-logs-capture/internal/monitors/container_monitor.go:227.24,230.3 2 0
ssw-logs-capture/internal/monitors/container_monitor.go:232.2,235.18 3 0
ssw-logs-capture/internal/monitors/container_monitor.go:235.18,237.3 1 0
ssw-logs-capture/internal/monitors/container_monitor.go:239.2,243.51 3 0
ssw-logs-capture/internal/monitors/container_monitor.go:243.51,245.3 1 0
ssw-logs-capture/internal/monitors/container_monitor.go:248.2,248.91 1 0
ssw-logs-capture/internal/monitors/container_monitor.go:248.91,250.3 1 0
ssw-logs-capture/internal/monitors/container_monitor.go:253.2,253.89 1 0
ssw-logs-capture/internal/monitors/container_monitor.go:253.89,255.3 1 0
ssw-logs-capture/internal/monitors/container_monitor.go:258.2,258.100 1 0
ssw-logs-capture/internal/monitors/container_monitor.go:258.100,260.3 1 0
ssw-logs-capture/internal/monitors/container_monitor.go:262.2,262.12 1 0
ssw-logs-capture/internal/monitors/container_monitor.go:266.42,270.19 3 0
ssw-logs-capture/internal/monitors/container_monitor.go:270.19,272.3 1 0
ssw-logs-capture/internal/monitors/container_monitor.go:274.2,287.35 8 0
ssw-logs-capture/internal/monitors/container_monitor.go:287.35,289.3 1 0
ssw-logs-capture/internal/monitors/container_monitor.go:290.2,290.34 1 0
ssw-logs-capture/internal/monitors/container_monitor.go:290.34,292.3 1 0
ssw-logs-capture/internal/monitors/container_monitor.go:295.2,295.26 1 0
ssw-logs-capture/internal/monitors/container_monitor.go:295.26,297.3 1 0
ssw-logs-capture/internal/monitors/container_monitor.go:299.2,299.12 1 0
ssw-logs-capture/internal/monitors/container_monitor.go:303.46,307.2 3 0
ssw-logs-capture/internal/monitors/container_monitor.go:310.61,319.2 3 0
ssw-logs-capture/internal/monitors/container_monitor.go:322.59,326.2 1 0
ssw-logs-capture/internal/monitors/container_monitor.go:329.68,332.44 2 0
ssw-logs-capture/internal/monitors/container_monitor.go:332.44,334.3 1 0
ssw-logs-capture/internal/monitors/container_monitor.go:334.8,336.3 1 0
ssw-logs-capture/internal/monitors/container_monitor.go:340.2,343.6 3 0
ssw-logs-capture/internal/monitors/container_monitor.go:343.6,344.10 1 0
ssw-logs-capture/internal/monitors/container_monitor.go:345.21,346.14 1 0
ssw-logs-capture/internal/monitors/container_monitor.go:347.19,349.49 1 0
ssw-logs-capture/internal/monitors/container_monitor.go:355.67,369.6 7 0
ssw-logs-capture/internal/monitors/container_monitor.go:369.6,370.10 1 0
ssw-logs-capture/internal/monitors/container_monitor.go:371.21,373.14 2 0
ssw-logs-capture/internal/monitors/container_monitor.go:375.29,376.31 1 0
ssw-logs-capture/internal/monitors/container_monitor.go:378.25,379.18 1 0
ssw-logs-capture/internal/monitors/container_monitor.go:379.18,384.12 3 0
ssw-logs-capture/internal/monitors/container_monitor.go:385.23,386.16 1 0
ssw-logs-capture/internal/monitors/container_monitor.go:387.40,392.56 2 0
ssw-logs-capture/internal/monitors/container_monitor.go:396.28,397.48 1 0
ssw-logs-capture/internal/monitors/container_monitor.go:403.72,407.6 3 0
ssw-logs-capture/internal/monitors/container_monitor.go:407.6,408.10 1 0
ssw-logs-capture/internal/monitors/container_monitor.go:409.21,410.14 1 0
ssw-logs-capture/internal/monitors/container_monitor.go:411.19,412.30 1 0
ssw-logs-capture/internal/monitors/container_monitor.go:416.3,416.53 1 0
ssw-logs-capture/internal/monitors/container_monitor.go:421.52,426.16 4 0
ssw-logs-capture/internal/monitors/container_monitor.go:426.16,428.3 1 0
ssw-logs-capture/internal/monitors/container_monitor.go:430.2,435.45 4 0
ssw-logs-capture/internal/monitors/container_monitor.go:435.45,440.55 3 0
ssw-logs-capture/internal/monitors/container_monitor.go:440.55,442.4 1 0
ssw-logs-capture/internal/monitors/container_monitor.go:447.2,448.32 2 0
ssw-logs-capture/internal/monitors/container_monitor.go:448.32,449.29 1 0
ssw-logs-capture/internal/monitors/container_monitor.go:449.29,451.4 1 0
ssw-logs-capture/internal/monitors/container_monitor.go:453.2,453.30 1 0
ssw-logs-capture/internal/monitors/container_monitor.go:453.30,455.3 1 0
ssw-logs-capture/internal/monitors/container_monitor.go:458.2,460.12 2 0
ssw-logs-capture/internal/monitors/container_monitor.go:464.69,474.22 4 0
ssw-logs-capture/internal/monitors/container_monitor.go:475.15,484.78 3 0
ssw-logs-capture/internal/monitors/container_monitor.go:484.78,487.11 2 0
ssw-logs-capture/internal/monitors/container_monitor.go:488.39,490.44 1 0
ssw-logs-capture/internal/monitors/container_monitor.go:491.22,492.21 1 0
ssw-logs-capture/internal/monitors/container_monitor.go:496.21,507.55 5 0
ssw-logs-capture/internal/monitors/container_monitor.go:509.17,516.32 2 0
ssw-logs-capture/internal/monitors/container_monitor.go:516.32,518.4 1 0
ssw-logs-capture/internal/monitors/container_monitor.go:520.3,520.57 1 0
ssw-logs-capture/internal/monitors/container_monitor.go:522.15,529.54 2 0
ssw-logs-capture/internal/monitors/container_monitor.go:531.17,538.56 2 0
ssw-logs-capture/internal/monitors/container_monitor.go:543.72,553.16 4 0
ssw-logs-capture/internal/monitors/container_monitor.go:553.16,556.3 2 0
ssw-logs-capture/internal/monitors/container_monitor.go:558.2,558.26 1 0
ssw-logs-capture/internal/monitors/container_monitor.go:558.26,561.3 2 0
ssw-logs-capture/internal/monitors/container_monitor.go:563.2,569.53 4 0
ssw-logs-capture/internal/monitors/container_monitor.go:569.53,572.3 2 0
ssw-logs-capture/internal/monitors/container_monitor.go:575.2,577.12 2 0
ssw-logs-capture/internal/monitors/container_monitor.go:581.96,586.37 3 0
ssw-logs-capture/internal/monitors/container_monitor.go:586.37,588.54 2 0
ssw-logs-capture/internal/monitors/container_monitor.go:588.54,589.43 1 0
ssw-logs-capture/internal/monitors/container_monitor.go:589.43,591.10 2 0
ssw-logs-capture/internal/monitors/container_monitor.go:594.3,594.13 1 0
ssw-logs-capture/internal/monitors/container_monitor.go:594.13,596.4 1 0
ssw-logs-capture/internal/monitors/container_monitor.go:600.2,600.53 1 0
ssw-logs-capture/internal/monitors/container_monitor.go:600.53,601.42 1 0
ssw-logs-capture/internal/monitors/container_monitor.go:601.42,603.4 1 0
ssw-logs-capture/internal/monitors/container_monitor.go:607.2,607.38 1 0
ssw-logs-capture/internal/monitors/container_monitor.go:607.38,608.51 1 0
ssw-logs-capture/internal/monitors/container_monitor.go:608.51,610.15 2 0
ssw-logs-capture/internal/monitors/container_monitor.go:610.15,612.5 1 0
ssw-logs-capture/internal/monitors/container_monitor.go:613.4,613.42 1 0
ssw-logs-capture/internal/monitors/container_monitor.go:613.42,615.5 1 0
ssw-logs-capture/internal/monitors/container_monitor.go:620.2,620.50 1 0
ssw-logs-capture/internal/monitors/container_monitor.go:620.50,622.13 2 0
ssw-logs-capture/internal/monitors/container_monitor.go:622.13,623.42 1 0
ssw-logs-capture/internal/monitors/container_monitor.go:623.42,625.5 1 0
ssw-logs-capture/internal/monitors/container_monitor.go:629.2,629.13 1 0
ssw-logs-capture/internal/monitors/container_monitor.go:633.93,637.49 2 0
ssw-logs-capture/internal/monitors/container_monitor.go:637.49,644.3 2 0
ssw-logs-capture/internal/monitors/container_monitor.go:647.2,663.50 5 0
ssw-logs-capture/internal/monitors/container_monitor.go:663.50,664.65 1 0
ssw-logs-capture/internal/monitors/container_monitor.go:664.65,666.21 1 0
ssw-logs-capture/internal/monitors/container_monitor.go:667.38,668.38 1 0
ssw-logs-capture/internal/monitors/container_monitor.go:669.47,670.31 1 0
ssw-logs-capture/internal/monitors/container_monitor.go:674.4,674.25 1 0
ssw-logs-capture/internal/monitors/container_monitor.go:674.25,675.10 1 0
ssw-logs-capture/internal/monitors/container_monitor.go:681.2,682.31 2 0
ssw-logs-capture/internal/monitors/container_monitor.go:682.31,687.3 3 0
ssw-logs-capture/internal/monitors/container_monitor.go:689.2,702.77 4 0
ssw-logs-capture/internal/monitors/container_monitor.go:702.77,704.3 1 0
ssw-logs-capture/internal/monitors/container_monitor.go:707.2,714.41 3 0
ssw-logs-capture/internal/monitors/container_monitor.go:718.73,720.13 2 0
ssw-logs-capture/internal/monitors/container_monitor.go:720.13,722.3 1 0
ssw-logs-capture/internal/monitors/container_monitor.go:724.2,730.22 2 0
ssw-logs-capture/internal/monitors/container_monitor.go:730.22,732.3 1 0
ssw-logs-capture/internal/monitors/container_monitor.go:735.2,735.22 1 0
ssw-logs-capture/internal/monitors/container_monitor.go:735.22,737.3 1 0
ssw-logs-capture/internal/monitors/container_monitor.go:740.2,744.31 3 0
ssw-logs-capture/internal/monitors/container_monitor.go:744.31,746.3 1 0
ssw-logs-capture/internal/monitors/container_monitor.go:749.2,758.41 4 0
ssw-logs-capture/internal/monitors/container_monitor.go:762.97,764.66 1 0
ssw-logs-capture/internal/monitors/container_monitor.go:764.66,771.3 3 0
ssw-logs-capture/internal/monitors/container_monitor.go:772.2,776.15 4 0
ssw-logs-capture/internal/monitors/container_monitor.go:776.15,780.3 2 0
ssw-logs-capture/internal/monitors/container_monitor.go:783.2,785.12 3 0
ssw-logs-capture/internal/monitors/container_monitor.go:785.12,791.7 4 0
ssw-logs-capture/internal/monitors/container_monitor.go:791.7,792.11 1 0
ssw-logs-capture/internal/monitors/container_monitor.go:793.31,794.11 1 0
ssw-logs-capture/internal/monitors/container_monitor.go:795.29,796.39 1 0
ssw-logs-capture/internal/monitors/container_monitor.go:802.2,811.6 2 0
ssw-logs-capture/internal/monitors/container_monitor.go:811.6,812.10 1 0
ssw-logs-capture/internal/monitors/container_monitor.go:813.30,814.14 1 0
ssw-logs-capture/internal/monitors/container_monitor.go:815.11,824.18 4 0
ssw-logs-capture/internal/monitors/container_monitor.go:824.18,830.12 4 0
ssw-logs-capture/internal/monitors/container_monitor.go:831.32,832.16 1 0
ssw-logs-capture/internal/monitors/container_monitor.go:833.40,834.14 1 0
ssw-logs-capture/internal/monitors/container_monitor.go:838.4,851.43 6 0
ssw-logs-capture/internal/monitors/container_monitor.go:851.43,862.5 3 0
ssw-logs-capture/internal/monitors/container_monitor.go:862.10,862.29 1 0
ssw-logs-capture/internal/monitors/container_monitor.go:862.29,864.36 1 0
ssw-logs-capture/internal/monitors/container_monitor.go:864.36,868.6 2 0
ssw-logs-capture/internal/monitors/container_monitor.go:871.5,877.52 2 0
ssw-logs-capture/internal/monitors/container_monitor.go:881.4,881.34 1 0
ssw-logs-capture/internal/monitors/container_monitor.go:881.34,883.5 1 0
ssw-logs-capture/internal/monitors/container_monitor.go:886.4,886.29 1 0
ssw-logs-capture/internal/monitors/container_monitor.go:886.29,888.5 1 0
ssw-logs-capture/internal/monitors/container_monitor.go:888.10,890.5 1 0
ssw-logs-capture/internal/monitors/container_monitor.go:893.4,893.11 1 0
ssw-logs-capture/internal/monitors/container_monitor.go:894.31,895.15 1 0
ssw-logs-capture/internal/monitors/container_monitor.go:896.46,896.46 0 0
ssw-logs-capture/internal/monitors/container_monitor.go:904.116,918.12 7 0
ssw-logs-capture/internal/monitors/container_monitor.go:918.12,920.7 2 0
ssw-logs-capture/internal/monitors/container_monitor.go:920.7,926.13 4 0
ssw-logs-capture/internal/monitors/container_monitor.go:926.13,929.5 2 0
ssw-logs-capture/internal/monitors/container_monitor.go:931.4,931.11 1 0
ssw-logs-capture/internal/monitors/container_monitor.go:932.52,933.19 1 0
ssw-logs-capture/internal/monitors/container_monitor.go:933.19,935.6 1 0
ssw-logs-capture/internal/monitors/container_monitor.go:936.22,937.11 1 0
ssw-logs-capture/internal/monitors/container_monitor.go:942.2,942.6 1 0
ssw-logs-capture/internal/monitors/container_monitor.go:942.6,945.10 2 0
ssw-logs-capture/internal/monitors/container_monitor.go:946.21,947.20 1 0
ssw-logs-capture/internal/monitors/container_monitor.go:948.26,948.26 0 0
ssw-logs-capture/internal/monitors/container_monitor.go:952.3,955.20 3 0
ssw-logs-capture/internal/monitors/container_monitor.go:955.20,967.31 6 0
ssw-logs-capture/internal/monitors/container_monitor.go:967.31,968.19 1 0
ssw-logs-capture/internal/monitors/container_monitor.go:968.19,969.14 1 0
ssw-logs-capture/internal/monitors/container_monitor.go:973.5,973.56 1 0
ssw-logs-capture/internal/monitors/container_monitor.go:973.56,975.6 1 0
ssw-logs-capture/internal/monitors/container_monitor.go:978.5,978.54 1 0
ssw-logs-capture/internal/monitors/container_monitor.go:978.54,979.77 1 0
ssw-logs-capture/internal/monitors/container_monitor.go:979.77,981.7 1 0
ssw-logs-capture/internal/monitors/container_monitor.go:984.5,985.19 2 0
ssw-logs-capture/internal/monitors/container_monitor.go:985.19,986.14 1 0
ssw-logs-capture/internal/monitors/container_monitor.go:990.5,1022.37 5 0
ssw-logs-capture/internal/monitors/container_monitor.go:1022.37,1024.54 2 0
ssw-logs-capture/internal/monitors/container_monitor.go:1024.54,1031.15 2 0
ssw-logs-capture/internal/monitors/container_monitor.go:1035.5,1035.95 1 0
ssw-logs-capture/internal/monitors/container_monitor.go:1035.95,1038.6 2 0
ssw-logs-capture/internal/monitors/container_monitor.go:1038.11,1044.26 3 0
ssw-logs-capture/internal/monitors/container_monitor.go:1044.26,1051.7 1 0
ssw-logs-capture/internal/monitors/container_monitor.go:1055.5,1055.72 1 0
ssw-logs-capture/internal/monitors/container_monitor.go:1059.4,1059.49 1 0
ssw-logs-capture/internal/monitors/container_monitor.go:1059.49,1064.5 3 0
ssw-logs-capture/internal/monitors/container_monitor.go:1068.3,1068.17 1 0
ssw-logs-capture/internal/monitors/container_monitor.go:1068.17,1069.21 1 0
ssw-logs-capture/internal/monitors/container_monitor.go:1069.21,1071.5 1 0
ssw-logs-capture/internal/monitors/container_monitor.go:1072.4,1072.14 1 0
ssw-logs-capture/internal/monitors/container_monitor.go:1078.70,1084.2 4 0
ssw-logs-capture/internal/monitors/container_monitor.go:1087.79,1102.16 6 0
ssw-logs-capture/internal/monitors/container_monitor.go:1102.16,1104.3 1 0
ssw-logs-capture/internal/monitors/container_monitor.go:1105.2,1110.14 4 0
ssw-logs-capture/internal/monitors/container_monitor.go:1114.53,1117.35 3 0
ssw-logs-capture/internal/monitors/container_monitor.go:1117.35,1119.3 1 0
ssw-logs-capture/internal/monitors/container_monitor.go:1120.2,1122.32 2 0
ssw-logs-capture/internal/monitors/container_monitor.go:1122.32,1124.33 1 0
ssw-logs-capture/internal/monitors/container_monitor.go:1124.33,1128.12 4 0
ssw-logs-capture/internal/monitors/container_monitor.go:1132.3,1133.41 2 0
ssw-logs-capture/internal/monitors/container_monitor.go:1133.41,1140.21 4 0
ssw-logs-capture/internal/monitors/container_monitor.go:1140.21,1145.43 3 0
ssw-logs-capture/internal/monitors/container_monitor.go:1145.43,1162.44 5 0
ssw-logs-capture/internal/monitors/container_monitor.go:1162.44,1165.15 3 0
ssw-logs-capture/internal/monitors/container_monitor.go:1169.6,1176.14 4 0
ssw-logs-capture/internal/monitors/container_monitor.go:1180.4,1187.29 1 0
ssw-logs-capture/internal/monitors/container_monitor.go:1193.25,1196.16 2 0
ssw-logs-capture/internal/monitors/container_monitor.go:1196.16,1198.3 1 0
ssw-logs-capture/internal/monitors/container_monitor.go:1200.2,1200.35 1 0
ssw-logs-capture/internal/monitors/container_monitor.go:1200.35,1201.71 1 0
ssw-logs-capture/internal/monitors/container_monitor.go:1201.71,1202.12 1 0
ssw-logs-capture/internal/monitors/container_monitor.go:1205.3,1206.17 2 0
ssw-logs-capture/internal/monitors/container_monitor.go:1206.17,1207.12 1 0
ssw-logs-capture/internal/monitors/container_monitor.go:1210.3,1210.30 1 0
ssw-logs-capture/internal/monitors/container_monitor.go:1210.30,1211.68 1 0
ssw-logs-capture/internal/monitors/container_monitor.go:1211.68,1212.30 1 0
ssw-logs-capture/internal/monitors/container_monitor.go:1212.30,1214.6 1 0
ssw-logs-capture/internal/monitors/container_monitor.go:1219.2,1219.18 1 0
ssw-logs-capture/internal/monitors/container_monitor.go:1223.27,1225.16 2 0
ssw-logs-capture/internal/monitors/container_monitor.go:1225.16,1227.3 1 0
ssw-logs-capture/internal/monitors/container_monitor.go:1228.2,1228.17 1 0
ssw-logs-capture/internal/monitors/container_monitor.go:1232.68,1256.27 3 0
ssw-logs-capture/internal/monitors/container_monitor.go:1256.27,1257.26 1 0
ssw-logs-capture/internal/monitors/container_monitor.go:1257.26,1259.4 1 0
ssw-logs-capture/internal/monitors/container_monitor.go:1263.2,1268.15 5 0
ssw-logs-capture/internal/monitors/file_monitor.go:63.250,65.16 2 0
ssw-logs-capture/internal/monitors/file_monitor.go:65.16,67.3 1 0
ssw-logs-capture/internal/monitors/file_monitor.go:69.2,113.16 7 0
ssw-logs-capture/internal/monitors/file_monitor.go:117.57,118.24 1 0
ssw-logs-capture/internal/monitors/file_monitor.go:118.24,121.3 2 0
ssw-logs-capture/internal/monitors/file_monitor.go:123.2,126.18 3 0
ssw-logs-capture/internal/monitors/file_monitor.go:126.18,128.3 1 0
ssw-logs-capture/internal/monitors/file_monitor.go:130.2,134.31 3 0
ssw-logs-capture/internal/monitors/file_monitor.go:134.31,135.52 1 0
ssw-logs-capture/internal/monitors/file_monitor.go:135.52,137.4 1 0
ssw-logs-capture/internal/monitors/file_monitor.go:138.8,140.3 1 0
ssw-logs-capture/internal/monitors/file_monitor.go:143.2,144.12 2 0
ssw-logs-capture/internal/monitors/file_monitor.go:144.12,149.10 3 0
ssw-logs-capture/internal/monitors/file_monitor.go:150.38,150.38 0 0
ssw-logs-capture/internal/monitors/file_monitor.go:152.24,154.10 2 0
ssw-logs-capture/internal/monitors/file_monitor.go:157.3,158.44 2 0
ssw-logs-capture/internal/monitors/file_monitor.go:158.44,160.4 1 0
ssw-logs-capture/internal/monitors/file_monitor.go:160.9,162.4 1 0
ssw-logs-capture/internal/monitors/file_monitor.go:164.3,164.55 1 0
ssw-logs-capture/internal/monitors/file_monitor.go:168.2,168.86 1 0
ssw-logs-capture/internal/monitors/file_monitor.go:168.86,170.3 1 0
ssw-logs-capture/internal/monitors/file_monitor.go:172.2,172.12 1 0
ssw-logs-capture/internal/monitors/file_monitor.go:176.37,178.19 2 0
ssw-logs-capture/internal/monitors/file_monitor.go:178.19,181.3 2 0
ssw-logs-capture/internal/monitors/file_monitor.go:183.2,192.12 6 0
ssw-logs-capture/internal/monitors/file_monitor.go:192.12,195.3 2 0
ssw-logs-capture/internal/monitors/file_monitor.go:197.2,197.9 1 0
ssw-logs-capture/internal/monitors/file_monitor.go:198.14,199.64 1 0
ssw-logs-capture/internal/monitors/file_monitor.go:200.38,201.72 1 0
ssw-logs-capture/internal/monitors/file_monitor.go:205.2,208.31 2 0
ssw-logs-capture/internal/monitors/file_monitor.go:208.31,210.3 1 0
ssw-logs-capture/internal/monitors/file_monitor.go:213.2,213.23 1 0
ssw-logs-capture/internal/monitors/file_monitor.go:213.23,215.3 1 0
ssw-logs-capture/internal/monitors/file_monitor.go:218.2,218.32 1 0
ssw-logs-capture/internal/monitors/file_monitor.go:218.32,219.23 1 0
ssw-logs-capture/internal/monitors/file_monitor.go:219.23,221.4 1 0
ssw-logs-capture/internal/monitors/file_monitor.go:224.2,224.12 1 0
ssw-logs-capture/internal/monitors/file_monitor.go:228.41,232.2 3 0
ssw-logs-capture/internal/monitors/file_monitor.go:235.56,244.2 3 0
ssw-logs-capture/internal/monitors/file_monitor.go:247.81,253.16 4 0
ssw-logs-capture/internal/monitors/file_monitor.go:253.16,255.3 1 0
ssw-logs-capture/internal/monitors/file_monitor.go:257.2,257.18 1 0
ssw-logs-capture/internal/monitors/file_monitor.go:257.18,259.3 1 0
ssw-logs-capture/internal/monitors/file_monitor.go:262.2,262.45 1 0
ssw-logs-capture/internal/monitors/file_monitor.go:262.45,264.3 1 0
ssw-logs-capture/internal/monitors/file_monitor.go:267.2,275.31 2 0
ssw-logs-capture/internal/monitors/file_monitor.go:275.31,277.3 1 0
ssw-logs-capture/internal/monitors/file_monitor.go:279.2,282.49 2 0
ssw-logs-capture/internal/monitors/file_monitor.go:282.49,285.3 2 0
ssw-logs-capture/internal/monitors/file_monitor.go:288.2,302.31 5 0
ssw-logs-capture/internal/monitors/file_monitor.go:302.31,309.13 3 0
ssw-logs-capture/internal/monitors/file_monitor.go:309.13,313.4 3 0
ssw-logs-capture/internal/monitors/file_monitor.go:316.2,316.12 1 0
ssw-logs-capture/internal/monitors/file_monitor.go:320.58,325.13 4 0
ssw-logs-capture/internal/monitors/file_monitor.go:325.13,327.3 1 0
ssw-logs-capture/internal/monitors/file_monitor.go:330.2,333.20 2 0
ssw-logs-capture/internal/monitors/file_monitor.go:333.20,335.3 1 0
ssw-logs-capture/internal/monitors/file_monitor.go:338.2,347.12 5 0
ssw-logs-capture/internal/monitors/file_monitor.go:351.64,356.29 4 0
ssw-logs-capture/internal/monitors/file_monitor.go:356.29,361.3 1 0
ssw-logs-capture/internal/monitors/file_monitor.go:363.2,363.15 1 0
ssw-logs-capture/internal/monitors/file_monitor.go:367.63,376.6 5 0
ssw-logs-capture/internal/monitors/file_monitor.go:376.6,377.10 1 0
ssw-logs-capture/internal/monitors/file_monitor.go:378.21,379.14 1 0
ssw-logs-capture/internal/monitors/file_monitor.go:380.37,381.29 1 0
ssw-logs-capture/internal/monitors/file_monitor.go:382.35,384.56 2 0
ssw-logs-capture/internal/monitors/file_monitor.go:385.19,386.25 1 0
ssw-logs-capture/internal/monitors/file_monitor.go:387.23,389.21 1 0
ssw-logs-capture/internal/monitors/file_monitor.go:393.3,393.43 1 0
ssw-logs-capture/internal/monitors/file_monitor.go:398.39,401.30 3 0
ssw-logs-capture/internal/monitors/file_monitor.go:401.30,403.3 1 0
ssw-logs-capture/internal/monitors/file_monitor.go:404.2,406.27 2 0
ssw-logs-capture/internal/monitors/file_monitor.go:406.27,408.17 2 0
ssw-logs-capture/internal/monitors/file_monitor.go:408.17,409.12 1 0
ssw-logs-capture/internal/monitors/file_monitor.go:413.3,413.32 1 0
ssw-logs-capture/internal/monitors/file_monitor.go:413.32,420.4 2 0
ssw-logs-capture/internal/monitors/file_monitor.go:425.43,428.30 3 0
ssw-logs-capture/internal/monitors/file_monitor.go:428.30,430.3 1 0
ssw-logs-capture/internal/monitors/file_monitor.go:431.2,433.27 2 0
ssw-logs-capture/internal/monitors/file_monitor.go:433.27,435.17 2 0
ssw-logs-capture/internal/monitors/file_monitor.go:435.17,438.12 2 0
ssw-logs-capture/internal/monitors/file_monitor.go:443.3,443.32 1 0
ssw-logs-capture/internal/monitors/file_monitor.go:443.32,451.4 3 0
ssw-logs-capture/internal/monitors/file_monitor.go:456.62,467.47 2 0
ssw-logs-capture/internal/monitors/file_monitor.go:467.47,472.13 4 0
ssw-logs-capture/internal/monitors/file_monitor.go:472.13,475.4 2 0
ssw-logs-capture/internal/monitors/file_monitor.go:480.65,488.50 5 0
ssw-logs-capture/internal/monitors/file_monitor.go:488.50,491.3 2 0
ssw-logs-capture/internal/monitors/file_monitor.go:493.2,493.14 1 0
ssw-logs-capture/internal/monitors/file_monitor.go:497.36,500.30 3 0
ssw-logs-capture/internal/monitors/file_monitor.go:500.30,502.3 1 0
ssw-logs-capture/internal/monitors/file_monitor.go:503.2,507.59 3 0
ssw-logs-capture/internal/monitors/file_monitor.go:507.59,509.44 2 0
ssw-logs-capture/internal/monitors/file_monitor.go:509.44,511.4 1 0
ssw-logs-capture/internal/monitors/file_monitor.go:512.3,512.9 1 0
ssw-logs-capture/internal/monitors/file_monitor.go:515.2,515.27 1 0
ssw-logs-capture/internal/monitors/file_monitor.go:515.27,518.17 2 0
ssw-logs-capture/internal/monitors/file_monitor.go:518.17,520.12 2 0
ssw-logs-capture/internal/monitors/file_monitor.go:523.3,523.43 1 0
ssw-logs-capture/internal/monitors/file_monitor.go:523.43,526.4 2 0
ssw-logs-capture/internal/monitors/file_monitor.go:529.3,530.41 2 0
ssw-logs-capture/internal/monitors/file_monitor.go:530.41,537.24 4 0
ssw-logs-capture/internal/monitors/file_monitor.go:537.24,542.43 3 0
ssw-logs-capture/internal/monitors/file_monitor.go:542.43,549.24 2 0
ssw-logs-capture/internal/monitors/file_monitor.go:549.24,553.7 3 0
ssw-logs-capture/internal/monitors/file_monitor.go:556.6,559.14 3 0
ssw-logs-capture/internal/monitors/file_monitor.go:564.4,564.71 1 0
ssw-logs-capture/internal/monitors/file_monitor.go:564.71,572.5 1 0
ssw-logs-capture/internal/monitors/file_monitor.go:572.10,572.44 1 0
ssw-logs-capture/internal/monitors/file_monitor.go:572.44,581.5 1 0
ssw-logs-capture/internal/monitors/file_monitor.go:587.52,589.20 1 0
ssw-logs-capture/internal/monitors/file_monitor.go:589.20,591.17 2 0
ssw-logs-capture/internal/monitors/file_monitor.go:591.17,595.4 3 0
ssw-logs-capture/internal/monitors/file_monitor.go:598.3,598.16 1 0
ssw-logs-capture/internal/monitors/file_monitor.go:598.16,599.37 1 0
ssw-logs-capture/internal/monitors/file_monitor.go:599.37,601.5 1 0
ssw-logs-capture/internal/monitors/file_monitor.go:604.3,608.54 3 0
ssw-logs-capture/internal/monitors/file_monitor.go:608.54,611.53 3 0
ssw-logs-capture/internal/monitors/file_monitor.go:611.53,618.5 5 0
ssw-logs-capture/internal/monitors/file_monitor.go:623.2,626.6 3 0
ssw-logs-capture/internal/monitors/file_monitor.go:626.6,628.17 2 0
ssw-logs-capture/internal/monitors/file_monitor.go:628.17,629.21 1 0
ssw-logs-capture/internal/monitors/file_monitor.go:629.21,631.10 1 0
ssw-logs-capture/internal/monitors/file_monitor.go:633.4,635.9 3 0
ssw-logs-capture/internal/monitors/file_monitor.go:639.3,640.17 2 0
ssw-logs-capture/internal/monitors/file_monitor.go:640.17,641.12 1 0
ssw-logs-capture/internal/monitors/file_monitor.go:645.3,676.35 5 0
ssw-logs-capture/internal/monitors/file_monitor.go:676.35,678.52 2 0
ssw-logs-capture/internal/monitors/file_monitor.go:678.52,684.13 2 0
ssw-logs-capture/internal/monitors/file_monitor.go:688.3,688.94 1 0
ssw-logs-capture/internal/monitors/file_monitor.go:688.94,691.4 2 0
ssw-logs-capture/internal/monitors/file_monitor.go:693.3,694.38 2 0
ssw-logs-capture/internal/monitors/file_monitor.go:697.2,700.48 2 0
ssw-logs-capture/internal/monitors/file_monitor.go:700.48,703.17 2 0
ssw-logs-capture/internal/monitors/file_monitor.go:703.17,710.52 4 0
ssw-logs-capture/internal/monitors/file_monitor.go:710.52,713.5 2 0
ssw-logs-capture/internal/monitors/file_monitor.go:715.4,716.33 2 0
ssw-logs-capture/internal/monitors/file_monitor.go:716.33,727.5 1 0
ssw-logs-capture/internal/monitors/file_monitor.go:732.2,732.19 1 0
ssw-logs-capture/internal/monitors/file_monitor.go:732.19,736.3 3 0
ssw-logs-capture/internal/monitors/file_monitor.go:741.56,744.2 2 0
ssw-logs-capture/internal/monitors/file_monitor.go:747.56,749.2 1 0
ssw-logs-capture/internal/monitors/file_monitor.go:752.52,754.19 2 0
ssw-logs-capture/internal/monitors/file_monitor.go:754.19,756.3 1 0
ssw-logs-capture/internal/monitors/file_monitor.go:757.2,757.13 1 0
ssw-logs-capture/internal/monitors/file_monitor.go:761.46,769.37 2 0
ssw-logs-capture/internal/monitors/file_monitor.go:769.37,773.51 2 0
ssw-logs-capture/internal/monitors/file_monitor.go:773.51,775.4 1 0
ssw-logs-capture/internal/monitors/file_monitor.go:778.3,778.57 1 0
ssw-logs-capture/internal/monitors/file_monitor.go:778.57,780.4 1 0
ssw-logs-capture/internal/monitors/file_monitor.go:781.8,784.56 2 0
ssw-logs-capture/internal/monitors/file_monitor.go:784.56,787.54 2 0
ssw-logs-capture/internal/monitors/file_monitor.go:787.54,789.13 2 0
ssw-logs-capture/internal/monitors/file_monitor.go:794.2,795.12 2 0
ssw-logs-capture/internal/monitors/file_monitor.go:799.53,800.37 1 0
ssw-logs-capture/internal/monitors/file_monitor.go:800.37,803.3 2 0
ssw-logs-capture/internal/monitors/file_monitor.go:805.2,810.9 3 0
ssw-logs-capture/internal/monitors/file_monitor.go:810.9,813.3 2 0
ssw-logs-capture/internal/monitors/file_monitor.go:816.2,817.9 2 0
ssw-logs-capture/internal/monitors/file_monitor.go:817.9,820.3 2 0
ssw-logs-capture/internal/monitors/file_monitor.go:822.2,825.43 2 0
ssw-logs-capture/internal/monitors/file_monitor.go:825.43,829.36 2 0
ssw-logs-capture/internal/monitors/file_monitor.go:830.31,831.15 1 0
ssw-logs-capture/internal/monitors/file_monitor.go:832.36,835.30 2 0
ssw-logs-capture/internal/monitors/file_monitor.go:835.30,836.39 1 0
ssw-logs-capture/internal/monitors/file_monitor.go:836.39,838.6 1 0
ssw-logs-capture/internal/monitors/file_monitor.go:840.11,842.12 2 0
ssw-logs-capture/internal/monitors/file_monitor.go:846.3,847.10 2 0
ssw-logs-capture/internal/monitors/file_monitor.go:847.10,849.12 2 0
ssw-logs-capture/internal/monitors/file_monitor.go:852.3,853.10 2 0
ssw-logs-capture/internal/monitors/file_monitor.go:853.10,855.12 2 0
ssw-logs-capture/internal/monitors/file_monitor.go:859.3,860.9 2 0
ssw-logs-capture/internal/monitors/file_monitor.go:860.9,862.22 2 0
ssw-logs-capture/internal/monitors/file_monitor.go:862.22,864.13 2 0
ssw-logs-capture/internal/monitors/file_monitor.go:867.3,872.9 4 0
ssw-logs-capture/internal/monitors/file_monitor.go:872.9,873.49 1 0
ssw-logs-capture/internal/monitors/file_monitor.go:874.32,875.50 1 0
ssw-logs-capture/internal/monitors/file_monitor.go:875.50,876.50 1 0
ssw-logs-capture/internal/monitors/file_monitor.go:876.50,878.7 1 0
ssw-logs-capture/internal/monitors/file_monitor.go:880.37,881.59 1 0
ssw-logs-capture/internal/monitors/file_monitor.go:881.59,882.46 1 0
ssw-logs-capture/internal/monitors/file_monitor.go:882.46,883.51 1 0
ssw-logs-capture/internal/monitors/file_monitor.go:883.51,885.8 1 0
ssw-logs-capture/internal/monitors/file_monitor.go:892.3,895.50 2 0
ssw-logs-capture/internal/monitors/file_monitor.go:895.50,897.4 1 0
ssw-logs-capture/internal/monitors/file_monitor.go:897.9,899.4 1 0
ssw-logs-capture/internal/monitors/file_monitor.go:902.2,902.12 1 0
ssw-logs-capture/internal/monitors/file_monitor.go:906.59,907.37 1 0
ssw-logs-capture/internal/monitors/file_monitor.go:907.37,909.3 1 0
ssw-logs-capture/internal/monitors/file_monitor.go:912.2,913.9 2 0
ssw-logs-capture/internal/monitors/file_monitor.go:913.9,916.3 2 0
ssw-logs-capture/internal/monitors/file_monitor.go:919.2,920.9 2 0
ssw-logs-capture/internal/monitors/file_monitor.go:920.9,922.58 1 0
ssw-logs-capture/internal/monitors/file_monitor.go:922.58,923.40 1 0
ssw-logs-capture/internal/monitors/file_monitor.go:923.40,925.49 2 0
ssw-logs-capture/internal/monitors/file_monitor.go:925.49,927.6 1 0
ssw-logs-capture/internal/monitors/file_monitor.go:929.4,929.14 1 0
ssw-logs-capture/internal/monitors/file_monitor.go:931.3,932.13 2 0
ssw-logs-capture/internal/monitors/file_monitor.go:935.2,938.41 2 0
ssw-logs-capture/internal/monitors/file_monitor.go:938.41,940.37 1 0
ssw-logs-capture/internal/monitors/file_monitor.go:941.15,944.48 2 0
ssw-logs-capture/internal/monitors/file_monitor.go:944.48,946.5 1 0
ssw-logs-capture/internal/monitors/file_monitor.go:948.31,951.11 2 0
ssw-logs-capture/internal/monitors/file_monitor.go:951.11,953.13 2 0
ssw-logs-capture/internal/monitors/file_monitor.go:956.4,957.11 2 0
ssw-logs-capture/internal/monitors/file_monitor.go:957.11,959.13 2 0
ssw-logs-capture/internal/monitors/file_monitor.go:963.4,964.10 2 0
ssw-logs-capture/internal/monitors/file_monitor.go:964.10,966.23 2 0
ssw-logs-capture/internal/monitors/file_monitor.go:966.23,968.14 2 0
ssw-logs-capture/internal/monitors/file_monitor.go:972.4,973.49 2 0
ssw-logs-capture/internal/monitors/file_monitor.go:973.49,975.5 1 0
ssw-logs-capture/internal/monitors/file_monitor.go:977.11,978.101 1 0
ssw-logs-capture/internal/monitors/file_monitor.go:982.2,982.12 1 0
ssw-logs-capture/internal/monitors/file_monitor.go:986.62,987.87 1 0
ssw-logs-capture/internal/monitors/file_monitor.go:987.87,988.17 1 0
ssw-logs-capture/internal/monitors/file_monitor.go:988.17,990.28 1 0
ssw-logs-capture/internal/monitors/file_monitor.go:990.28,993.5 2 0
ssw-logs-capture/internal/monitors/file_monitor.go:994.4,994.14 1 0
ssw-logs-capture/internal/monitors/file_monitor.go:998.3,998.19 1 0
ssw-logs-capture/internal/monitors/file_monitor.go:998.19,1000.42 1 0
ssw-logs-capture/internal/monitors/file_monitor.go:1000.42,1003.5 2 0
ssw-logs-capture/internal/monitors/file_monitor.go:1006.4,1006.49 1 0
ssw-logs-capture/internal/monitors/file_monitor.go:1006.49,1008.5 1 0
ssw-logs-capture/internal/monitors/file_monitor.go:1009.4,1009.14 1 0
ssw-logs-capture/internal/monitors/file_monitor.go:1013.3,1013.29 1 0
ssw-logs-capture/internal/monitors/file_monitor.go:1013.29,1016.4 2 0
ssw-logs-capture/internal/monitors/file_monitor.go:1019.3,1019.74 1 0
ssw-logs-capture/internal/monitors/file_monitor.go:1019.74,1025.15 4 0
ssw-logs-capture/internal/monitors/file_monitor.go:1025.15,1027.52 2 0
ssw-logs-capture/internal/monitors/file_monitor.go:1027.52,1029.6 1 0
ssw-logs-capture/internal/monitors/file_monitor.go:1029.11,1031.6 1 0
ssw-logs-capture/internal/monitors/file_monitor.go:1035.3,1035.13 1 0
ssw-logs-capture/internal/monitors/file_monitor.go:1040.89,1041.91 1 0
ssw-logs-capture/internal/monitors/file_monitor.go:1041.91,1042.17 1 0
ssw-logs-capture/internal/monitors/file_monitor.go:1042.17,1044.28 1 0
ssw-logs-capture/internal/monitors/file_monitor.go:1044.28,1047.5 2 0
ssw-logs-capture/internal/monitors/file_monitor.go:1048.4,1048.14 1 0
ssw-logs-capture/internal/monitors/file_monitor.go:1052.3,1052.19 1 0
ssw-logs-capture/internal/monitors/file_monitor.go:1052.19,1054.79 1 0
ssw-logs-capture/internal/monitors/file_monitor.go:1054.79,1057.5 2 0
ssw-logs-capture/internal/monitors/file_monitor.go:1060.4,1060.52 1 0
ssw-logs-capture/internal/monitors/file_monitor.go:1060.52,1062.5 1 0
ssw-logs-capture/internal/monitors/file_monitor.go:1063.4,1063.14 1 0
ssw-logs-capture/internal/monitors/file_monitor.go:1067.3,1067.29 1 0
ssw-logs-capture/internal/monitors/file_monitor.go:1067.29,1070.4 2 0
ssw-logs-capture/internal/monitors/file_monitor.go:1073.3,1074.73 1 0
ssw-logs-capture/internal/monitors/file_monitor.go:1074.73,1081.15 4 0
ssw-logs-capture/internal/monitors/file_monitor.go:1081.15,1084.46 2 0
ssw-logs-capture/internal/monitors/file_monitor.go:1084.46,1086.6 1 0
ssw-logs-capture/internal/monitors/file_monitor.go:1088.5,1091.52 3 0
ssw-logs-capture/internal/monitors/file_monitor.go:1091.52,1093.6 1 0
ssw-logs-capture/internal/monitors/file_monitor.go:1093.11,1098.6 1 0
ssw-logs-capture/internal/monitors/file_monitor.go:1102.3,1102.13 1 0
ssw-logs-capture/internal/monitors/file_monitor.go:1107.69,1110.52 2 0
ssw-logs-capture/internal/monitors/file_monitor.go:1110.52,1112.28 2 0
ssw-logs-capture/internal/monitors/file_monitor.go:1112.28,1114.4 1 0
ssw-logs-capture/internal/monitors/file_monitor.go:1117.3,1117.26 1 0
ssw-logs-capture/internal/monitors/file_monitor.go:1117.26,1119.4 1 0
ssw-logs-capture/internal/monitors/file_monitor.go:1122.2,1122.14 1 0
ssw-logs-capture/internal/monitors/file_monitor.go:1126.69,1129.52 2 0
ssw-logs-capture/internal/monitors/file_monitor.go:1129.52,1131.28 2 0
ssw-logs-capture/internal/monitors/file_monitor.go:1131.28,1133.4 1 0
ssw-logs-capture/internal/monitors/file_monitor.go:1136.2,1136.14 1 0
ssw-logs-capture/internal/monitors/file_monitor.go:1140.71,1144.58 2 0
ssw-logs-capture/internal/monitors/file_monitor.go:1144.58,1152.32 3 0
ssw-logs-capture/internal/monitors/file_monitor.go:1152.32,1154.4 1 0
ssw-logs-capture/internal/monitors/file_monitor.go:1157.3,1157.53 1 0
ssw-logs-capture/internal/monitors/file_monitor.go:1157.53,1159.4 1 0
ssw-logs-capture/internal/monitors/file_monitor.go:1162.2,1162.14 1 0
ssw-logs-capture/internal/monitors/file_monitor.go:1166.89,1169.35 2 0
ssw-logs-capture/internal/monitors/file_monitor.go:1169.35,1171.28 2 0
ssw-logs-capture/internal/monitors/file_monitor.go:1171.28,1173.4 1 0
ssw-logs-capture/internal/monitors/file_monitor.go:1176.3,1176.26 1 0
ssw-logs-capture/internal/monitors/file_monitor.go:1176.26,1178.4 1 0
ssw-logs-capture/internal/monitors/file_monitor.go:1181.2,1181.14 1 0
ssw-logs-capture/internal/monitors/file_monitor.go:1185.96,1188.35 2 0
ssw-logs-capture/internal/monitors/file_monitor.go:1188.35,1190.28 2 0
ssw-logs-capture/internal/monitors/file_monitor.go:1190.28,1192.4 1 0
ssw-logs-capture/internal/monitors/file_monitor.go:1195.2,1195.14 1 0
ssw-logs-capture/internal/monitors/file_monitor.go:1199.101,1202.41 2 0
ssw-logs-capture/internal/monitors/file_monitor.go:1202.41,1207.32 3 0
ssw-logs-capture/internal/monitors/file_monitor.go:1207.32,1209.4 1 0
ssw-logs-capture/internal/monitors/file_monitor.go:1212.3,1212.53 1 0
ssw-logs-capture/internal/monitors/file_monitor.go:1212.53,1214.4 1 0
ssw-logs-capture/internal/monitors/file_monitor.go:1217.3,1217.56 1 0
ssw-logs-capture/internal/monitors/file_monitor.go:1217.56,1219.4 1 0
ssw-logs-capture/internal/monitors/file_monitor.go:1222.2,1222.14 1 0
ssw-logs-capture/internal/monitors/file_monitor.go:1226.81,1239.2 7 0
ssw-logs-capture/internal/monitors/file_monitor.go:1242.29,1245.16 2 0
ssw-logs-capture/internal/monitors/file_monitor.go:1245.16,1247.3 1 0
ssw-logs-capture/internal/monitors/file_monitor.go:1249.2,1249.35 1 0
ssw-logs-capture/internal/monitors/file_monitor.go:1249.35,1250.71 1 0
ssw-logs-capture/internal/monitors/file_monitor.go:1250.71,1251.12 1 0
ssw-logs-capture/internal/monitors/file_monitor.go:1254.3,1255.17 2 0
ssw-logs-capture/internal/monitors/file_monitor.go:1255.17,1256.12 1 0
ssw-logs-capture/internal/monitors/file_monitor.go:1259.3,1259.30 1 0
ssw-logs-capture/internal/monitors/file_monitor.go:1259.30,1260.68 1 0
ssw-logs-capture/internal/monitors/file_monitor.go:1260.68,1261.30 1 0
ssw-logs-capture/internal/monitors/file_monitor.go:1261.30,1263.6 1 0
ssw-logs-capture/internal/monitors/file_monitor.go:1268.2,1268.18 1 0
ssw-logs-capture/internal/monitors/file_monitor.go:1272.31,1274.16 2 0
ssw-logs-capture/internal/monitors/file_monitor.go:1274.16,1276.3 1 0
ssw-logs-capture/internal/monitors/file_monitor.go:1277.2,1277.17 1 0
ssw-logs-capture/internal/monitors/file_monitor.go:1281.72,1305.27 3 0
ssw-logs-capture/internal/monitors/file_monitor.go:1305.27,1306.26 1 0
ssw-logs-capture/internal/monitors/file_monitor.go:1306.26,1308.4 1 0
ssw-logs-capture/internal/monitors/file_monitor.go:1312.2,1317.15 5 0
