mode: set
ssw-logs-capture/cmd/main.go:11.13,18.22 4 0
ssw-logs-capture/cmd/main.go:18.22,19.73 1 0
ssw-logs-capture/cmd/main.go:19.73,21.4 1 0
ssw-logs-capture/cmd/main.go:21.9,24.4 1 0
ssw-logs-capture/cmd/main.go:27.2,31.16 3 0
ssw-logs-capture/cmd/main.go:31.16,34.3 2 0
ssw-logs-capture/cmd/main.go:36.2,36.42 1 0
ssw-logs-capture/cmd/main.go:36.42,39.3 2 0
ssw-logs-capture/internal/monitors/container_monitor.go:60.262,87.21 5 0
ssw-logs-capture/internal/monitors/container_monitor.go:87.21,98.3 1 0
ssw-logs-capture/internal/monitors/container_monitor.go:101.2,112.16 3 0
ssw-logs-capture/internal/monitors/container_monitor.go:112.16,114.3 1 0
ssw-logs-capture/internal/monitors/container_monitor.go:116.2,130.8 2 0
ssw-logs-capture/internal/monitors/container_monitor.go:134.62,135.24 1 0
ssw-logs-capture/internal/monitors/container_monitor.go:135.24,138.3 2 0
ssw-logs-capture/internal/monitors/container_monitor.go:140.2,143.18 3 0
ssw-logs-capture/internal/monitors/container_monitor.go:143.18,145.3 1 0
ssw-logs-capture/internal/monitors/container_monitor.go:147.2,151.51 3 0
ssw-logs-capture/internal/monitors/container_monitor.go:151.51,153.3 1 0
ssw-logs-capture/internal/monitors/container_monitor.go:156.2,156.91 1 0
ssw-logs-capture/internal/monitors/container_monitor.go:156.91,158.3 1 0
ssw-logs-capture/internal/monitors/container_monitor.go:161.2,161.89 1 0
ssw-logs-capture/internal/monitors/container_monitor.go:161.89,163.3 1 0
ssw-logs-capture/internal/monitors/container_monitor.go:166.2,166.100 1 0
ssw-logs-capture/internal/monitors/container_monitor.go:166.100,168.3 1 0
ssw-logs-capture/internal/monitors/container_monitor.go:170.2,170.12 1 0
ssw-logs-capture/internal/monitors/container_monitor.go:174.42,178.19 3 0
ssw-logs-capture/internal/monitors/container_monitor.go:178.19,180.3 1 0
ssw-logs-capture/internal/monitors/container_monitor.go:182.2,195.35 8 0
ssw-logs-capture/internal/monitors/container_monitor.go:195.35,197.3 1 0
ssw-logs-capture/internal/monitors/container_monitor.go:198.2,198.34 1 0
ssw-logs-capture/internal/monitors/container_monitor.go:198.34,200.3 1 0
ssw-logs-capture/internal/monitors/container_monitor.go:203.2,203.26 1 0
ssw-logs-capture/internal/monitors/container_monitor.go:203.26,205.3 1 0
ssw-logs-capture/internal/monitors/container_monitor.go:207.2,207.12 1 0
ssw-logs-capture/internal/monitors/container_monitor.go:211.46,215.2 3 0
ssw-logs-capture/internal/monitors/container_monitor.go:218.61,227.2 3 0
ssw-logs-capture/internal/monitors/container_monitor.go:230.59,234.2 1 0
ssw-logs-capture/internal/monitors/container_monitor.go:237.68,240.44 2 0
ssw-logs-capture/internal/monitors/container_monitor.go:240.44,242.3 1 0
ssw-logs-capture/internal/monitors/container_monitor.go:242.8,244.3 1 0
ssw-logs-capture/internal/monitors/container_monitor.go:248.2,251.6 3 0
ssw-logs-capture/internal/monitors/container_monitor.go:251.6,252.10 1 0
ssw-logs-capture/internal/monitors/container_monitor.go:253.21,254.14 1 0
ssw-logs-capture/internal/monitors/container_monitor.go:255.19,257.49 1 0
ssw-logs-capture/internal/monitors/container_monitor.go:263.67,277.6 7 0
ssw-logs-capture/internal/monitors/container_monitor.go:277.6,278.10 1 0
ssw-logs-capture/internal/monitors/container_monitor.go:279.21,281.14 2 0
ssw-logs-capture/internal/monitors/container_monitor.go:283.29,284.31 1 0
ssw-logs-capture/internal/monitors/container_monitor.go:286.25,287.18 1 0
ssw-logs-capture/internal/monitors/container_monitor.go:287.18,292.12 3 0
ssw-logs-capture/internal/monitors/container_monitor.go:293.23,294.16 1 0
ssw-logs-capture/internal/monitors/container_monitor.go:295.40,300.56 2 0
ssw-logs-capture/internal/monitors/container_monitor.go:304.28,305.48 1 0
ssw-logs-capture/internal/monitors/container_monitor.go:311.72,315.6 3 0
ssw-logs-capture/internal/monitors/container_monitor.go:315.6,316.10 1 0
ssw-logs-capture/internal/monitors/container_monitor.go:317.21,318.14 1 0
ssw-logs-capture/internal/monitors/container_monitor.go:319.19,320.30 1 0
ssw-logs-capture/internal/monitors/container_monitor.go:324.3,324.53 1 0
ssw-logs-capture/internal/monitors/container_monitor.go:329.52,334.16 4 0
ssw-logs-capture/internal/monitors/container_monitor.go:334.16,336.3 1 0
ssw-logs-capture/internal/monitors/container_monitor.go:338.2,343.45 4 0
ssw-logs-capture/internal/monitors/container_monitor.go:343.45,348.55 3 0
ssw-logs-capture/internal/monitors/container_monitor.go:348.55,350.4 1 0
ssw-logs-capture/internal/monitors/container_monitor.go:355.2,356.32 2 0
ssw-logs-capture/internal/monitors/container_monitor.go:356.32,357.29 1 0
ssw-logs-capture/internal/monitors/container_monitor.go:357.29,359.4 1 0
ssw-logs-capture/internal/monitors/container_monitor.go:361.2,361.30 1 0
ssw-logs-capture/internal/monitors/container_monitor.go:361.30,363.3 1 0
ssw-logs-capture/internal/monitors/container_monitor.go:366.2,368.12 2 0
ssw-logs-capture/internal/monitors/container_monitor.go:372.69,382.22 4 0
ssw-logs-capture/internal/monitors/container_monitor.go:383.15,392.78 3 0
ssw-logs-capture/internal/monitors/container_monitor.go:392.78,395.11 2 0
ssw-logs-capture/internal/monitors/container_monitor.go:396.39,398.44 1 0
ssw-logs-capture/internal/monitors/container_monitor.go:399.22,400.21 1 0
ssw-logs-capture/internal/monitors/container_monitor.go:404.21,415.55 5 0
ssw-logs-capture/internal/monitors/container_monitor.go:417.17,424.32 2 0
ssw-logs-capture/internal/monitors/container_monitor.go:424.32,426.4 1 0
ssw-logs-capture/internal/monitors/container_monitor.go:428.3,428.57 1 0
ssw-logs-capture/internal/monitors/container_monitor.go:430.15,437.54 2 0
ssw-logs-capture/internal/monitors/container_monitor.go:439.17,446.56 2 0
ssw-logs-capture/internal/monitors/container_monitor.go:451.72,461.16 4 0
ssw-logs-capture/internal/monitors/container_monitor.go:461.16,464.3 2 0
ssw-logs-capture/internal/monitors/container_monitor.go:466.2,466.26 1 0
ssw-logs-capture/internal/monitors/container_monitor.go:466.26,469.3 2 0
ssw-logs-capture/internal/monitors/container_monitor.go:471.2,477.53 4 0
ssw-logs-capture/internal/monitors/container_monitor.go:477.53,480.3 2 0
ssw-logs-capture/internal/monitors/container_monitor.go:483.2,485.12 2 0
ssw-logs-capture/internal/monitors/container_monitor.go:489.96,494.37 3 0
ssw-logs-capture/internal/monitors/container_monitor.go:494.37,496.54 2 0
ssw-logs-capture/internal/monitors/container_monitor.go:496.54,497.43 1 0
ssw-logs-capture/internal/monitors/container_monitor.go:497.43,499.10 2 0
ssw-logs-capture/internal/monitors/container_monitor.go:502.3,502.13 1 0
ssw-logs-capture/internal/monitors/container_monitor.go:502.13,504.4 1 0
ssw-logs-capture/internal/monitors/container_monitor.go:508.2,508.53 1 0
ssw-logs-capture/internal/monitors/container_monitor.go:508.53,509.42 1 0
ssw-logs-capture/internal/monitors/container_monitor.go:509.42,511.4 1 0
ssw-logs-capture/internal/monitors/container_monitor.go:515.2,515.38 1 0
ssw-logs-capture/internal/monitors/container_monitor.go:515.38,516.51 1 0
ssw-logs-capture/internal/monitors/container_monitor.go:516.51,518.15 2 0
ssw-logs-capture/internal/monitors/container_monitor.go:518.15,520.5 1 0
ssw-logs-capture/internal/monitors/container_monitor.go:521.4,521.42 1 0
ssw-logs-capture/internal/monitors/container_monitor.go:521.42,523.5 1 0
ssw-logs-capture/internal/monitors/container_monitor.go:528.2,528.50 1 0
ssw-logs-capture/internal/monitors/container_monitor.go:528.50,530.13 2 0
ssw-logs-capture/internal/monitors/container_monitor.go:530.13,531.42 1 0
ssw-logs-capture/internal/monitors/container_monitor.go:531.42,533.5 1 0
ssw-logs-capture/internal/monitors/container_monitor.go:537.2,537.13 1 0
ssw-logs-capture/internal/monitors/container_monitor.go:541.93,545.49 2 0
ssw-logs-capture/internal/monitors/container_monitor.go:545.49,552.3 2 0
ssw-logs-capture/internal/monitors/container_monitor.go:555.2,571.50 5 0
ssw-logs-capture/internal/monitors/container_monitor.go:571.50,572.65 1 0
ssw-logs-capture/internal/monitors/container_monitor.go:572.65,574.21 1 0
ssw-logs-capture/internal/monitors/container_monitor.go:575.38,576.38 1 0
ssw-logs-capture/internal/monitors/container_monitor.go:577.47,578.31 1 0
ssw-logs-capture/internal/monitors/container_monitor.go:582.4,582.25 1 0
ssw-logs-capture/internal/monitors/container_monitor.go:582.25,583.10 1 0
ssw-logs-capture/internal/monitors/container_monitor.go:589.2,590.31 2 0
ssw-logs-capture/internal/monitors/container_monitor.go:590.31,595.3 3 0
ssw-logs-capture/internal/monitors/container_monitor.go:597.2,610.77 4 0
ssw-logs-capture/internal/monitors/container_monitor.go:610.77,612.3 1 0
ssw-logs-capture/internal/monitors/container_monitor.go:615.2,622.41 3 0
ssw-logs-capture/internal/monitors/container_monitor.go:626.73,628.13 2 0
ssw-logs-capture/internal/monitors/container_monitor.go:628.13,630.3 1 0
ssw-logs-capture/internal/monitors/container_monitor.go:632.2,638.22 2 0
ssw-logs-capture/internal/monitors/container_monitor.go:638.22,640.3 1 0
ssw-logs-capture/internal/monitors/container_monitor.go:643.2,643.22 1 0
ssw-logs-capture/internal/monitors/container_monitor.go:643.22,645.3 1 0
ssw-logs-capture/internal/monitors/container_monitor.go:648.2,652.31 3 0
ssw-logs-capture/internal/monitors/container_monitor.go:652.31,654.3 1 0
ssw-logs-capture/internal/monitors/container_monitor.go:657.2,666.41 4 0
ssw-logs-capture/internal/monitors/container_monitor.go:670.97,673.15 3 0
ssw-logs-capture/internal/monitors/container_monitor.go:673.15,677.3 2 0
ssw-logs-capture/internal/monitors/container_monitor.go:680.2,682.12 3 0
ssw-logs-capture/internal/monitors/container_monitor.go:682.12,688.7 4 0
ssw-logs-capture/internal/monitors/container_monitor.go:688.7,689.11 1 0
ssw-logs-capture/internal/monitors/container_monitor.go:690.31,691.11 1 0
ssw-logs-capture/internal/monitors/container_monitor.go:692.29,693.39 1 0
ssw-logs-capture/internal/monitors/container_monitor.go:699.2,707.6 2 0
ssw-logs-capture/internal/monitors/container_monitor.go:707.6,708.10 1 0
ssw-logs-capture/internal/monitors/container_monitor.go:709.30,710.14 1 0
ssw-logs-capture/internal/monitors/container_monitor.go:711.11,714.18 2 0
ssw-logs-capture/internal/monitors/container_monitor.go:714.18,719.12 3 0
ssw-logs-capture/internal/monitors/container_monitor.go:720.32,721.16 1 0
ssw-logs-capture/internal/monitors/container_monitor.go:722.40,723.14 1 0
ssw-logs-capture/internal/monitors/container_monitor.go:727.4,730.73 2 0
ssw-logs-capture/internal/monitors/container_monitor.go:730.73,732.67 1 0
ssw-logs-capture/internal/monitors/container_monitor.go:732.67,735.6 2 0
ssw-logs-capture/internal/monitors/container_monitor.go:736.5,741.59 2 0
ssw-logs-capture/internal/monitors/container_monitor.go:744.4,747.34 2 0
ssw-logs-capture/internal/monitors/container_monitor.go:747.34,749.5 1 0
ssw-logs-capture/internal/monitors/container_monitor.go:752.4,752.11 1 0
ssw-logs-capture/internal/monitors/container_monitor.go:753.31,754.15 1 0
ssw-logs-capture/internal/monitors/container_monitor.go:755.39,757.30 1 0
ssw-logs-capture/internal/monitors/container_monitor.go:757.30,765.6 2 0
ssw-logs-capture/internal/monitors/container_monitor.go:765.11,772.6 2 0
ssw-logs-capture/internal/monitors/container_monitor.go:779.116,792.12 6 0
ssw-logs-capture/internal/monitors/container_monitor.go:792.12,793.7 1 0
ssw-logs-capture/internal/monitors/container_monitor.go:793.7,799.13 4 0
ssw-logs-capture/internal/monitors/container_monitor.go:799.13,802.5 2 0
ssw-logs-capture/internal/monitors/container_monitor.go:804.4,804.11 1 0
ssw-logs-capture/internal/monitors/container_monitor.go:805.52,806.19 1 0
ssw-logs-capture/internal/monitors/container_monitor.go:806.19,808.6 1 0
ssw-logs-capture/internal/monitors/container_monitor.go:809.22,810.11 1 0
ssw-logs-capture/internal/monitors/container_monitor.go:815.2,815.6 1 0
ssw-logs-capture/internal/monitors/container_monitor.go:815.6,818.10 2 0
ssw-logs-capture/internal/monitors/container_monitor.go:819.21,820.20 1 0
ssw-logs-capture/internal/monitors/container_monitor.go:821.26,821.26 0 0
ssw-logs-capture/internal/monitors/container_monitor.go:825.3,828.20 3 0
ssw-logs-capture/internal/monitors/container_monitor.go:828.20,840.31 6 0
ssw-logs-capture/internal/monitors/container_monitor.go:840.31,841.19 1 0
ssw-logs-capture/internal/monitors/container_monitor.go:841.19,842.14 1 0
ssw-logs-capture/internal/monitors/container_monitor.go:846.5,846.56 1 0
ssw-logs-capture/internal/monitors/container_monitor.go:846.56,848.6 1 0
ssw-logs-capture/internal/monitors/container_monitor.go:851.5,851.54 1 0
ssw-logs-capture/internal/monitors/container_monitor.go:851.54,852.77 1 0
ssw-logs-capture/internal/monitors/container_monitor.go:852.77,854.7 1 0
ssw-logs-capture/internal/monitors/container_monitor.go:857.5,858.19 2 0
ssw-logs-capture/internal/monitors/container_monitor.go:858.19,859.14 1 0
ssw-logs-capture/internal/monitors/container_monitor.go:863.5,895.37 5 0
ssw-logs-capture/internal/monitors/container_monitor.go:895.37,897.54 2 0
ssw-logs-capture/internal/monitors/container_monitor.go:897.54,904.15 2 0
ssw-logs-capture/internal/monitors/container_monitor.go:908.5,908.95 1 0
ssw-logs-capture/internal/monitors/container_monitor.go:908.95,911.6 2 0
ssw-logs-capture/internal/monitors/container_monitor.go:911.11,917.26 3 0
ssw-logs-capture/internal/monitors/container_monitor.go:917.26,924.7 1 0
ssw-logs-capture/internal/monitors/container_monitor.go:928.5,928.72 1 0
ssw-logs-capture/internal/monitors/container_monitor.go:932.4,932.49 1 0
ssw-logs-capture/internal/monitors/container_monitor.go:932.49,937.5 3 0
ssw-logs-capture/internal/monitors/container_monitor.go:941.3,941.17 1 0
ssw-logs-capture/internal/monitors/container_monitor.go:941.17,942.21 1 0
ssw-logs-capture/internal/monitors/container_monitor.go:942.21,944.5 1 0
ssw-logs-capture/internal/monitors/container_monitor.go:945.4,945.14 1 0
ssw-logs-capture/internal/monitors/container_monitor.go:951.70,957.2 4 0
ssw-logs-capture/internal/monitors/container_monitor.go:960.79,975.16 6 0
ssw-logs-capture/internal/monitors/container_monitor.go:975.16,977.3 1 0
ssw-logs-capture/internal/monitors/container_monitor.go:978.2,983.14 4 0
ssw-logs-capture/internal/monitors/container_monitor.go:987.53,990.35 3 0
ssw-logs-capture/internal/monitors/container_monitor.go:990.35,992.3 1 0
ssw-logs-capture/internal/monitors/container_monitor.go:993.2,995.32 2 0
ssw-logs-capture/internal/monitors/container_monitor.go:995.32,997.33 1 0
ssw-logs-capture/internal/monitors/container_monitor.go:997.33,1001.12 4 0
ssw-logs-capture/internal/monitors/container_monitor.go:1005.3,1006.41 2 0
ssw-logs-capture/internal/monitors/container_monitor.go:1006.41,1013.21 4 0
ssw-logs-capture/internal/monitors/container_monitor.go:1013.21,1018.43 3 0
ssw-logs-capture/internal/monitors/container_monitor.go:1018.43,1035.44 5 0
ssw-logs-capture/internal/monitors/container_monitor.go:1035.44,1038.15 3 0
ssw-logs-capture/internal/monitors/container_monitor.go:1042.6,1049.14 4 0
ssw-logs-capture/internal/monitors/container_monitor.go:1053.4,1060.29 1 0
ssw-logs-capture/internal/monitors/container_monitor.go:1066.25,1069.16 2 0
ssw-logs-capture/internal/monitors/container_monitor.go:1069.16,1071.3 1 0
ssw-logs-capture/internal/monitors/container_monitor.go:1073.2,1073.35 1 0
ssw-logs-capture/internal/monitors/container_monitor.go:1073.35,1074.71 1 0
ssw-logs-capture/internal/monitors/container_monitor.go:1074.71,1075.12 1 0
ssw-logs-capture/internal/monitors/container_monitor.go:1078.3,1079.17 2 0
ssw-logs-capture/internal/monitors/container_monitor.go:1079.17,1080.12 1 0
ssw-logs-capture/internal/monitors/container_monitor.go:1083.3,1083.30 1 0
ssw-logs-capture/internal/monitors/container_monitor.go:1083.30,1084.68 1 0
ssw-logs-capture/internal/monitors/container_monitor.go:1084.68,1085.30 1 0
ssw-logs-capture/internal/monitors/container_monitor.go:1085.30,1087.6 1 0
ssw-logs-capture/internal/monitors/container_monitor.go:1092.2,1092.18 1 0
ssw-logs-capture/internal/monitors/container_monitor.go:1096.27,1098.16 2 0
ssw-logs-capture/internal/monitors/container_monitor.go:1098.16,1100.3 1 0
ssw-logs-capture/internal/monitors/container_monitor.go:1101.2,1101.17 1 0
ssw-logs-capture/internal/monitors/container_monitor.go:1105.68,1129.27 3 0
ssw-logs-capture/internal/monitors/container_monitor.go:1129.27,1130.26 1 0
ssw-logs-capture/internal/monitors/container_monitor.go:1130.26,1132.4 1 0
ssw-logs-capture/internal/monitors/container_monitor.go:1136.2,1141.15 5 0
ssw-logs-capture/internal/monitors/file_monitor.go:63.250,65.16 2 0
ssw-logs-capture/internal/monitors/file_monitor.go:65.16,67.3 1 0
ssw-logs-capture/internal/monitors/file_monitor.go:69.2,113.16 7 0
ssw-logs-capture/internal/monitors/file_monitor.go:117.57,118.24 1 0
ssw-logs-capture/internal/monitors/file_monitor.go:118.24,121.3 2 0
ssw-logs-capture/internal/monitors/file_monitor.go:123.2,126.18 3 0
ssw-logs-capture/internal/monitors/file_monitor.go:126.18,128.3 1 0
ssw-logs-capture/internal/monitors/file_monitor.go:130.2,134.31 3 0
ssw-logs-capture/internal/monitors/file_monitor.go:134.31,135.52 1 0
ssw-logs-capture/internal/monitors/file_monitor.go:135.52,137.4 1 0
ssw-logs-capture/internal/monitors/file_monitor.go:138.8,140.3 1 0
ssw-logs-capture/internal/monitors/file_monitor.go:143.2,144.12 2 0
ssw-logs-capture/internal/monitors/file_monitor.go:144.12,149.10 3 0
ssw-logs-capture/internal/monitors/file_monitor.go:150.38,150.38 0 0
ssw-logs-capture/internal/monitors/file_monitor.go:152.24,154.10 2 0
ssw-logs-capture/internal/monitors/file_monitor.go:157.3,158.44 2 0
ssw-logs-capture/internal/monitors/file_monitor.go:158.44,160.4 1 0
ssw-logs-capture/internal/monitors/file_monitor.go:160.9,162.4 1 0
ssw-logs-capture/internal/monitors/file_monitor.go:164.3,164.55 1 0
ssw-logs-capture/internal/monitors/file_monitor.go:168.2,168.86 1 0
ssw-logs-capture/internal/monitors/file_monitor.go:168.86,170.3 1 0
ssw-logs-capture/internal/monitors/file_monitor.go:172.2,172.12 1 0
ssw-logs-capture/internal/monitors/file_monitor.go:176.37,178.19 2 0
ssw-logs-capture/internal/monitors/file_monitor.go:178.19,181.3 2 0
ssw-logs-capture/internal/monitors/file_monitor.go:183.2,192.12 6 0
ssw-logs-capture/internal/monitors/file_monitor.go:192.12,195.3 2 0
ssw-logs-capture/internal/monitors/file_monitor.go:197.2,197.9 1 0
ssw-logs-capture/internal/monitors/file_monitor.go:198.14,199.64 1 0
ssw-logs-capture/internal/monitors/file_monitor.go:200.38,201.72 1 0
ssw-logs-capture/internal/monitors/file_monitor.go:205.2,208.31 2 0
ssw-logs-capture/internal/monitors/file_monitor.go:208.31,210.3 1 0
ssw-logs-capture/internal/monitors/file_monitor.go:213.2,213.23 1 0
ssw-logs-capture/internal/monitors/file_monitor.go:213.23,215.3 1 0
ssw-logs-capture/internal/monitors/file_monitor.go:218.2,218.32 1 0
ssw-logs-capture/internal/monitors/file_monitor.go:218.32,219.23 1 0
ssw-logs-capture/internal/monitors/file_monitor.go:219.23,221.4 1 0
ssw-logs-capture/internal/monitors/file_monitor.go:224.2,224.12 1 0
ssw-logs-capture/internal/monitors/file_monitor.go:228.41,232.2 3 0
ssw-logs-capture/internal/monitors/file_monitor.go:235.56,244.2 3 0
ssw-logs-capture/internal/monitors/file_monitor.go:247.81,253.16 4 0
ssw-logs-capture/internal/monitors/file_monitor.go:253.16,255.3 1 0
ssw-logs-capture/internal/monitors/file_monitor.go:257.2,257.18 1 0
ssw-logs-capture/internal/monitors/file_monitor.go:257.18,259.3 1 0
ssw-logs-capture/internal/monitors/file_monitor.go:262.2,262.45 1 0
ssw-logs-capture/internal/monitors/file_monitor.go:262.45,264.3 1 0
ssw-logs-capture/internal/monitors/file_monitor.go:267.2,275.31 2 0
ssw-logs-capture/internal/monitors/file_monitor.go:275.31,277.3 1 0
ssw-logs-capture/internal/monitors/file_monitor.go:279.2,282.49 2 0
ssw-logs-capture/internal/monitors/file_monitor.go:282.49,285.3 2 0
ssw-logs-capture/internal/monitors/file_monitor.go:288.2,302.31 5 0
ssw-logs-capture/internal/monitors/file_monitor.go:302.31,308.13 2 0
ssw-logs-capture/internal/monitors/file_monitor.go:308.13,311.4 2 0
ssw-logs-capture/internal/monitors/file_monitor.go:314.2,314.12 1 0
ssw-logs-capture/internal/monitors/file_monitor.go:318.58,323.13 4 0
ssw-logs-capture/internal/monitors/file_monitor.go:323.13,325.3 1 0
ssw-logs-capture/internal/monitors/file_monitor.go:328.2,331.20 2 0
ssw-logs-capture/internal/monitors/file_monitor.go:331.20,333.3 1 0
ssw-logs-capture/internal/monitors/file_monitor.go:336.2,345.12 5 0
ssw-logs-capture/internal/monitors/file_monitor.go:349.64,354.29 4 0
ssw-logs-capture/internal/monitors/file_monitor.go:354.29,359.3 1 0
ssw-logs-capture/internal/monitors/file_monitor.go:361.2,361.15 1 0
ssw-logs-capture/internal/monitors/file_monitor.go:365.63,374.6 5 0
ssw-logs-capture/internal/monitors/file_monitor.go:374.6,375.10 1 0
ssw-logs-capture/internal/monitors/file_monitor.go:376.21,377.14 1 0
ssw-logs-capture/internal/monitors/file_monitor.go:378.37,379.29 1 0
ssw-logs-capture/internal/monitors/file_monitor.go:380.35,382.56 2 0
ssw-logs-capture/internal/monitors/file_monitor.go:383.19,384.25 1 0
ssw-logs-capture/internal/monitors/file_monitor.go:385.23,387.21 1 0
ssw-logs-capture/internal/monitors/file_monitor.go:391.3,391.43 1 0
ssw-logs-capture/internal/monitors/file_monitor.go:396.39,399.30 3 0
ssw-logs-capture/internal/monitors/file_monitor.go:399.30,401.3 1 0
ssw-logs-capture/internal/monitors/file_monitor.go:402.2,404.27 2 0
ssw-logs-capture/internal/monitors/file_monitor.go:404.27,406.17 2 0
ssw-logs-capture/internal/monitors/file_monitor.go:406.17,407.12 1 0
ssw-logs-capture/internal/monitors/file_monitor.go:411.3,411.32 1 0
ssw-logs-capture/internal/monitors/file_monitor.go:411.32,418.4 2 0
ssw-logs-capture/internal/monitors/file_monitor.go:423.43,426.30 3 0
ssw-logs-capture/internal/monitors/file_monitor.go:426.30,428.3 1 0
ssw-logs-capture/internal/monitors/file_monitor.go:429.2,431.27 2 0
ssw-logs-capture/internal/monitors/file_monitor.go:431.27,433.17 2 0
ssw-logs-capture/internal/monitors/file_monitor.go:433.17,436.12 2 0
ssw-logs-capture/internal/monitors/file_monitor.go:441.3,441.32 1 0
ssw-logs-capture/internal/monitors/file_monitor.go:441.32,449.4 3 0
ssw-logs-capture/internal/monitors/file_monitor.go:454.62,465.47 2 0
ssw-logs-capture/internal/monitors/file_monitor.go:465.47,470.13 4 0
ssw-logs-capture/internal/monitors/file_monitor.go:470.13,473.4 2 0
ssw-logs-capture/internal/monitors/file_monitor.go:478.65,486.50 5 0
ssw-logs-capture/internal/monitors/file_monitor.go:486.50,489.3 2 0
ssw-logs-capture/internal/monitors/file_monitor.go:491.2,491.14 1 0
ssw-logs-capture/internal/monitors/file_monitor.go:495.36,498.30 3 0
ssw-logs-capture/internal/monitors/file_monitor.go:498.30,500.3 1 0
ssw-logs-capture/internal/monitors/file_monitor.go:501.2,505.59 3 0
ssw-logs-capture/internal/monitors/file_monitor.go:505.59,507.44 2 0
ssw-logs-capture/internal/monitors/file_monitor.go:507.44,509.4 1 0
ssw-logs-capture/internal/monitors/file_monitor.go:510.3,510.9 1 0
ssw-logs-capture/internal/monitors/file_monitor.go:513.2,513.27 1 0
ssw-logs-capture/internal/monitors/file_monitor.go:513.27,516.17 2 0
ssw-logs-capture/internal/monitors/file_monitor.go:516.17,518.12 2 0
ssw-logs-capture/internal/monitors/file_monitor.go:521.3,521.43 1 0
ssw-logs-capture/internal/monitors/file_monitor.go:521.43,524.4 2 0
ssw-logs-capture/internal/monitors/file_monitor.go:527.3,528.41 2 0
ssw-logs-capture/internal/monitors/file_monitor.go:528.41,535.24 4 0
ssw-logs-capture/internal/monitors/file_monitor.go:535.24,540.43 3 0
ssw-logs-capture/internal/monitors/file_monitor.go:540.43,547.24 2 0
ssw-logs-capture/internal/monitors/file_monitor.go:547.24,551.7 3 0
ssw-logs-capture/internal/monitors/file_monitor.go:554.6,557.14 3 0
ssw-logs-capture/internal/monitors/file_monitor.go:562.4,562.71 1 0
ssw-logs-capture/internal/monitors/file_monitor.go:562.71,570.5 1 0
ssw-logs-capture/internal/monitors/file_monitor.go:570.10,570.44 1 0
ssw-logs-capture/internal/monitors/file_monitor.go:570.44,579.5 1 0
ssw-logs-capture/internal/monitors/file_monitor.go:585.52,587.20 1 0
ssw-logs-capture/internal/monitors/file_monitor.go:587.20,589.17 2 0
ssw-logs-capture/internal/monitors/file_monitor.go:589.17,593.4 3 0
ssw-logs-capture/internal/monitors/file_monitor.go:596.3,596.16 1 0
ssw-logs-capture/internal/monitors/file_monitor.go:596.16,597.37 1 0
ssw-logs-capture/internal/monitors/file_monitor.go:597.37,599.5 1 0
ssw-logs-capture/internal/monitors/file_monitor.go:602.3,606.54 3 0
ssw-logs-capture/internal/monitors/file_monitor.go:606.54,609.53 3 0
ssw-logs-capture/internal/monitors/file_monitor.go:609.53,616.5 5 0
ssw-logs-capture/internal/monitors/file_monitor.go:621.2,624.6 3 0
ssw-logs-capture/internal/monitors/file_monitor.go:624.6,626.17 2 0
ssw-logs-capture/internal/monitors/file_monitor.go:626.17,627.21 1 0
ssw-logs-capture/internal/monitors/file_monitor.go:627.21,629.10 1 0
ssw-logs-capture/internal/monitors/file_monitor.go:631.4,633.9 3 0
ssw-logs-capture/internal/monitors/file_monitor.go:637.3,638.17 2 0
ssw-logs-capture/internal/monitors/file_monitor.go:638.17,639.12 1 0
ssw-logs-capture/internal/monitors/file_monitor.go:643.3,674.35 5 0
ssw-logs-capture/internal/monitors/file_monitor.go:674.35,676.52 2 0
ssw-logs-capture/internal/monitors/file_monitor.go:676.52,682.13 2 0
ssw-logs-capture/internal/monitors/file_monitor.go:686.3,686.94 1 0
ssw-logs-capture/internal/monitors/file_monitor.go:686.94,689.4 2 0
ssw-logs-capture/internal/monitors/file_monitor.go:691.3,692.38 2 0
ssw-logs-capture/internal/monitors/file_monitor.go:695.2,698.48 2 0
ssw-logs-capture/internal/monitors/file_monitor.go:698.48,701.17 2 0
ssw-logs-capture/internal/monitors/file_monitor.go:701.17,708.52 4 0
ssw-logs-capture/internal/monitors/file_monitor.go:708.52,711.5 2 0
ssw-logs-capture/internal/monitors/file_monitor.go:713.4,714.33 2 0
ssw-logs-capture/internal/monitors/file_monitor.go:714.33,725.5 1 0
ssw-logs-capture/internal/monitors/file_monitor.go:730.2,730.19 1 0
ssw-logs-capture/internal/monitors/file_monitor.go:730.19,734.3 3 0
ssw-logs-capture/internal/monitors/file_monitor.go:739.56,742.2 2 0
ssw-logs-capture/internal/monitors/file_monitor.go:745.56,747.2 1 0
ssw-logs-capture/internal/monitors/file_monitor.go:750.52,752.19 2 0
ssw-logs-capture/internal/monitors/file_monitor.go:752.19,754.3 1 0
ssw-logs-capture/internal/monitors/file_monitor.go:755.2,755.13 1 0
ssw-logs-capture/internal/monitors/file_monitor.go:759.46,767.37 2 0
ssw-logs-capture/internal/monitors/file_monitor.go:767.37,771.51 2 0
ssw-logs-capture/internal/monitors/file_monitor.go:771.51,773.4 1 0
ssw-logs-capture/internal/monitors/file_monitor.go:776.3,776.57 1 0
ssw-logs-capture/internal/monitors/file_monitor.go:776.57,778.4 1 0
ssw-logs-capture/internal/monitors/file_monitor.go:779.8,782.56 2 0
ssw-logs-capture/internal/monitors/file_monitor.go:782.56,785.54 2 0
ssw-logs-capture/internal/monitors/file_monitor.go:785.54,787.13 2 0
ssw-logs-capture/internal/monitors/file_monitor.go:792.2,793.12 2 0
ssw-logs-capture/internal/monitors/file_monitor.go:797.53,798.37 1 0
ssw-logs-capture/internal/monitors/file_monitor.go:798.37,801.3 2 0
ssw-logs-capture/internal/monitors/file_monitor.go:803.2,808.9 3 0
ssw-logs-capture/internal/monitors/file_monitor.go:808.9,811.3 2 0
ssw-logs-capture/internal/monitors/file_monitor.go:814.2,815.9 2 0
ssw-logs-capture/internal/monitors/file_monitor.go:815.9,818.3 2 0
ssw-logs-capture/internal/monitors/file_monitor.go:820.2,823.43 2 0
ssw-logs-capture/internal/monitors/file_monitor.go:823.43,827.36 2 0
ssw-logs-capture/internal/monitors/file_monitor.go:828.31,829.15 1 0
ssw-logs-capture/internal/monitors/file_monitor.go:830.36,833.30 2 0
ssw-logs-capture/internal/monitors/file_monitor.go:833.30,834.39 1 0
ssw-logs-capture/internal/monitors/file_monitor.go:834.39,836.6 1 0
ssw-logs-capture/internal/monitors/file_monitor.go:838.11,840.12 2 0
ssw-logs-capture/internal/monitors/file_monitor.go:844.3,845.10 2 0
ssw-logs-capture/internal/monitors/file_monitor.go:845.10,847.12 2 0
ssw-logs-capture/internal/monitors/file_monitor.go:850.3,851.10 2 0
ssw-logs-capture/internal/monitors/file_monitor.go:851.10,853.12 2 0
ssw-logs-capture/internal/monitors/file_monitor.go:857.3,858.9 2 0
ssw-logs-capture/internal/monitors/file_monitor.go:858.9,860.22 2 0
ssw-logs-capture/internal/monitors/file_monitor.go:860.22,862.13 2 0
ssw-logs-capture/internal/monitors/file_monitor.go:865.3,870.9 4 0
ssw-logs-capture/internal/monitors/file_monitor.go:870.9,871.49 1 0
ssw-logs-capture/internal/monitors/file_monitor.go:872.32,873.50 1 0
ssw-logs-capture/internal/monitors/file_monitor.go:873.50,874.50 1 0
ssw-logs-capture/internal/monitors/file_monitor.go:874.50,876.7 1 0
ssw-logs-capture/internal/monitors/file_monitor.go:878.37,879.59 1 0
ssw-logs-capture/internal/monitors/file_monitor.go:879.59,880.46 1 0
ssw-logs-capture/internal/monitors/file_monitor.go:880.46,881.51 1 0
ssw-logs-capture/internal/monitors/file_monitor.go:881.51,883.8 1 0
ssw-logs-capture/internal/monitors/file_monitor.go:890.3,893.50 2 0
ssw-logs-capture/internal/monitors/file_monitor.go:893.50,895.4 1 0
ssw-logs-capture/internal/monitors/file_monitor.go:895.9,897.4 1 0
ssw-logs-capture/internal/monitors/file_monitor.go:900.2,900.12 1 0
ssw-logs-capture/internal/monitors/file_monitor.go:904.59,905.37 1 0
ssw-logs-capture/internal/monitors/file_monitor.go:905.37,907.3 1 0
ssw-logs-capture/internal/monitors/file_monitor.go:910.2,911.9 2 0
ssw-logs-capture/internal/monitors/file_monitor.go:911.9,914.3 2 0
ssw-logs-capture/internal/monitors/file_monitor.go:917.2,918.9 2 0
ssw-logs-capture/internal/monitors/file_monitor.go:918.9,920.58 1 0
ssw-logs-capture/internal/monitors/file_monitor.go:920.58,921.40 1 0
ssw-logs-capture/internal/monitors/file_monitor.go:921.40,923.49 2 0
ssw-logs-capture/internal/monitors/file_monitor.go:923.49,925.6 1 0
ssw-logs-capture/internal/monitors/file_monitor.go:927.4,927.14 1 0
ssw-logs-capture/internal/monitors/file_monitor.go:929.3,930.13 2 0
ssw-logs-capture/internal/monitors/file_monitor.go:933.2,936.41 2 0
ssw-logs-capture/internal/monitors/file_monitor.go:936.41,938.37 1 0
ssw-logs-capture/internal/monitors/file_monitor.go:939.15,942.48 2 0
ssw-logs-capture/internal/monitors/file_monitor.go:942.48,944.5 1 0
ssw-logs-capture/internal/monitors/file_monitor.go:946.31,949.11 2 0
ssw-logs-capture/internal/monitors/file_monitor.go:949.11,951.13 2 0
ssw-logs-capture/internal/monitors/file_monitor.go:954.4,955.11 2 0
ssw-logs-capture/internal/monitors/file_monitor.go:955.11,957.13 2 0
ssw-logs-capture/internal/monitors/file_monitor.go:961.4,962.10 2 0
ssw-logs-capture/internal/monitors/file_monitor.go:962.10,964.23 2 0
ssw-logs-capture/internal/monitors/file_monitor.go:964.23,966.14 2 0
ssw-logs-capture/internal/monitors/file_monitor.go:970.4,971.49 2 0
ssw-logs-capture/internal/monitors/file_monitor.go:971.49,973.5 1 0
ssw-logs-capture/internal/monitors/file_monitor.go:975.11,976.101 1 0
ssw-logs-capture/internal/monitors/file_monitor.go:980.2,980.12 1 0
ssw-logs-capture/internal/monitors/file_monitor.go:984.62,985.87 1 0
ssw-logs-capture/internal/monitors/file_monitor.go:985.87,986.17 1 0
ssw-logs-capture/internal/monitors/file_monitor.go:986.17,988.28 1 0
ssw-logs-capture/internal/monitors/file_monitor.go:988.28,991.5 2 0
ssw-logs-capture/internal/monitors/file_monitor.go:992.4,992.14 1 0
ssw-logs-capture/internal/monitors/file_monitor.go:996.3,996.19 1 0
ssw-logs-capture/internal/monitors/file_monitor.go:996.19,998.42 1 0
ssw-logs-capture/internal/monitors/file_monitor.go:998.42,1001.5 2 0
ssw-logs-capture/internal/monitors/file_monitor.go:1004.4,1004.49 1 0
ssw-logs-capture/internal/monitors/file_monitor.go:1004.49,1006.5 1 0
ssw-logs-capture/internal/monitors/file_monitor.go:1007.4,1007.14 1 0
ssw-logs-capture/internal/monitors/file_monitor.go:1011.3,1011.29 1 0
ssw-logs-capture/internal/monitors/file_monitor.go:1011.29,1014.4 2 0
ssw-logs-capture/internal/monitors/file_monitor.go:1017.3,1017.74 1 0
ssw-logs-capture/internal/monitors/file_monitor.go:1017.74,1023.15 4 0
ssw-logs-capture/internal/monitors/file_monitor.go:1023.15,1025.52 2 0
ssw-logs-capture/internal/monitors/file_monitor.go:1025.52,1027.6 1 0
ssw-logs-capture/internal/monitors/file_monitor.go:1027.11,1029.6 1 0
ssw-logs-capture/internal/monitors/file_monitor.go:1033.3,1033.13 1 0
ssw-logs-capture/internal/monitors/file_monitor.go:1038.89,1039.91 1 0
ssw-logs-capture/internal/monitors/file_monitor.go:1039.91,1040.17 1 0
ssw-logs-capture/internal/monitors/file_monitor.go:1040.17,1042.28 1 0
ssw-logs-capture/internal/monitors/file_monitor.go:1042.28,1045.5 2 0
ssw-logs-capture/internal/monitors/file_monitor.go:1046.4,1046.14 1 0
ssw-logs-capture/internal/monitors/file_monitor.go:1050.3,1050.19 1 0
ssw-logs-capture/internal/monitors/file_monitor.go:1050.19,1052.79 1 0
ssw-logs-capture/internal/monitors/file_monitor.go:1052.79,1055.5 2 0
ssw-logs-capture/internal/monitors/file_monitor.go:1058.4,1058.52 1 0
ssw-logs-capture/internal/monitors/file_monitor.go:1058.52,1060.5 1 0
ssw-logs-capture/internal/monitors/file_monitor.go:1061.4,1061.14 1 0
ssw-logs-capture/internal/monitors/file_monitor.go:1065.3,1065.29 1 0
ssw-logs-capture/internal/monitors/file_monitor.go:1065.29,1068.4 2 0
ssw-logs-capture/internal/monitors/file_monitor.go:1071.3,1072.73 1 0
ssw-logs-capture/internal/monitors/file_monitor.go:1072.73,1079.15 4 0
ssw-logs-capture/internal/monitors/file_monitor.go:1079.15,1082.46 2 0
ssw-logs-capture/internal/monitors/file_monitor.go:1082.46,1084.6 1 0
ssw-logs-capture/internal/monitors/file_monitor.go:1086.5,1089.52 3 0
ssw-logs-capture/internal/monitors/file_monitor.go:1089.52,1091.6 1 0
ssw-logs-capture/internal/monitors/file_monitor.go:1091.11,1096.6 1 0
ssw-logs-capture/internal/monitors/file_monitor.go:1100.3,1100.13 1 0
ssw-logs-capture/internal/monitors/file_monitor.go:1105.69,1108.52 2 0
ssw-logs-capture/internal/monitors/file_monitor.go:1108.52,1110.28 2 0
ssw-logs-capture/internal/monitors/file_monitor.go:1110.28,1112.4 1 0
ssw-logs-capture/internal/monitors/file_monitor.go:1115.3,1115.26 1 0
ssw-logs-capture/internal/monitors/file_monitor.go:1115.26,1117.4 1 0
ssw-logs-capture/internal/monitors/file_monitor.go:1120.2,1120.14 1 0
ssw-logs-capture/internal/monitors/file_monitor.go:1124.69,1127.52 2 0
ssw-logs-capture/internal/monitors/file_monitor.go:1127.52,1129.28 2 0
ssw-logs-capture/internal/monitors/file_monitor.go:1129.28,1131.4 1 0
ssw-logs-capture/internal/monitors/file_monitor.go:1134.2,1134.14 1 0
ssw-logs-capture/internal/monitors/file_monitor.go:1138.71,1142.58 2 0
ssw-logs-capture/internal/monitors/file_monitor.go:1142.58,1150.32 3 0
ssw-logs-capture/internal/monitors/file_monitor.go:1150.32,1152.4 1 0
ssw-logs-capture/internal/monitors/file_monitor.go:1155.3,1155.53 1 0
ssw-logs-capture/internal/monitors/file_monitor.go:1155.53,1157.4 1 0
ssw-logs-capture/internal/monitors/file_monitor.go:1160.2,1160.14 1 0
ssw-logs-capture/internal/monitors/file_monitor.go:1164.89,1167.35 2 0
ssw-logs-capture/internal/monitors/file_monitor.go:1167.35,1169.28 2 0
ssw-logs-capture/internal/monitors/file_monitor.go:1169.28,1171.4 1 0
ssw-logs-capture/internal/monitors/file_monitor.go:1174.3,1174.26 1 0
ssw-logs-capture/internal/monitors/file_monitor.go:1174.26,1176.4 1 0
ssw-logs-capture/internal/monitors/file_monitor.go:1179.2,1179.14 1 0
ssw-logs-capture/internal/monitors/file_monitor.go:1183.96,1186.35 2 0
ssw-logs-capture/internal/monitors/file_monitor.go:1186.35,1188.28 2 0
ssw-logs-capture/internal/monitors/file_monitor.go:1188.28,1190.4 1 0
ssw-logs-capture/internal/monitors/file_monitor.go:1193.2,1193.14 1 0
ssw-logs-capture/internal/monitors/file_monitor.go:1197.101,1200.41 2 0
ssw-logs-capture/internal/monitors/file_monitor.go:1200.41,1205.32 3 0
ssw-logs-capture/internal/monitors/file_monitor.go:1205.32,1207.4 1 0
ssw-logs-capture/internal/monitors/file_monitor.go:1210.3,1210.53 1 0
ssw-logs-capture/internal/monitors/file_monitor.go:1210.53,1212.4 1 0
ssw-logs-capture/internal/monitors/file_monitor.go:1215.3,1215.56 1 0
ssw-logs-capture/internal/monitors/file_monitor.go:1215.56,1217.4 1 0
ssw-logs-capture/internal/monitors/file_monitor.go:1220.2,1220.14 1 0
ssw-logs-capture/internal/monitors/file_monitor.go:1224.81,1237.2 7 0
ssw-logs-capture/internal/monitors/file_monitor.go:1240.29,1243.16 2 0
ssw-logs-capture/internal/monitors/file_monitor.go:1243.16,1245.3 1 0
ssw-logs-capture/internal/monitors/file_monitor.go:1247.2,1247.35 1 0
ssw-logs-capture/internal/monitors/file_monitor.go:1247.35,1248.71 1 0
ssw-logs-capture/internal/monitors/file_monitor.go:1248.71,1249.12 1 0
ssw-logs-capture/internal/monitors/file_monitor.go:1252.3,1253.17 2 0
ssw-logs-capture/internal/monitors/file_monitor.go:1253.17,1254.12 1 0
ssw-logs-capture/internal/monitors/file_monitor.go:1257.3,1257.30 1 0
ssw-logs-capture/internal/monitors/file_monitor.go:1257.30,1258.68 1 0
ssw-logs-capture/internal/monitors/file_monitor.go:1258.68,1259.30 1 0
ssw-logs-capture/internal/monitors/file_monitor.go:1259.30,1261.6 1 0
ssw-logs-capture/internal/monitors/file_monitor.go:1266.2,1266.18 1 0
ssw-logs-capture/internal/monitors/file_monitor.go:1270.31,1272.16 2 0
ssw-logs-capture/internal/monitors/file_monitor.go:1272.16,1274.3 1 0
ssw-logs-capture/internal/monitors/file_monitor.go:1275.2,1275.17 1 0
ssw-logs-capture/internal/monitors/file_monitor.go:1279.72,1303.27 3 0
ssw-logs-capture/internal/monitors/file_monitor.go:1303.27,1304.26 1 0
ssw-logs-capture/internal/monitors/file_monitor.go:1304.26,1306.4 1 0
ssw-logs-capture/internal/monitors/file_monitor.go:1310.2,1315.15 5 0
ssw-logs-capture/internal/config/config.go:19.59,24.22 2 0
ssw-logs-capture/internal/config/config.go:24.22,25.60 1 0
ssw-logs-capture/internal/config/config.go:25.60,27.4 1 0
ssw-logs-capture/internal/config/config.go:27.9,29.4 1 0
ssw-logs-capture/internal/config/config.go:33.2,41.49 4 0
ssw-logs-capture/internal/config/config.go:41.49,43.3 1 0
ssw-logs-capture/internal/config/config.go:46.2,46.47 1 0
ssw-logs-capture/internal/config/config.go:46.47,48.3 1 0
ssw-logs-capture/internal/config/config.go:50.2,51.20 2 0
ssw-logs-capture/internal/config/config.go:55.51,58.24 2 0
ssw-logs-capture/internal/config/config.go:58.24,61.3 1 0
ssw-logs-capture/internal/config/config.go:63.2,63.24 1 0
ssw-logs-capture/internal/config/config.go:63.24,66.3 2 0
ssw-logs-capture/internal/config/config.go:69.2,69.57 1 0
ssw-logs-capture/internal/config/config.go:69.57,71.3 1 0
ssw-logs-capture/internal/config/config.go:74.2,75.16 2 0
ssw-logs-capture/internal/config/config.go:75.16,77.3 1 0
ssw-logs-capture/internal/config/config.go:81.2,82.59 2 0
ssw-logs-capture/internal/config/config.go:82.59,84.3 1 0
ssw-logs-capture/internal/config/config.go:87.2,91.12 3 0
ssw-logs-capture/internal/config/config.go:96.53,98.66 1 1
ssw-logs-capture/internal/config/config.go:98.66,99.62 1 1
ssw-logs-capture/internal/config/config.go:99.62,101.4 1 1
ssw-logs-capture/internal/config/config.go:105.2,105.38 1 1
ssw-logs-capture/internal/config/config.go:105.38,107.3 1 1
ssw-logs-capture/internal/config/config.go:110.2,110.35 1 1
ssw-logs-capture/internal/config/config.go:114.42,118.25 2 1
ssw-logs-capture/internal/config/config.go:118.25,121.3 2 1
ssw-logs-capture/internal/config/config.go:123.2,126.27 2 1
ssw-logs-capture/internal/config/config.go:126.27,128.3 1 1
ssw-logs-capture/internal/config/config.go:129.2,129.30 1 1
ssw-logs-capture/internal/config/config.go:129.30,131.3 1 1
ssw-logs-capture/internal/config/config.go:132.2,132.34 1 1
ssw-logs-capture/internal/config/config.go:132.34,134.3 1 1
ssw-logs-capture/internal/config/config.go:135.2,135.31 1 1
ssw-logs-capture/internal/config/config.go:135.31,137.3 1 1
ssw-logs-capture/internal/config/config.go:138.2,138.32 1 1
ssw-logs-capture/internal/config/config.go:138.32,140.3 1 1
ssw-logs-capture/internal/config/config.go:143.2,143.29 1 1
ssw-logs-capture/internal/config/config.go:143.29,145.3 1 1
ssw-logs-capture/internal/config/config.go:146.2,146.30 1 1
ssw-logs-capture/internal/config/config.go:146.30,148.3 1 1
ssw-logs-capture/internal/config/config.go:151.2,151.30 1 1
ssw-logs-capture/internal/config/config.go:151.30,153.3 1 1
ssw-logs-capture/internal/config/config.go:154.2,154.31 1 1
ssw-logs-capture/internal/config/config.go:154.31,156.3 1 1
ssw-logs-capture/internal/config/config.go:157.2,163.48 2 1
ssw-logs-capture/internal/config/config.go:163.48,165.3 1 1
ssw-logs-capture/internal/config/config.go:166.2,166.47 1 1
ssw-logs-capture/internal/config/config.go:166.47,168.3 1 1
ssw-logs-capture/internal/config/config.go:172.2,172.50 1 1
ssw-logs-capture/internal/config/config.go:172.50,174.3 1 1
ssw-logs-capture/internal/config/config.go:175.2,175.53 1 1
ssw-logs-capture/internal/config/config.go:175.53,177.3 1 1
ssw-logs-capture/internal/config/config.go:180.2,180.50 1 1
ssw-logs-capture/internal/config/config.go:180.50,182.3 1 1
ssw-logs-capture/internal/config/config.go:183.2,183.51 1 1
ssw-logs-capture/internal/config/config.go:183.51,185.3 1 1
ssw-logs-capture/internal/config/config.go:186.2,186.50 1 1
ssw-logs-capture/internal/config/config.go:186.50,188.3 1 1
ssw-logs-capture/internal/config/config.go:189.2,192.51 2 1
ssw-logs-capture/internal/config/config.go:192.51,194.3 1 1
ssw-logs-capture/internal/config/config.go:195.2,195.50 1 1
ssw-logs-capture/internal/config/config.go:195.50,197.3 1 1
ssw-logs-capture/internal/config/config.go:198.2,198.43 1 1
ssw-logs-capture/internal/config/config.go:198.43,200.3 1 1
ssw-logs-capture/internal/config/config.go:203.2,203.46 1 1
ssw-logs-capture/internal/config/config.go:203.46,205.3 1 1
ssw-logs-capture/internal/config/config.go:206.2,206.52 1 1
ssw-logs-capture/internal/config/config.go:206.52,208.3 1 1
ssw-logs-capture/internal/config/config.go:209.2,209.53 1 1
ssw-logs-capture/internal/config/config.go:209.53,211.3 1 1
ssw-logs-capture/internal/config/config.go:212.2,212.48 1 1
ssw-logs-capture/internal/config/config.go:212.48,214.3 1 1
ssw-logs-capture/internal/config/config.go:215.2,221.38 5 1
ssw-logs-capture/internal/config/config.go:221.38,223.3 1 1
ssw-logs-capture/internal/config/config.go:224.2,224.40 1 1
ssw-logs-capture/internal/config/config.go:224.40,226.3 1 1
ssw-logs-capture/internal/config/config.go:227.2,227.38 1 1
ssw-logs-capture/internal/config/config.go:227.38,229.3 1 1
ssw-logs-capture/internal/config/config.go:230.2,230.42 1 1
ssw-logs-capture/internal/config/config.go:230.42,232.3 1 1
ssw-logs-capture/internal/config/config.go:235.2,235.33 1 1
ssw-logs-capture/internal/config/config.go:235.33,237.3 1 1
ssw-logs-capture/internal/config/config.go:242.2,242.38 1 1
ssw-logs-capture/internal/config/config.go:242.38,244.3 1 1
ssw-logs-capture/internal/config/config.go:249.2,249.37 1 1
ssw-logs-capture/internal/config/config.go:249.37,251.3 1 1
ssw-logs-capture/internal/config/config.go:252.2,254.44 2 1
ssw-logs-capture/internal/config/config.go:254.44,256.3 1 1
ssw-logs-capture/internal/config/config.go:264.2,267.43 2 1
ssw-logs-capture/internal/config/config.go:267.43,269.3 1 1
ssw-logs-capture/internal/config/config.go:270.2,273.38 2 1
ssw-logs-capture/internal/config/config.go:273.38,275.3 1 1
ssw-logs-capture/internal/config/config.go:276.2,276.42 1 1
ssw-logs-capture/internal/config/config.go:276.42,278.3 1 1
ssw-logs-capture/internal/config/config.go:279.2,279.43 1 1
ssw-logs-capture/internal/config/config.go:279.43,281.3 1 1
ssw-logs-capture/internal/config/config.go:282.2,283.44 2 1
ssw-logs-capture/internal/config/config.go:283.44,285.3 1 1
ssw-logs-capture/internal/config/config.go:286.2,286.43 1 1
ssw-logs-capture/internal/config/config.go:286.43,288.3 1 1
ssw-logs-capture/internal/config/config.go:289.2,294.118 2 1
ssw-logs-capture/internal/config/config.go:294.118,297.3 2 0
ssw-logs-capture/internal/config/config.go:300.2,300.113 1 1
ssw-logs-capture/internal/config/config.go:300.113,302.3 1 0
ssw-logs-capture/internal/config/config.go:303.2,303.52 1 1
ssw-logs-capture/internal/config/config.go:303.52,305.3 1 0
ssw-logs-capture/internal/config/config.go:306.2,306.66 1 1
ssw-logs-capture/internal/config/config.go:306.66,308.3 1 0
ssw-logs-capture/internal/config/config.go:310.2,310.128 1 1
ssw-logs-capture/internal/config/config.go:310.128,312.3 1 0
ssw-logs-capture/internal/config/config.go:313.2,313.63 1 1
ssw-logs-capture/internal/config/config.go:313.63,315.3 1 0
ssw-logs-capture/internal/config/config.go:318.2,318.114 1 1
ssw-logs-capture/internal/config/config.go:318.114,321.3 2 0
ssw-logs-capture/internal/config/config.go:324.2,324.111 1 1
ssw-logs-capture/internal/config/config.go:324.111,326.3 1 0
ssw-logs-capture/internal/config/config.go:327.2,327.63 1 1
ssw-logs-capture/internal/config/config.go:327.63,329.3 1 0
ssw-logs-capture/internal/config/config.go:330.2,330.78 1 1
ssw-logs-capture/internal/config/config.go:330.78,332.3 1 0
ssw-logs-capture/internal/config/config.go:333.2,333.78 1 1
ssw-logs-capture/internal/config/config.go:333.78,335.3 1 0
ssw-logs-capture/internal/config/config.go:338.2,338.74 1 1
ssw-logs-capture/internal/config/config.go:338.74,341.40 2 0
ssw-logs-capture/internal/config/config.go:341.40,343.4 1 0
ssw-logs-capture/internal/config/config.go:343.9,345.4 1 0
ssw-logs-capture/internal/config/config.go:349.2,349.73 1 1
ssw-logs-capture/internal/config/config.go:349.73,351.3 1 0
ssw-logs-capture/internal/config/config.go:354.2,354.57 1 1
ssw-logs-capture/internal/config/config.go:354.57,357.3 2 0
ssw-logs-capture/internal/config/config.go:358.2,358.60 1 1
ssw-logs-capture/internal/config/config.go:358.60,361.3 2 0
ssw-logs-capture/internal/config/config.go:365.66,367.16 2 0
ssw-logs-capture/internal/config/config.go:367.16,369.3 1 0
ssw-logs-capture/internal/config/config.go:371.2,371.53 1 0
ssw-logs-capture/internal/config/config.go:371.53,373.3 1 0
ssw-logs-capture/internal/config/config.go:377.2,379.12 2 0
ssw-logs-capture/internal/config/config.go:383.64,388.48 2 1
ssw-logs-capture/internal/config/config.go:388.48,392.49 1 1
ssw-logs-capture/internal/config/config.go:392.49,394.4 1 1
ssw-logs-capture/internal/config/config.go:395.3,395.48 1 1
ssw-logs-capture/internal/config/config.go:395.48,397.4 1 1
ssw-logs-capture/internal/config/config.go:404.52,405.42 1 1
ssw-logs-capture/internal/config/config.go:405.42,407.3 1 0
ssw-logs-capture/internal/config/config.go:408.2,408.21 1 1
ssw-logs-capture/internal/config/config.go:411.50,412.42 1 1
ssw-logs-capture/internal/config/config.go:412.42,413.55 1 0
ssw-logs-capture/internal/config/config.go:413.55,415.4 1 0
ssw-logs-capture/internal/config/config.go:417.2,417.21 1 1
ssw-logs-capture/internal/config/config.go:420.53,421.42 1 1
ssw-logs-capture/internal/config/config.go:421.42,422.61 1 0
ssw-logs-capture/internal/config/config.go:422.61,424.4 1 0
ssw-logs-capture/internal/config/config.go:426.2,426.21 1 1
ssw-logs-capture/internal/config/config.go:429.75,430.42 1 0
ssw-logs-capture/internal/config/config.go:430.42,431.61 1 0
ssw-logs-capture/internal/config/config.go:431.61,433.4 1 0
ssw-logs-capture/internal/config/config.go:435.2,435.21 1 0
ssw-logs-capture/internal/config/config.go:438.68,439.42 1 0
ssw-logs-capture/internal/config/config.go:439.42,441.3 1 0
ssw-logs-capture/internal/config/config.go:442.2,442.21 1 0
ssw-logs-capture/internal/config/config.go:445.84,446.42 1 0
ssw-logs-capture/internal/config/config.go:446.42,449.30 3 0
ssw-logs-capture/internal/config/config.go:449.30,450.56 1 0
ssw-logs-capture/internal/config/config.go:450.56,452.5 1 0
ssw-logs-capture/internal/config/config.go:452.10,452.27 1 0
ssw-logs-capture/internal/config/config.go:452.27,455.5 1 0
ssw-logs-capture/internal/config/config.go:457.3,457.16 1 0
ssw-logs-capture/internal/config/config.go:459.2,459.21 1 0
ssw-logs-capture/internal/config/config.go:463.49,466.2 2 1
ssw-logs-capture/internal/config/config.go:475.44,500.23 9 1
ssw-logs-capture/internal/config/config.go:500.23,502.3 1 1
ssw-logs-capture/internal/config/config.go:504.2,504.12 1 1
ssw-logs-capture/internal/config/config.go:507.74,510.2 2 1
ssw-logs-capture/internal/config/config.go:512.41,513.29 1 1
ssw-logs-capture/internal/config/config.go:513.29,515.3 1 0
ssw-logs-capture/internal/config/config.go:517.2,517.32 1 1
ssw-logs-capture/internal/config/config.go:517.32,519.3 1 0
ssw-logs-capture/internal/config/config.go:521.2,525.44 2 1
ssw-logs-capture/internal/config/config.go:525.44,527.3 1 1
ssw-logs-capture/internal/config/config.go:529.2,530.46 2 1
ssw-logs-capture/internal/config/config.go:530.46,532.3 1 0
ssw-logs-capture/internal/config/config.go:535.44,536.29 1 1
ssw-logs-capture/internal/config/config.go:536.29,537.64 1 1
ssw-logs-capture/internal/config/config.go:537.64,539.4 1 1
ssw-logs-capture/internal/config/config.go:541.3,541.33 1 1
ssw-logs-capture/internal/config/config.go:541.33,543.4 1 0
ssw-logs-capture/internal/config/config.go:546.3,546.40 1 1
ssw-logs-capture/internal/config/config.go:546.40,547.77 1 1
ssw-logs-capture/internal/config/config.go:547.77,549.5 1 1
ssw-logs-capture/internal/config/config.go:552.3,552.41 1 1
ssw-logs-capture/internal/config/config.go:552.41,553.78 1 1
ssw-logs-capture/internal/config/config.go:553.78,555.5 1 0
ssw-logs-capture/internal/config/config.go:560.45,561.30 1 1
ssw-logs-capture/internal/config/config.go:561.30,562.66 1 1
ssw-logs-capture/internal/config/config.go:562.66,564.4 1 0
ssw-logs-capture/internal/config/config.go:566.3,566.34 1 1
ssw-logs-capture/internal/config/config.go:566.34,568.4 1 0
ssw-logs-capture/internal/config/config.go:571.3,571.79 1 1
ssw-logs-capture/internal/config/config.go:571.79,573.4 1 1
ssw-logs-capture/internal/config/config.go:577.48,579.39 1 1
ssw-logs-capture/internal/config/config.go:579.39,580.49 1 0
ssw-logs-capture/internal/config/config.go:580.49,582.4 1 0
ssw-logs-capture/internal/config/config.go:584.3,584.51 1 0
ssw-logs-capture/internal/config/config.go:584.51,586.4 1 0
ssw-logs-capture/internal/config/config.go:589.3,594.42 2 0
ssw-logs-capture/internal/config/config.go:594.42,595.22 1 0
ssw-logs-capture/internal/config/config.go:595.22,596.59 1 0
ssw-logs-capture/internal/config/config.go:596.59,598.6 1 0
ssw-logs-capture/internal/config/config.go:604.2,604.41 1 1
ssw-logs-capture/internal/config/config.go:604.41,605.54 1 0
ssw-logs-capture/internal/config/config.go:605.54,607.4 1 0
ssw-logs-capture/internal/config/config.go:610.3,610.61 1 0
ssw-logs-capture/internal/config/config.go:610.61,611.41 1 0
ssw-logs-capture/internal/config/config.go:611.41,613.5 1 0
ssw-logs-capture/internal/config/config.go:618.43,622.33 2 1
ssw-logs-capture/internal/config/config.go:622.33,625.36 2 1
ssw-logs-capture/internal/config/config.go:625.36,627.4 1 1
ssw-logs-capture/internal/config/config.go:627.9,628.64 1 1
ssw-logs-capture/internal/config/config.go:628.64,630.5 1 0
ssw-logs-capture/internal/config/config.go:633.3,633.41 1 1
ssw-logs-capture/internal/config/config.go:633.41,635.4 1 0
ssw-logs-capture/internal/config/config.go:637.3,637.45 1 1
ssw-logs-capture/internal/config/config.go:637.45,638.82 1 1
ssw-logs-capture/internal/config/config.go:638.82,640.5 1 0
ssw-logs-capture/internal/config/config.go:645.2,645.38 1 1
ssw-logs-capture/internal/config/config.go:645.38,648.47 2 1
ssw-logs-capture/internal/config/config.go:648.47,650.4 1 0
ssw-logs-capture/internal/config/config.go:650.9,652.59 1 1
ssw-logs-capture/internal/config/config.go:652.59,654.5 1 1
ssw-logs-capture/internal/config/config.go:658.3,658.50 1 1
ssw-logs-capture/internal/config/config.go:658.50,660.60 2 0
ssw-logs-capture/internal/config/config.go:660.60,662.5 1 0
ssw-logs-capture/internal/config/config.go:667.2,667.42 1 1
ssw-logs-capture/internal/config/config.go:667.42,670.50 2 0
ssw-logs-capture/internal/config/config.go:670.50,672.4 1 0
ssw-logs-capture/internal/config/config.go:672.9,673.65 1 0
ssw-logs-capture/internal/config/config.go:673.65,674.52 1 0
ssw-logs-capture/internal/config/config.go:674.52,676.6 1 0
ssw-logs-capture/internal/config/config.go:682.2,682.35 1 1
ssw-logs-capture/internal/config/config.go:682.35,685.38 2 0
ssw-logs-capture/internal/config/config.go:685.38,687.4 1 0
ssw-logs-capture/internal/config/config.go:689.3,689.40 1 0
ssw-logs-capture/internal/config/config.go:689.40,691.4 1 0
ssw-logs-capture/internal/config/config.go:694.2,694.23 1 1
ssw-logs-capture/internal/config/config.go:694.23,696.3 1 1
ssw-logs-capture/internal/config/config.go:699.48,700.33 1 1
ssw-logs-capture/internal/config/config.go:700.33,701.46 1 1
ssw-logs-capture/internal/config/config.go:701.46,703.4 1 0
ssw-logs-capture/internal/config/config.go:708.47,710.32 1 1
ssw-logs-capture/internal/config/config.go:710.32,711.41 1 1
ssw-logs-capture/internal/config/config.go:711.41,713.4 1 0
ssw-logs-capture/internal/config/config.go:715.3,715.46 1 1
ssw-logs-capture/internal/config/config.go:715.46,717.4 1 0
ssw-logs-capture/internal/config/config.go:721.2,721.40 1 1
ssw-logs-capture/internal/config/config.go:721.40,723.3 1 1
ssw-logs-capture/internal/config/config.go:725.2,725.42 1 1
ssw-logs-capture/internal/config/config.go:725.42,727.3 1 1
ssw-logs-capture/internal/config/config.go:729.2,729.40 1 1
ssw-logs-capture/internal/config/config.go:729.40,731.3 1 1
ssw-logs-capture/internal/config/config.go:734.2,734.45 1 1
ssw-logs-capture/internal/config/config.go:734.45,736.3 1 1
ssw-logs-capture/internal/config/config.go:738.2,738.43 1 1
ssw-logs-capture/internal/config/config.go:738.43,740.3 1 1
ssw-logs-capture/internal/config/config.go:743.47,746.2 0 1
ssw-logs-capture/internal/config/config.go:748.69,749.15 1 0
ssw-logs-capture/internal/config/config.go:749.15,751.3 1 0
ssw-logs-capture/internal/config/config.go:754.2,754.26 1 0
ssw-logs-capture/internal/config/config.go:754.26,756.3 1 0
ssw-logs-capture/internal/config/config.go:759.2,760.16 2 0
ssw-logs-capture/internal/config/config.go:760.16,761.25 1 0
ssw-logs-capture/internal/config/config.go:761.25,763.4 1 0
ssw-logs-capture/internal/config/config.go:764.3,764.56 1 0
ssw-logs-capture/internal/config/config.go:767.2,767.19 1 0
ssw-logs-capture/internal/config/config.go:767.19,769.3 1 0
ssw-logs-capture/internal/config/config.go:772.2,773.16 2 0
ssw-logs-capture/internal/config/config.go:773.16,775.3 1 0
ssw-logs-capture/internal/config/config.go:776.2,778.12 2 0
ssw-logs-capture/internal/config/config.go:781.71,783.55 1 0
ssw-logs-capture/internal/config/config.go:783.55,785.25 1 0
ssw-logs-capture/internal/config/config.go:785.25,788.4 2 0
ssw-logs-capture/internal/config/config.go:789.3,789.13 1 0
ssw-logs-capture/internal/config/config.go:793.2,795.16 3 0
ssw-logs-capture/internal/config/config.go:795.16,797.3 1 0
ssw-logs-capture/internal/config/config.go:798.2,801.12 3 0
ssw-logs-capture/internal/config/config.go:804.67,805.16 1 0
ssw-logs-capture/internal/config/config.go:805.16,807.3 1 0
ssw-logs-capture/internal/config/config.go:810.2,810.27 1 0
ssw-logs-capture/internal/config/config.go:810.27,812.3 1 0
ssw-logs-capture/internal/config/config.go:815.2,816.16 2 0
ssw-logs-capture/internal/config/config.go:816.16,818.3 1 0
ssw-logs-capture/internal/config/config.go:819.2,821.12 2 0
ssw-logs-capture/internal/config/config.go:824.56,825.24 1 1
ssw-logs-capture/internal/config/config.go:825.24,827.3 1 1
ssw-logs-capture/internal/config/config.go:830.2,831.31 2 0
ssw-logs-capture/internal/config/config.go:831.31,833.3 1 0
ssw-logs-capture/internal/config/config.go:835.2,835.116 1 0
ssw-logs-capture/internal/config/config.go:839.54,895.67 35 0
ssw-logs-capture/internal/config/config.go:895.67,899.3 3 0
ssw-logs-capture/internal/config/config.go:900.2,900.70 1 0
ssw-logs-capture/internal/config/config.go:900.70,903.3 2 0
ssw-logs-capture/internal/config/config.go:906.2,906.68 1 0
ssw-logs-capture/internal/config/config.go:906.68,907.39 1 0
ssw-logs-capture/internal/config/config.go:907.39,909.4 1 0
ssw-logs-capture/internal/config/config.go:910.3,911.31 2 0
ssw-logs-capture/internal/config/config.go:911.31,913.4 1 0
ssw-logs-capture/internal/config/config.go:917.2,917.65 1 0
ssw-logs-capture/internal/config/config.go:917.65,918.45 1 0
ssw-logs-capture/internal/config/config.go:918.45,920.4 1 0
ssw-logs-capture/internal/config/config.go:921.3,922.30 2 0
ssw-logs-capture/internal/config/config.go:922.30,924.4 1 0
ssw-logs-capture/internal/metrics/metrics.go:407.51,408.15 1 0
ssw-logs-capture/internal/metrics/metrics.go:408.15,409.31 1 0
ssw-logs-capture/internal/metrics/metrics.go:409.31,411.30 1 0
ssw-logs-capture/internal/metrics/metrics.go:411.31,413.5 0 0
ssw-logs-capture/internal/metrics/metrics.go:416.2,416.36 1 0
ssw-logs-capture/internal/metrics/metrics.go:420.74,422.34 1 0
ssw-logs-capture/internal/metrics/metrics.go:422.34,469.3 42 0
ssw-logs-capture/internal/metrics/metrics.go:471.2,473.73 3 0
ssw-logs-capture/internal/metrics/metrics.go:473.73,476.3 2 0
ssw-logs-capture/internal/metrics/metrics.go:478.2,484.3 1 0
ssw-logs-capture/internal/metrics/metrics.go:488.40,491.12 2 0
ssw-logs-capture/internal/metrics/metrics.go:491.12,492.83 1 0
ssw-logs-capture/internal/metrics/metrics.go:492.83,494.4 1 0
ssw-logs-capture/internal/metrics/metrics.go:497.2,497.12 1 0
ssw-logs-capture/internal/metrics/metrics.go:501.39,504.2 2 0
ssw-logs-capture/internal/metrics/metrics.go:509.64,511.2 1 0
ssw-logs-capture/internal/metrics/metrics.go:514.45,516.2 1 0
ssw-logs-capture/internal/metrics/metrics.go:519.47,521.2 1 0
ssw-logs-capture/internal/metrics/metrics.go:524.68,526.15 2 0
ssw-logs-capture/internal/metrics/metrics.go:526.15,528.3 1 0
ssw-logs-capture/internal/metrics/metrics.go:529.2,529.65 1 0
ssw-logs-capture/internal/metrics/metrics.go:533.86,535.15 2 0
ssw-logs-capture/internal/metrics/metrics.go:535.15,537.3 1 0
ssw-logs-capture/internal/metrics/metrics.go:538.2,538.83 1 0
ssw-logs-capture/internal/metrics/metrics.go:542.54,544.2 1 0
ssw-logs-capture/internal/metrics/metrics.go:547.68,549.2 1 0
ssw-logs-capture/internal/metrics/metrics.go:552.76,554.13 2 0
ssw-logs-capture/internal/metrics/metrics.go:554.13,556.3 1 0
ssw-logs-capture/internal/metrics/metrics.go:557.2,557.74 1 0
ssw-logs-capture/internal/metrics/metrics.go:561.84,563.2 1 0
ssw-logs-capture/internal/metrics/metrics.go:566.70,568.2 1 0
ssw-logs-capture/internal/metrics/metrics.go:571.58,573.2 1 0
ssw-logs-capture/internal/metrics/metrics.go:576.51,578.2 1 0
ssw-logs-capture/internal/metrics/metrics.go:581.56,583.2 1 0
ssw-logs-capture/internal/metrics/metrics.go:601.65,612.2 2 0
ssw-logs-capture/internal/metrics/metrics.go:615.50,632.17 9 0
ssw-logs-capture/internal/metrics/metrics.go:632.17,636.3 2 0
ssw-logs-capture/internal/metrics/metrics.go:639.2,639.47 1 0
ssw-logs-capture/internal/metrics/metrics.go:639.47,641.3 1 0
ssw-logs-capture/internal/metrics/metrics.go:645.84,647.2 1 0
ssw-logs-capture/internal/metrics/metrics.go:650.96,652.2 1 0
ssw-logs-capture/internal/metrics/metrics.go:655.96,657.2 1 0
ssw-logs-capture/internal/metrics/metrics.go:660.95,662.2 1 0
ssw-logs-capture/internal/metrics/metrics.go:665.91,667.2 1 0
ssw-logs-capture/internal/metrics/metrics.go:670.95,672.2 1 0
ssw-logs-capture/internal/metrics/metrics.go:675.42,676.18 1 0
ssw-logs-capture/internal/metrics/metrics.go:676.18,678.3 1 0
ssw-logs-capture/internal/metrics/metrics.go:680.2,686.12 4 0
ssw-logs-capture/internal/metrics/metrics.go:690.41,691.19 1 0
ssw-logs-capture/internal/metrics/metrics.go:691.19,693.3 1 0
ssw-logs-capture/internal/metrics/metrics.go:695.2,698.12 3 0
ssw-logs-capture/internal/metrics/metrics.go:702.48,706.19 3 0
ssw-logs-capture/internal/metrics/metrics.go:706.19,707.10 1 0
ssw-logs-capture/internal/metrics/metrics.go:708.19,709.28 1 0
ssw-logs-capture/internal/metrics/metrics.go:716.35,718.16 2 0
ssw-logs-capture/internal/metrics/metrics.go:718.16,721.3 1 0
ssw-logs-capture/internal/metrics/metrics.go:722.2,722.19 1 0
ssw-logs-capture/internal/metrics/metrics.go:726.43,728.2 1 0
ssw-logs-capture/internal/metrics/metrics.go:731.48,733.2 1 0
ssw-logs-capture/pkg/backpressure/manager.go:22.32,23.11 1 0
ssw-logs-capture/pkg/backpressure/manager.go:24.17,25.16 1 0
ssw-logs-capture/pkg/backpressure/manager.go:26.16,27.15 1 0
ssw-logs-capture/pkg/backpressure/manager.go:28.19,29.18 1 0
ssw-logs-capture/pkg/backpressure/manager.go:30.17,31.16 1 0
ssw-logs-capture/pkg/backpressure/manager.go:32.21,33.20 1 0
ssw-logs-capture/pkg/backpressure/manager.go:34.10,35.19 1 0
ssw-logs-capture/pkg/backpressure/manager.go:90.64,92.30 1 0
ssw-logs-capture/pkg/backpressure/manager.go:92.30,94.3 1 0
ssw-logs-capture/pkg/backpressure/manager.go:95.2,95.33 1 0
ssw-logs-capture/pkg/backpressure/manager.go:95.33,97.3 1 0
ssw-logs-capture/pkg/backpressure/manager.go:98.2,98.31 1 0
ssw-logs-capture/pkg/backpressure/manager.go:98.31,100.3 1 0
ssw-logs-capture/pkg/backpressure/manager.go:101.2,101.35 1 0
ssw-logs-capture/pkg/backpressure/manager.go:101.35,103.3 1 0
ssw-logs-capture/pkg/backpressure/manager.go:104.2,104.31 1 0
ssw-logs-capture/pkg/backpressure/manager.go:104.31,106.3 1 0
ssw-logs-capture/pkg/backpressure/manager.go:107.2,107.31 1 0
ssw-logs-capture/pkg/backpressure/manager.go:107.31,109.3 1 0
ssw-logs-capture/pkg/backpressure/manager.go:110.2,110.30 1 0
ssw-logs-capture/pkg/backpressure/manager.go:110.30,112.3 1 0
ssw-logs-capture/pkg/backpressure/manager.go:113.2,113.30 1 0
ssw-logs-capture/pkg/backpressure/manager.go:113.30,115.3 1 0
ssw-logs-capture/pkg/backpressure/manager.go:116.2,116.33 1 0
ssw-logs-capture/pkg/backpressure/manager.go:116.33,118.3 1 0
ssw-logs-capture/pkg/backpressure/manager.go:119.2,119.31 1 0
ssw-logs-capture/pkg/backpressure/manager.go:119.31,121.3 1 0
ssw-logs-capture/pkg/backpressure/manager.go:122.2,122.35 1 0
ssw-logs-capture/pkg/backpressure/manager.go:122.35,124.3 1 0
ssw-logs-capture/pkg/backpressure/manager.go:126.2,131.3 1 0
ssw-logs-capture/pkg/backpressure/manager.go:135.50,144.2 5 0
ssw-logs-capture/pkg/backpressure/manager.go:147.35,159.59 3 0
ssw-logs-capture/pkg/backpressure/manager.go:159.59,161.3 1 0
ssw-logs-capture/pkg/backpressure/manager.go:164.2,164.71 1 0
ssw-logs-capture/pkg/backpressure/manager.go:164.71,166.3 1 0
ssw-logs-capture/pkg/backpressure/manager.go:169.2,169.32 1 0
ssw-logs-capture/pkg/backpressure/manager.go:169.32,171.3 1 0
ssw-logs-capture/pkg/backpressure/manager.go:175.55,176.9 1 0
ssw-logs-capture/pkg/backpressure/manager.go:177.43,178.23 1 0
ssw-logs-capture/pkg/backpressure/manager.go:179.39,180.19 1 0
ssw-logs-capture/pkg/backpressure/manager.go:181.41,182.21 1 0
ssw-logs-capture/pkg/backpressure/manager.go:183.38,184.18 1 0
ssw-logs-capture/pkg/backpressure/manager.go:185.10,186.19 1 0
ssw-logs-capture/pkg/backpressure/manager.go:191.47,198.18 5 0
ssw-logs-capture/pkg/backpressure/manager.go:199.17,200.24 1 0
ssw-logs-capture/pkg/backpressure/manager.go:201.16,202.42 1 0
ssw-logs-capture/pkg/backpressure/manager.go:203.19,204.45 1 0
ssw-logs-capture/pkg/backpressure/manager.go:205.17,206.43 1 0
ssw-logs-capture/pkg/backpressure/manager.go:207.21,208.47 1 0
ssw-logs-capture/pkg/backpressure/manager.go:211.2,223.28 2 0
ssw-logs-capture/pkg/backpressure/manager.go:223.28,225.3 1 0
ssw-logs-capture/pkg/backpressure/manager.go:229.36,233.2 3 0
ssw-logs-capture/pkg/backpressure/manager.go:236.39,240.2 3 0
ssw-logs-capture/pkg/backpressure/manager.go:243.35,247.2 3 0
ssw-logs-capture/pkg/backpressure/manager.go:250.41,254.2 3 0
ssw-logs-capture/pkg/backpressure/manager.go:257.39,261.2 3 0
ssw-logs-capture/pkg/backpressure/manager.go:264.40,268.2 3 0
ssw-logs-capture/pkg/backpressure/manager.go:271.40,275.2 3 0
ssw-logs-capture/pkg/backpressure/manager.go:278.74,282.2 3 0
ssw-logs-capture/pkg/backpressure/manager.go:285.52,291.6 4 0
ssw-logs-capture/pkg/backpressure/manager.go:291.6,292.10 1 0
ssw-logs-capture/pkg/backpressure/manager.go:293.21,295.20 2 0
ssw-logs-capture/pkg/backpressure/manager.go:296.19,299.56 2 0
ssw-logs-capture/pkg/backpressure/manager.go:299.56,301.5 1 0
ssw-logs-capture/pkg/backpressure/manager.go:302.4,302.17 1 0
ssw-logs-capture/pkg/backpressure/manager.go:308.43,312.2 3 0
ssw-logs-capture/pkg/backpressure/manager.go:315.27,319.2 3 0
ssw-logs-capture/pkg/backpressure/manager.go:322.53,338.2 3 0
ssw-logs-capture/internal/processing/log_processor.go:65.97,73.41 2 0
ssw-logs-capture/internal/processing/log_processor.go:73.41,74.51 1 0
ssw-logs-capture/internal/processing/log_processor.go:74.51,76.4 1 0
ssw-logs-capture/internal/processing/log_processor.go:79.2,79.23 1 0
ssw-logs-capture/internal/processing/log_processor.go:83.47,85.16 2 0
ssw-logs-capture/internal/processing/log_processor.go:85.16,87.3 1 0
ssw-logs-capture/internal/processing/log_processor.go:89.2,90.54 2 0
ssw-logs-capture/internal/processing/log_processor.go:90.54,92.3 1 0
ssw-logs-capture/internal/processing/log_processor.go:95.2,95.44 1 0
ssw-logs-capture/internal/processing/log_processor.go:95.44,97.17 2 0
ssw-logs-capture/internal/processing/log_processor.go:97.17,99.4 1 0
ssw-logs-capture/internal/processing/log_processor.go:100.3,100.41 1 0
ssw-logs-capture/internal/processing/log_processor.go:104.2,107.12 3 0
ssw-logs-capture/internal/processing/log_processor.go:111.79,120.38 2 0
ssw-logs-capture/internal/processing/log_processor.go:120.38,122.17 2 0
ssw-logs-capture/internal/processing/log_processor.go:122.17,124.4 1 0
ssw-logs-capture/internal/processing/log_processor.go:125.3,125.72 1 0
ssw-logs-capture/internal/processing/log_processor.go:128.2,128.22 1 0
ssw-logs-capture/internal/processing/log_processor.go:132.80,137.19 3 0
ssw-logs-capture/internal/processing/log_processor.go:138.23,139.57 1 0
ssw-logs-capture/internal/processing/log_processor.go:140.25,141.59 1 0
ssw-logs-capture/internal/processing/log_processor.go:142.20,143.54 1 0
ssw-logs-capture/internal/processing/log_processor.go:144.19,145.53 1 0
ssw-logs-capture/internal/processing/log_processor.go:146.22,147.56 1 0
ssw-logs-capture/internal/processing/log_processor.go:148.27,149.60 1 0
ssw-logs-capture/internal/processing/log_processor.go:150.10,151.72 1 0
ssw-logs-capture/internal/processing/log_processor.go:154.2,154.16 1 0
ssw-logs-capture/internal/processing/log_processor.go:154.16,156.3 1 0
ssw-logs-capture/internal/processing/log_processor.go:158.2,164.26 2 0
ssw-logs-capture/internal/processing/log_processor.go:164.26,166.17 2 0
ssw-logs-capture/internal/processing/log_processor.go:166.17,168.4 1 0
ssw-logs-capture/internal/processing/log_processor.go:169.3,169.33 1 0
ssw-logs-capture/internal/processing/log_processor.go:172.2,172.26 1 0
ssw-logs-capture/internal/processing/log_processor.go:176.102,177.24 1 0
ssw-logs-capture/internal/processing/log_processor.go:177.24,179.3 1 0
ssw-logs-capture/internal/processing/log_processor.go:182.2,183.21 2 0
ssw-logs-capture/internal/processing/log_processor.go:183.21,185.65 1 0
ssw-logs-capture/internal/processing/log_processor.go:185.65,187.4 1 0
ssw-logs-capture/internal/processing/log_processor.go:187.9,189.4 1 0
ssw-logs-capture/internal/processing/log_processor.go:193.2,193.56 1 0
ssw-logs-capture/internal/processing/log_processor.go:197.71,202.61 3 0
ssw-logs-capture/internal/processing/log_processor.go:202.61,204.14 2 0
ssw-logs-capture/internal/processing/log_processor.go:204.14,205.12 1 0
ssw-logs-capture/internal/processing/log_processor.go:208.3,208.42 1 0
ssw-logs-capture/internal/processing/log_processor.go:208.42,209.40 1 0
ssw-logs-capture/internal/processing/log_processor.go:209.40,211.5 1 0
ssw-logs-capture/internal/processing/log_processor.go:216.2,216.64 1 0
ssw-logs-capture/internal/processing/log_processor.go:216.64,218.3 1 0
ssw-logs-capture/internal/processing/log_processor.go:220.2,220.12 1 0
ssw-logs-capture/internal/processing/log_processor.go:224.83,226.49 1 0
ssw-logs-capture/internal/processing/log_processor.go:226.49,228.3 1 0
ssw-logs-capture/internal/processing/log_processor.go:231.2,231.71 1 0
ssw-logs-capture/internal/processing/log_processor.go:231.71,232.47 1 0
ssw-logs-capture/internal/processing/log_processor.go:232.47,234.4 1 0
ssw-logs-capture/internal/processing/log_processor.go:237.2,237.14 1 0
ssw-logs-capture/internal/processing/log_processor.go:241.87,244.2 1 0
ssw-logs-capture/internal/processing/log_processor.go:247.137,251.54 3 0
ssw-logs-capture/internal/processing/log_processor.go:251.54,253.10 1 0
ssw-logs-capture/internal/processing/log_processor.go:254.21,255.34 1 0
ssw-logs-capture/internal/processing/log_processor.go:256.11,256.11 0 0
ssw-logs-capture/internal/processing/log_processor.go:260.3,260.36 1 0
ssw-logs-capture/internal/processing/log_processor.go:260.36,261.65 1 0
ssw-logs-capture/internal/processing/log_processor.go:261.65,262.13 1 0
ssw-logs-capture/internal/processing/log_processor.go:267.3,272.17 5 0
ssw-logs-capture/internal/processing/log_processor.go:272.17,278.4 2 0
ssw-logs-capture/internal/processing/log_processor.go:280.3,280.28 1 0
ssw-logs-capture/internal/processing/log_processor.go:280.28,282.4 1 0
ssw-logs-capture/internal/processing/log_processor.go:286.2,295.26 4 0
ssw-logs-capture/internal/processing/log_processor.go:299.50,301.2 1 0
ssw-logs-capture/internal/processing/log_processor.go:311.94,313.9 2 0
ssw-logs-capture/internal/processing/log_processor.go:313.9,315.3 1 0
ssw-logs-capture/internal/processing/log_processor.go:317.2,318.16 2 0
ssw-logs-capture/internal/processing/log_processor.go:318.16,320.3 1 0
ssw-logs-capture/internal/processing/log_processor.go:322.2,323.9 2 0
ssw-logs-capture/internal/processing/log_processor.go:323.9,325.3 1 0
ssw-logs-capture/internal/processing/log_processor.go:327.2,328.40 2 0
ssw-logs-capture/internal/processing/log_processor.go:328.40,330.3 1 0
ssw-logs-capture/internal/processing/log_processor.go:332.2,335.8 1 0
ssw-logs-capture/internal/processing/log_processor.go:338.112,340.22 2 0
ssw-logs-capture/internal/processing/log_processor.go:340.22,344.29 2 0
ssw-logs-capture/internal/processing/log_processor.go:344.29,346.4 1 0
ssw-logs-capture/internal/processing/log_processor.go:348.3,348.36 1 0
ssw-logs-capture/internal/processing/log_processor.go:348.36,349.26 1 0
ssw-logs-capture/internal/processing/log_processor.go:349.26,351.5 1 0
ssw-logs-capture/internal/processing/log_processor.go:354.3,354.23 1 0
ssw-logs-capture/internal/processing/log_processor.go:357.2,357.19 1 0
ssw-logs-capture/internal/processing/log_processor.go:360.52,362.2 1 0
ssw-logs-capture/internal/processing/log_processor.go:374.98,383.43 2 0
ssw-logs-capture/internal/processing/log_processor.go:383.43,385.3 1 0
ssw-logs-capture/internal/processing/log_processor.go:388.2,388.51 1 0
ssw-logs-capture/internal/processing/log_processor.go:388.51,390.3 1 0
ssw-logs-capture/internal/processing/log_processor.go:393.2,393.58 1 0
ssw-logs-capture/internal/processing/log_processor.go:393.58,395.3 1 0
ssw-logs-capture/internal/processing/log_processor.go:398.2,398.47 1 0
ssw-logs-capture/internal/processing/log_processor.go:398.47,399.52 1 0
ssw-logs-capture/internal/processing/log_processor.go:399.52,401.4 1 0
ssw-logs-capture/internal/processing/log_processor.go:405.2,405.49 1 0
ssw-logs-capture/internal/processing/log_processor.go:405.49,407.3 1 0
ssw-logs-capture/internal/processing/log_processor.go:407.8,407.74 1 0
ssw-logs-capture/internal/processing/log_processor.go:407.74,409.38 2 0
ssw-logs-capture/internal/processing/log_processor.go:409.38,411.4 1 0
ssw-logs-capture/internal/processing/log_processor.go:412.8,412.77 1 0
ssw-logs-capture/internal/processing/log_processor.go:412.77,415.3 2 0
ssw-logs-capture/internal/processing/log_processor.go:415.8,417.3 1 0
ssw-logs-capture/internal/processing/log_processor.go:419.2,419.23 1 0
ssw-logs-capture/internal/processing/log_processor.go:422.114,424.28 2 0
ssw-logs-capture/internal/processing/log_processor.go:424.28,426.3 1 0
ssw-logs-capture/internal/processing/log_processor.go:426.8,426.68 1 0
ssw-logs-capture/internal/processing/log_processor.go:426.68,428.3 1 0
ssw-logs-capture/internal/processing/log_processor.go:428.8,430.3 1 0
ssw-logs-capture/internal/processing/log_processor.go:433.2,436.37 3 0
ssw-logs-capture/internal/processing/log_processor.go:436.37,438.17 2 0
ssw-logs-capture/internal/processing/log_processor.go:438.17,439.9 1 0
ssw-logs-capture/internal/processing/log_processor.go:444.2,444.34 1 0
ssw-logs-capture/internal/processing/log_processor.go:444.34,446.3 1 0
ssw-logs-capture/internal/processing/log_processor.go:448.2,448.16 1 0
ssw-logs-capture/internal/processing/log_processor.go:448.16,450.3 1 0
ssw-logs-capture/internal/processing/log_processor.go:454.2,455.28 2 0
ssw-logs-capture/internal/processing/log_processor.go:455.28,457.3 1 0
ssw-logs-capture/internal/processing/log_processor.go:460.2,460.56 1 0
ssw-logs-capture/internal/processing/log_processor.go:460.56,462.3 1 0
ssw-logs-capture/internal/processing/log_processor.go:462.8,464.3 1 0
ssw-logs-capture/internal/processing/log_processor.go:466.2,466.22 1 0
ssw-logs-capture/internal/processing/log_processor.go:470.90,485.35 2 0
ssw-logs-capture/internal/processing/log_processor.go:485.35,487.14 2 0
ssw-logs-capture/internal/processing/log_processor.go:487.14,491.19 3 0
ssw-logs-capture/internal/processing/log_processor.go:491.19,493.5 1 0
ssw-logs-capture/internal/processing/log_processor.go:497.2,497.74 1 0
ssw-logs-capture/internal/processing/log_processor.go:501.43,533.2 1 0
ssw-logs-capture/internal/processing/log_processor.go:535.54,537.2 1 0
ssw-logs-capture/internal/processing/log_processor.go:544.88,546.43 2 0
ssw-logs-capture/internal/processing/log_processor.go:546.43,548.3 1 0
ssw-logs-capture/internal/processing/log_processor.go:550.2,552.8 1 0
ssw-logs-capture/internal/processing/log_processor.go:555.109,558.2 1 0
ssw-logs-capture/internal/processing/log_processor.go:560.49,562.2 1 0
ssw-logs-capture/internal/processing/log_processor.go:569.86,571.9 2 0
ssw-logs-capture/internal/processing/log_processor.go:571.9,573.3 1 0
ssw-logs-capture/internal/processing/log_processor.go:576.2,577.42 2 0
ssw-logs-capture/internal/processing/log_processor.go:578.30,579.21 1 0
ssw-logs-capture/internal/processing/log_processor.go:580.35,582.28 2 0
ssw-logs-capture/internal/processing/log_processor.go:582.28,583.36 1 0
ssw-logs-capture/internal/processing/log_processor.go:583.36,585.5 1 0
ssw-logs-capture/internal/processing/log_processor.go:587.10,588.74 1 0
ssw-logs-capture/internal/processing/log_processor.go:591.2,592.30 2 0
ssw-logs-capture/internal/processing/log_processor.go:592.30,593.35 1 0
ssw-logs-capture/internal/processing/log_processor.go:593.35,595.4 1 0
ssw-logs-capture/internal/processing/log_processor.go:595.9,598.4 1 0
ssw-logs-capture/internal/processing/log_processor.go:601.2,603.8 1 0
ssw-logs-capture/internal/processing/log_processor.go:606.108,609.28 2 0
ssw-logs-capture/internal/processing/log_processor.go:609.28,611.3 1 0
ssw-logs-capture/internal/processing/log_processor.go:613.2,613.37 1 0
ssw-logs-capture/internal/processing/log_processor.go:613.37,615.3 1 0
ssw-logs-capture/internal/processing/log_processor.go:617.2,617.22 1 0
ssw-logs-capture/internal/processing/log_processor.go:620.48,622.2 1 0
ssw-logs-capture/internal/processing/log_processor.go:629.92,631.9 2 0
ssw-logs-capture/internal/processing/log_processor.go:631.9,633.3 1 0
ssw-logs-capture/internal/processing/log_processor.go:635.2,636.40 2 0
ssw-logs-capture/internal/processing/log_processor.go:636.40,638.3 1 0
ssw-logs-capture/internal/processing/log_processor.go:640.2,642.8 1 0
ssw-logs-capture/internal/processing/log_processor.go:645.111,648.28 2 0
ssw-logs-capture/internal/processing/log_processor.go:648.28,649.36 1 0
ssw-logs-capture/internal/processing/log_processor.go:649.36,651.4 1 0
ssw-logs-capture/internal/processing/log_processor.go:654.2,654.22 1 0
ssw-logs-capture/internal/processing/log_processor.go:657.51,659.2 1 0
ssw-logs-capture/internal/processing/log_processor.go:667.100,669.45 2 0
ssw-logs-capture/internal/processing/log_processor.go:669.45,671.3 1 0
ssw-logs-capture/internal/processing/log_processor.go:673.2,674.16 2 0
ssw-logs-capture/internal/processing/log_processor.go:674.16,676.3 1 0
ssw-logs-capture/internal/processing/log_processor.go:678.2,679.43 2 0
ssw-logs-capture/internal/processing/log_processor.go:679.43,681.3 1 0
ssw-logs-capture/internal/processing/log_processor.go:683.2,686.8 1 0
ssw-logs-capture/internal/processing/log_processor.go:689.116,691.22 2 0
ssw-logs-capture/internal/processing/log_processor.go:691.22,694.29 2 0
ssw-logs-capture/internal/processing/log_processor.go:694.29,696.4 1 0
ssw-logs-capture/internal/processing/log_processor.go:697.3,698.23 2 0
ssw-logs-capture/internal/processing/log_processor.go:701.2,701.19 1 0
ssw-logs-capture/internal/processing/log_processor.go:704.56,706.2 1 0
ssw-logs-capture/pkg/batching/adaptive_batcher.go:73.93,75.30 1 0
ssw-logs-capture/pkg/batching/adaptive_batcher.go:75.30,77.3 1 0
ssw-logs-capture/pkg/batching/adaptive_batcher.go:78.2,78.30 1 0
ssw-logs-capture/pkg/batching/adaptive_batcher.go:78.30,80.3 1 0
ssw-logs-capture/pkg/batching/adaptive_batcher.go:81.2,81.34 1 0
ssw-logs-capture/pkg/batching/adaptive_batcher.go:81.34,83.3 1 0
ssw-logs-capture/pkg/batching/adaptive_batcher.go:84.2,84.31 1 0
ssw-logs-capture/pkg/batching/adaptive_batcher.go:84.31,86.3 1 0
ssw-logs-capture/pkg/batching/adaptive_batcher.go:87.2,87.31 1 0
ssw-logs-capture/pkg/batching/adaptive_batcher.go:87.31,89.3 1 0
ssw-logs-capture/pkg/batching/adaptive_batcher.go:90.2,90.35 1 0
ssw-logs-capture/pkg/batching/adaptive_batcher.go:90.35,92.3 1 0
ssw-logs-capture/pkg/batching/adaptive_batcher.go:93.2,93.36 1 0
ssw-logs-capture/pkg/batching/adaptive_batcher.go:93.36,95.3 1 0
ssw-logs-capture/pkg/batching/adaptive_batcher.go:96.2,96.34 1 0
ssw-logs-capture/pkg/batching/adaptive_batcher.go:96.34,98.3 1 0
ssw-logs-capture/pkg/batching/adaptive_batcher.go:99.2,99.34 1 0
ssw-logs-capture/pkg/batching/adaptive_batcher.go:99.34,101.3 1 0
ssw-logs-capture/pkg/batching/adaptive_batcher.go:102.2,102.28 1 0
ssw-logs-capture/pkg/batching/adaptive_batcher.go:102.28,104.3 1 0
ssw-logs-capture/pkg/batching/adaptive_batcher.go:106.2,120.16 3 0
ssw-logs-capture/pkg/batching/adaptive_batcher.go:124.42,132.2 4 0
ssw-logs-capture/pkg/batching/adaptive_batcher.go:135.41,136.19 1 0
ssw-logs-capture/pkg/batching/adaptive_batcher.go:136.19,138.3 1 0
ssw-logs-capture/pkg/batching/adaptive_batcher.go:140.2,145.23 4 0
ssw-logs-capture/pkg/batching/adaptive_batcher.go:145.23,147.3 1 0
ssw-logs-capture/pkg/batching/adaptive_batcher.go:148.2,152.12 4 0
ssw-logs-capture/pkg/batching/adaptive_batcher.go:156.60,157.19 1 0
ssw-logs-capture/pkg/batching/adaptive_batcher.go:157.19,159.3 1 0
ssw-logs-capture/pkg/batching/adaptive_batcher.go:161.2,170.34 6 0
ssw-logs-capture/pkg/batching/adaptive_batcher.go:170.34,173.3 2 0
ssw-logs-capture/pkg/batching/adaptive_batcher.go:176.2,178.12 2 0
ssw-logs-capture/pkg/batching/adaptive_batcher.go:182.84,183.9 1 0
ssw-logs-capture/pkg/batching/adaptive_batcher.go:184.31,185.20 1 0
ssw-logs-capture/pkg/batching/adaptive_batcher.go:186.20,187.24 1 0
ssw-logs-capture/pkg/batching/adaptive_batcher.go:188.23,189.32 1 0
ssw-logs-capture/pkg/batching/adaptive_batcher.go:194.67,195.9 1 0
ssw-logs-capture/pkg/batching/adaptive_batcher.go:196.31,197.21 1 0
ssw-logs-capture/pkg/batching/adaptive_batcher.go:198.10,199.20 1 0
ssw-logs-capture/pkg/batching/adaptive_batcher.go:204.46,208.26 3 0
ssw-logs-capture/pkg/batching/adaptive_batcher.go:208.26,210.3 1 0
ssw-logs-capture/pkg/batching/adaptive_batcher.go:212.2,213.47 2 0
ssw-logs-capture/pkg/batching/adaptive_batcher.go:213.47,216.24 3 0
ssw-logs-capture/pkg/batching/adaptive_batcher.go:216.24,218.4 1 0
ssw-logs-capture/pkg/batching/adaptive_batcher.go:223.47,224.24 1 0
ssw-logs-capture/pkg/batching/adaptive_batcher.go:224.24,226.3 1 0
[...]
ssw-logs-capture/internal/sinks/loki_sink.go:507.64,509.9 1 1
ssw-logs-capture/internal/sinks/loki_sink.go:510.23,511.82 1 1
ssw-logs-capture/internal/sinks/loki_sink.go:512.10,512.10 0 1
ssw-logs-capture/internal/sinks/loki_sink.go:517.2,526.16 4 1
ssw-logs-capture/internal/sinks/loki_sink.go:526.16,528.3 1 0
ssw-logs-capture/internal/sinks/loki_sink.go:531.2,534.34 1 1
ssw-logs-capture/internal/sinks/loki_sink.go:534.34,535.23 1 1
ssw-logs-capture/internal/sinks/loki_sink.go:535.23,537.5 1 0
ssw-logs-capture/internal/sinks/loki_sink.go:538.4,538.23 1 1
ssw-logs-capture/internal/sinks/loki_sink.go:540.51,541.32 1 1
ssw-logs-capture/internal/sinks/loki_sink.go:541.32,543.5 1 1
ssw-logs-capture/internal/sinks/loki_sink.go:544.4,544.14 1 0
ssw-logs-capture/internal/sinks/loki_sink.go:546.35,547.32 1 1
ssw-logs-capture/internal/sinks/loki_sink.go:547.32,549.5 1 1
ssw-logs-capture/internal/sinks/loki_sink.go:550.4,550.12 1 0
ssw-logs-capture/internal/sinks/loki_sink.go:555.2,556.16 2 1
ssw-logs-capture/internal/sinks/loki_sink.go:556.16,558.3 1 0
ssw-logs-capture/internal/sinks/loki_sink.go:561.2,561.31 1 1
ssw-logs-capture/internal/sinks/loki_sink.go:561.31,563.3 1 0
ssw-logs-capture/internal/sinks/loki_sink.go:566.2,567.34 2 1
ssw-logs-capture/internal/sinks/loki_sink.go:567.34,569.3 1 0
ssw-logs-capture/internal/sinks/loki_sink.go:569.8,571.3 1 1
ssw-logs-capture/internal/sinks/loki_sink.go:575.2,580.16 5 1
ssw-logs-capture/internal/sinks/loki_sink.go:580.16,582.3 1 0
ssw-logs-capture/internal/sinks/loki_sink.go:585.2,586.38 2 1
ssw-logs-capture/internal/sinks/loki_sink.go:586.38,588.3 1 0
ssw-logs-capture/internal/sinks/loki_sink.go:591.2,591.44 1 1
ssw-logs-capture/internal/sinks/loki_sink.go:591.44,593.3 1 0
ssw-logs-capture/internal/sinks/loki_sink.go:596.2,596.30 1 1
ssw-logs-capture/internal/sinks/loki_sink.go:596.30,598.3 1 0
ssw-logs-capture/internal/sinks/loki_sink.go:601.2,601.102 1 1
ssw-logs-capture/internal/sinks/loki_sink.go:601.102,603.3 1 0
ssw-logs-capture/internal/sinks/loki_sink.go:603.8,603.74 1 1
ssw-logs-capture/internal/sinks/loki_sink.go:603.74,605.3 1 0
ssw-logs-capture/internal/sinks/loki_sink.go:608.2,617.16 3 1
ssw-logs-capture/internal/sinks/loki_sink.go:617.16,619.47 1 1
ssw-logs-capture/internal/sinks/loki_sink.go:619.47,621.4 1 1
ssw-logs-capture/internal/sinks/loki_sink.go:622.3,622.39 1 1
ssw-logs-capture/internal/sinks/loki_sink.go:622.39,624.4 1 1
ssw-logs-capture/internal/sinks/loki_sink.go:625.3,625.55 1 1
ssw-logs-capture/internal/sinks/loki_sink.go:627.2,630.28 2 0
ssw-logs-capture/internal/sinks/loki_sink.go:630.28,633.21 2 0
ssw-logs-capture/internal/sinks/loki_sink.go:633.21,635.4 1 0
ssw-logs-capture/internal/sinks/loki_sink.go:637.3,645.29 3 0
ssw-logs-capture/internal/sinks/loki_sink.go:645.29,654.24 3 0
ssw-logs-capture/internal/sinks/loki_sink.go:654.24,660.5 1 0
ssw-logs-capture/internal/sinks/loki_sink.go:661.4,661.62 1 0
ssw-logs-capture/internal/sinks/loki_sink.go:662.9,662.36 1 0
ssw-logs-capture/internal/sinks/loki_sink.go:662.36,664.4 1 0
ssw-logs-capture/internal/sinks/loki_sink.go:664.9,664.36 1 0
ssw-logs-capture/internal/sinks/loki_sink.go:664.36,666.4 1 0
ssw-logs-capture/internal/sinks/loki_sink.go:666.9,666.36 1 0
ssw-logs-capture/internal/sinks/loki_sink.go:666.36,668.4 1 0
ssw-logs-capture/internal/sinks/loki_sink.go:668.9,670.4 1 0
ssw-logs-capture/internal/sinks/loki_sink.go:673.2,673.12 1 0
ssw-logs-capture/internal/sinks/loki_sink.go:677.74,680.32 2 1
ssw-logs-capture/internal/sinks/loki_sink.go:680.32,686.14 3 1
ssw-logs-capture/internal/sinks/loki_sink.go:686.14,692.4 2 1
ssw-logs-capture/internal/sinks/loki_sink.go:695.3,696.76 2 1
ssw-logs-capture/internal/sinks/loki_sink.go:700.2,701.35 2 1
ssw-logs-capture/internal/sinks/loki_sink.go:701.35,703.3 1 1
ssw-logs-capture/internal/sinks/loki_sink.go:705.2,705.16 1 1
ssw-logs-capture/internal/sinks/loki_sink.go:709.70,713.22 1 1
ssw-logs-capture/internal/sinks/loki_sink.go:713.22,715.3 1 1
ssw-logs-capture/internal/sinks/loki_sink.go:718.2,719.24 2 1
ssw-logs-capture/internal/sinks/loki_sink.go:719.24,721.3 1 1
ssw-logs-capture/internal/sinks/loki_sink.go:722.2,728.25 4 1
ssw-logs-capture/internal/sinks/loki_sink.go:728.25,729.12 1 1
ssw-logs-capture/internal/sinks/loki_sink.go:729.12,731.4 1 1
ssw-logs-capture/internal/sinks/loki_sink.go:733.3,737.22 5 1
ssw-logs-capture/internal/sinks/loki_sink.go:740.2,741.20 2 1
ssw-logs-capture/internal/sinks/loki_sink.go:745.83,749.50 2 1
ssw-logs-capture/internal/sinks/loki_sink.go:749.50,752.3 2 0
ssw-logs-capture/internal/sinks/loki_sink.go:755.2,755.33 1 1
ssw-logs-capture/internal/sinks/loki_sink.go:755.33,757.30 1 0
ssw-logs-capture/internal/sinks/loki_sink.go:757.30,758.12 1 0
ssw-logs-capture/internal/sinks/loki_sink.go:761.3,762.35 2 0
ssw-logs-capture/internal/sinks/loki_sink.go:766.2,766.49 1 1
ssw-logs-capture/internal/sinks/loki_sink.go:766.49,768.3 1 1
ssw-logs-capture/internal/sinks/loki_sink.go:770.2,770.19 1 1
ssw-logs-capture/internal/sinks/loki_sink.go:774.54,804.43 3 0
ssw-logs-capture/internal/sinks/loki_sink.go:804.43,805.61 1 0
ssw-logs-capture/internal/sinks/loki_sink.go:805.61,807.4 1 0
ssw-logs-capture/internal/sinks/loki_sink.go:811.2,811.49 1 0
ssw-logs-capture/internal/sinks/loki_sink.go:811.49,812.22 1 0
ssw-logs-capture/internal/sinks/loki_sink.go:812.22,814.4 1 0
ssw-logs-capture/internal/sinks/loki_sink.go:817.2,817.14 1 0
ssw-logs-capture/internal/sinks/loki_sink.go:821.59,825.25 2 0
ssw-logs-capture/internal/sinks/loki_sink.go:825.25,826.93 1 0
ssw-logs-capture/internal/sinks/loki_sink.go:826.93,828.4 1 0
ssw-logs-capture/internal/sinks/loki_sink.go:828.9,830.4 1 0
ssw-logs-capture/internal/sinks/loki_sink.go:834.2,834.122 1 0
ssw-logs-capture/internal/sinks/loki_sink.go:834.122,836.3 1 0
ssw-logs-capture/internal/sinks/loki_sink.go:838.2,838.21 1 0
ssw-logs-capture/internal/sinks/loki_sink.go:838.21,840.3 1 0
ssw-logs-capture/internal/sinks/loki_sink.go:842.2,842.18 1 0
ssw-logs-capture/internal/sinks/loki_sink.go:846.109,847.31 1 1
ssw-logs-capture/internal/sinks/loki_sink.go:847.31,854.114 2 1
ssw-logs-capture/internal/sinks/loki_sink.go:854.114,866.4 3 0
ssw-logs-capture/internal/sinks/loki_sink.go:868.3,877.32 2 1
ssw-logs-capture/internal/sinks/loki_sink.go:878.8,886.3 1 0
ssw-logs-capture/internal/sinks/loki_sink.go:890.67,898.2 1 0
ssw-logs-capture/internal/sinks/loki_sink.go:901.41,904.6 2 0
ssw-logs-capture/internal/sinks/loki_sink.go:904.6,905.10 1 0
ssw-logs-capture/internal/sinks/loki_sink.go:906.24,907.10 1 0
ssw-logs-capture/internal/sinks/loki_sink.go:908.11,911.18 2 0
ssw-logs-capture/internal/sinks/loki_sink.go:911.18,912.32 1 0
ssw-logs-capture/internal/sinks/loki_sink.go:912.32,914.6 1 0
ssw-logs-capture/internal/sinks/loki_sink.go:915.5,916.13 2 0
ssw-logs-capture/internal/sinks/loki_sink.go:919.4,919.22 1 0
ssw-logs-capture/internal/sinks/loki_sink.go:919.22,932.5 4 0
ssw-logs-capture/internal/sinks/splunk_sink.go:98.135,99.21 1 0
ssw-logs-capture/internal/sinks/splunk_sink.go:99.21,101.3 1 0
ssw-logs-capture/internal/sinks/splunk_sink.go:103.2,103.25 1 0
ssw-logs-capture/internal/sinks/splunk_sink.go:103.25,105.3 1 0
ssw-logs-capture/internal/sinks/splunk_sink.go:108.2,108.27 1 0
ssw-logs-capture/internal/sinks/splunk_sink.go:108.27,110.3 1 0
ssw-logs-capture/internal/sinks/splunk_sink.go:111.2,111.30 1 0
ssw-logs-capture/internal/sinks/splunk_sink.go:111.30,113.3 1 0
ssw-logs-capture/internal/sinks/splunk_sink.go:114.2,114.28 1 0
ssw-logs-capture/internal/sinks/splunk_sink.go:114.28,116.3 1 0
ssw-logs-capture/internal/sinks/splunk_sink.go:117.2,117.30 1 0
ssw-logs-capture/internal/sinks/splunk_sink.go:117.30,119.3 1 0
ssw-logs-capture/internal/sinks/splunk_sink.go:120.2,120.25 1 0
ssw-logs-capture/internal/sinks/splunk_sink.go:120.25,122.3 1 0
ssw-logs-capture/internal/sinks/splunk_sink.go:123.2,123.30 1 0
ssw-logs-capture/internal/sinks/splunk_sink.go:123.30,125.3 1 0
ssw-logs-capture/internal/sinks/splunk_sink.go:126.2,126.29 1 0
ssw-logs-capture/internal/sinks/splunk_sink.go:126.29,128.3 1 0
ssw-logs-capture/internal/sinks/splunk_sink.go:129.2,129.25 1 0
ssw-logs-capture/internal/sinks/splunk_sink.go:129.25,131.3 1 0
ssw-logs-capture/internal/sinks/splunk_sink.go:133.2,150.34 3 0
ssw-logs-capture/internal/sinks/splunk_sink.go:150.34,152.3 1 0
ssw-logs-capture/internal/sinks/splunk_sink.go:153.2,174.45 5 0
ssw-logs-capture/internal/sinks/splunk_sink.go:174.45,176.3 1 0
ssw-logs-capture/internal/sinks/splunk_sink.go:178.2,178.18 1 0
ssw-logs-capture/internal/sinks/splunk_sink.go:182.41,190.26 2 0
ssw-logs-capture/internal/sinks/splunk_sink.go:190.26,192.17 2 0
ssw-logs-capture/internal/sinks/splunk_sink.go:192.17,194.4 1 0
ssw-logs-capture/internal/sinks/splunk_sink.go:194.9,196.4 1 0
ssw-logs-capture/internal/sinks/splunk_sink.go:199.2,202.3 1 0
ssw-logs-capture/internal/sinks/splunk_sink.go:206.44,208.16 2 0
ssw-logs-capture/internal/sinks/splunk_sink.go:208.16,210.3 1 0
ssw-logs-capture/internal/sinks/splunk_sink.go:212.2,212.17 1 0
ssw-logs-capture/internal/sinks/splunk_sink.go:212.17,214.3 1 0
ssw-logs-capture/internal/sinks/splunk_sink.go:217.2,219.16 3 0
ssw-logs-capture/internal/sinks/splunk_sink.go:219.16,221.3 1 0
ssw-logs-capture/internal/sinks/splunk_sink.go:223.2,226.16 3 0
ssw-logs-capture/internal/sinks/splunk_sink.go:226.16,228.3 1 0
ssw-logs-capture/internal/sinks/splunk_sink.go:229.2,231.38 2 0
ssw-logs-capture/internal/sinks/splunk_sink.go:231.38,233.3 1 0
ssw-logs-capture/internal/sinks/splunk_sink.go:235.2,236.12 2 0
ssw-logs-capture/internal/sinks/splunk_sink.go:240.49,241.26 1 0
ssw-logs-capture/internal/sinks/splunk_sink.go:241.26,243.3 1 0
ssw-logs-capture/internal/sinks/splunk_sink.go:245.2,245.32 1 0
ssw-logs-capture/internal/sinks/splunk_sink.go:245.32,247.17 2 0
ssw-logs-capture/internal/sinks/splunk_sink.go:247.17,249.4 1 0
ssw-logs-capture/internal/sinks/splunk_sink.go:250.3,250.20 1 0
ssw-logs-capture/internal/sinks/splunk_sink.go:253.2,253.62 1 0
ssw-logs-capture/internal/sinks/splunk_sink.go:257.55,267.2 5 0
ssw-logs-capture/internal/sinks/splunk_sink.go:270.35,272.15 2 0
ssw-logs-capture/internal/sinks/splunk_sink.go:272.15,275.3 2 0
ssw-logs-capture/internal/sinks/splunk_sink.go:276.2,294.12 9 0
ssw-logs-capture/internal/sinks/splunk_sink.go:298.80,299.23 1 0
ssw-logs-capture/internal/sinks/splunk_sink.go:299.23,301.3 1 0
ssw-logs-capture/internal/sinks/splunk_sink.go:303.2,304.15 2 0
ssw-logs-capture/internal/sinks/splunk_sink.go:304.15,307.3 2 0
ssw-logs-capture/internal/sinks/splunk_sink.go:308.2,310.32 2 0
ssw-logs-capture/internal/sinks/splunk_sink.go:310.32,311.10 1 0
ssw-logs-capture/internal/sinks/splunk_sink.go:312.25,313.42 1 0
ssw-logs-capture/internal/sinks/splunk_sink.go:314.23,315.46 1 0
ssw-logs-capture/internal/sinks/splunk_sink.go:316.21,317.20 1 0
ssw-logs-capture/internal/sinks/splunk_sink.go:318.11,319.38 1 0
ssw-logs-capture/internal/sinks/splunk_sink.go:322.2,322.12 1 0
ssw-logs-capture/internal/sinks/splunk_sink.go:326.39,329.6 2 0
ssw-logs-capture/internal/sinks/splunk_sink.go:329.6,330.10 1 0
ssw-logs-capture/internal/sinks/splunk_sink.go:331.31,332.11 1 0
ssw-logs-capture/internal/sinks/splunk_sink.go:332.11,334.5 1 0
ssw-logs-capture/internal/sinks/splunk_sink.go:336.4,337.42 2 0
ssw-logs-capture/internal/sinks/splunk_sink.go:339.25,341.18 2 0
ssw-logs-capture/internal/sinks/splunk_sink.go:343.23,344.10 1 0
ssw-logs-capture/internal/sinks/splunk_sink.go:350.55,356.40 4 0
ssw-logs-capture/internal/sinks/splunk_sink.go:356.40,359.3 2 0
ssw-logs-capture/internal/sinks/splunk_sink.go:363.36,367.6 3 0
ssw-logs-capture/internal/sinks/splunk_sink.go:367.6,368.10 1 0
ssw-logs-capture/internal/sinks/splunk_sink.go:369.19,370.24 1 0
ssw-logs-capture/internal/sinks/splunk_sink.go:370.24,372.5 1 0
ssw-logs-capture/internal/sinks/splunk_sink.go:373.23,374.10 1 0
ssw-logs-capture/internal/sinks/splunk_sink.go:380.35,382.23 2 0
ssw-logs-capture/internal/sinks/splunk_sink.go:382.23,385.3 2 0
ssw-logs-capture/internal/sinks/splunk_sink.go:388.2,400.16 10 0
ssw-logs-capture/internal/sinks/splunk_sink.go:400.16,405.63 3 0
ssw-logs-capture/internal/sinks/splunk_sink.go:405.63,415.14 5 0
ssw-logs-capture/internal/sinks/splunk_sink.go:415.14,416.39 1 0
ssw-logs-capture/internal/sinks/splunk_sink.go:416.39,417.13 1 0
ssw-logs-capture/internal/sinks/splunk_sink.go:418.28,418.28 0 0
ssw-logs-capture/internal/sinks/splunk_sink.go:419.14,420.63 1 0
ssw-logs-capture/internal/sinks/splunk_sink.go:424.9,428.4 2 0
ssw-logs-capture/internal/sinks/splunk_sink.go:429.8,435.3 3 0
ssw-logs-capture/internal/sinks/splunk_sink.go:439.64,440.23 1 0
ssw-logs-capture/internal/sinks/splunk_sink.go:440.23,442.3 1 0
ssw-logs-capture/internal/sinks/splunk_sink.go:445.2,446.16 2 0
ssw-logs-capture/internal/sinks/splunk_sink.go:446.16,448.3 1 0
ssw-logs-capture/internal/sinks/splunk_sink.go:451.2,452.32 2 0
ssw-logs-capture/internal/sinks/splunk_sink.go:452.32,455.3 2 0
ssw-logs-capture/internal/sinks/splunk_sink.go:458.2,462.22 3 0
ssw-logs-capture/internal/sinks/splunk_sink.go:462.22,464.51 1 0
ssw-logs-capture/internal/sinks/splunk_sink.go:464.51,466.4 1 0
ssw-logs-capture/internal/sinks/splunk_sink.go:467.8,469.32 1 0
ssw-logs-capture/internal/sinks/splunk_sink.go:469.32,470.48 1 0
ssw-logs-capture/internal/sinks/splunk_sink.go:470.48,472.5 1 0
ssw-logs-capture/internal/sinks/splunk_sink.go:477.2,477.40 1 0
ssw-logs-capture/internal/sinks/splunk_sink.go:477.40,485.3 2 0
ssw-logs-capture/internal/sinks/splunk_sink.go:488.2,492.26 4 0
ssw-logs-capture/internal/sinks/splunk_sink.go:492.26,494.17 2 0
ssw-logs-capture/internal/sinks/splunk_sink.go:494.17,497.4 2 0
ssw-logs-capture/internal/sinks/splunk_sink.go:497.9,508.4 3 0
ssw-logs-capture/internal/sinks/splunk_sink.go:509.8,511.3 1 0
ssw-logs-capture/internal/sinks/splunk_sink.go:514.2,515.28 2 0
ssw-logs-capture/internal/sinks/splunk_sink.go:515.28,517.3 1 0
ssw-logs-capture/internal/sinks/splunk_sink.go:519.2,520.16 2 0
ssw-logs-capture/internal/sinks/splunk_sink.go:520.16,522.3 1 0
ssw-logs-capture/internal/sinks/splunk_sink.go:525.2,527.27 3 0
ssw-logs-capture/internal/sinks/splunk_sink.go:527.27,529.3 1 0
ssw-logs-capture/internal/sinks/splunk_sink.go:531.2,531.43 1 0
ssw-logs-capture/internal/sinks/splunk_sink.go:531.43,533.3 1 0
ssw-logs-capture/internal/sinks/splunk_sink.go:536.2,537.62 2 0
ssw-logs-capture/internal/sinks/splunk_sink.go:537.62,539.17 2 0
ssw-logs-capture/internal/sinks/splunk_sink.go:539.17,541.37 2 0
ssw-logs-capture/internal/sinks/splunk_sink.go:541.37,543.13 2 0
ssw-logs-capture/internal/sinks/splunk_sink.go:545.4,545.9 1 0
ssw-logs-capture/internal/sinks/splunk_sink.go:549.3,549.48 1 0
ssw-logs-capture/internal/sinks/splunk_sink.go:549.48,552.76 3 0
ssw-logs-capture/internal/sinks/splunk_sink.go:552.76,554.13 2 0
ssw-logs-capture/internal/sinks/splunk_sink.go:556.4,556.9 1 0
ssw-logs-capture/internal/sinks/splunk_sink.go:559.3,560.13 2 0
ssw-logs-capture/internal/sinks/splunk_sink.go:563.2,563.16 1 0
ssw-logs-capture/internal/sinks/splunk_sink.go:567.74,581.44 3 0
ssw-logs-capture/internal/sinks/splunk_sink.go:581.44,583.3 1 0
ssw-logs-capture/internal/sinks/splunk_sink.go:584.2,584.48 1 0
ssw-logs-capture/internal/sinks/splunk_sink.go:584.48,586.3 1 0
ssw-logs-capture/internal/sinks/splunk_sink.go:587.2,587.56 1 0
ssw-logs-capture/internal/sinks/splunk_sink.go:587.56,589.3 1 0
ssw-logs-capture/internal/sinks/splunk_sink.go:590.2,590.46 1 0
ssw-logs-capture/internal/sinks/splunk_sink.go:590.46,592.3 1 0
ssw-logs-capture/internal/sinks/splunk_sink.go:595.2,603.43 2 0
ssw-logs-capture/internal/sinks/splunk_sink.go:603.43,605.3 1 0
ssw-logs-capture/internal/sinks/splunk_sink.go:607.2,608.31 2 0
ssw-logs-capture/internal/sinks/splunk_sink.go:608.31,610.3 1 0
ssw-logs-capture/internal/sinks/splunk_sink.go:613.2,614.31 2 0
ssw-logs-capture/internal/sinks/splunk_sink.go:614.31,616.3 1 0
ssw-logs-capture/internal/sinks/splunk_sink.go:619.2,624.14 4 0
ssw-logs-capture/internal/sinks/splunk_sink.go:628.64,629.53 1 0
ssw-logs-capture/internal/sinks/splunk_sink.go:629.53,631.3 1 0
ssw-logs-capture/internal/sinks/splunk_sink.go:634.2,635.71 2 0
ssw-logs-capture/internal/sinks/splunk_sink.go:635.71,637.3 1 0
ssw-logs-capture/internal/sinks/splunk_sink.go:639.2,639.73 1 0
ssw-logs-capture/internal/sinks/splunk_sink.go:643.60,644.20 1 0
ssw-logs-capture/internal/sinks/splunk_sink.go:649.29,650.14 1 0
ssw-logs-capture/internal/sinks/splunk_sink.go:651.10,652.15 1 0
ssw-logs-capture/internal/sinks/splunk_sink.go:657.35,658.26 1 0
ssw-logs-capture/internal/sinks/splunk_sink.go:658.26,659.10 1 0
ssw-logs-capture/internal/sinks/splunk_sink.go:660.25,660.25 0 0
ssw-logs-capture/internal/sinks/splunk_sink.go:661.11,661.11 0 0
ssw-logs-capture/internal/sinks/splunk_sink.go:664.2,664.43 1 0
ssw-logs-capture/internal/sinks/splunk_sink.go:668.36,715.2 7 0
ssw-logs-capture/internal/sinks/splunk_sink.go:718.61,730.2 1 0
ssw-logs-capture/internal/sinks/splunk_sink.go:733.52,735.18 2 0
ssw-logs-capture/internal/sinks/splunk_sink.go:735.18,737.3 1 0
ssw-logs-capture/internal/sinks/splunk_sink.go:738.2,738.57 1 0
ssw-logs-capture/internal/sinks/splunk_sink.go:742.39,746.2 3 0
ssw-logs-capture/internal/sinks/splunk_sink.go:749.50,750.16 1 0
ssw-logs-capture/internal/sinks/splunk_sink.go:750.16,752.3 1 0
ssw-logs-capture/internal/sinks/splunk_sink.go:755.2,759.40 1 0
ssw-logs-capture/internal/sinks/splunk_sink.go:759.40,761.3 1 0
ssw-logs-capture/internal/sinks/splunk_sink.go:764.2,766.40 1 0
ssw-logs-capture/internal/sinks/splunk_sink.go:766.40,768.3 1 0
ssw-logs-capture/internal/sinks/splunk_sink.go:770.2,770.14 1 0
ssw-logs-capture/internal/sinks/splunk_sink.go:774.73,781.32 2 0
ssw-logs-capture/internal/sinks/splunk_sink.go:781.32,791.3 1 0
ssw-logs-capture/internal/sinks/splunk_sink.go:795.65,796.22 1 0
ssw-logs-capture/internal/sinks/splunk_sink.go:796.22,799.3 1 0
ssw-logs-capture/internal/sinks/splunk_sink.go:802.2,812.53 5 0
ssw-logs-capture/internal/sinks/splunk_sink.go:812.53,815.3 2 0
ssw-logs-capture/internal/sinks/splunk_sink.go:818.2,818.54 1 0
ssw-logs-capture/internal/sinks/splunk_sink.go:818.54,821.3 2 0
ssw-logs-capture/internal/sinks/splunk_sink.go:823.2,823.12 1 0
ssw-logs-capture/internal/sinks/splunk_sink.go:827.66,832.31 3 0
ssw-logs-capture/internal/sinks/splunk_sink.go:832.31,833.47 1 0
ssw-logs-capture/internal/sinks/splunk_sink.go:833.47,835.4 1 0
ssw-logs-capture/internal/sinks/splunk_sink.go:839.2,839.40 1 0
ssw-logs-capture/internal/sinks/splunk_sink.go:839.40,842.3 1 0
ssw-logs-capture/internal/sinks/splunk_sink.go:845.2,845.37 1 0
ssw-logs-capture/internal/sinks/splunk_sink.go:849.69,854.31 3 0
ssw-logs-capture/internal/sinks/splunk_sink.go:854.31,855.47 1 0
ssw-logs-capture/internal/sinks/splunk_sink.go:855.47,857.4 1 0
ssw-logs-capture/internal/sinks/splunk_sink.go:861.2,862.16 2 0
ssw-logs-capture/internal/sinks/splunk_sink.go:862.16,864.3 1 0
ssw-logs-capture/internal/sinks/splunk_sink.go:867.2,871.26 4 0
ssw-logs-capture/internal/sinks/splunk_sink.go:871.26,873.17 2 0
ssw-logs-capture/internal/sinks/splunk_sink.go:873.17,876.4 2 0
ssw-logs-capture/internal/sinks/splunk_sink.go:876.9,879.4 2 0
ssw-logs-capture/internal/sinks/splunk_sink.go:880.8,882.3 1 0
ssw-logs-capture/internal/sinks/splunk_sink.go:885.2,886.16 2 0
ssw-logs-capture/internal/sinks/splunk_sink.go:886.16,888.3 1 0
ssw-logs-capture/internal/sinks/splunk_sink.go:891.2,893.27 3 0
ssw-logs-capture/internal/sinks/splunk_sink.go:893.27,895.3 1 0
ssw-logs-capture/internal/sinks/splunk_sink.go:898.2,898.43 1 0
ssw-logs-capture/internal/sinks/splunk_sink.go:898.43,900.3 1 0
ssw-logs-capture/internal/sinks/splunk_sink.go:903.2,904.16 2 0
ssw-logs-capture/internal/sinks/splunk_sink.go:904.16,906.3 1 0
ssw-logs-capture/internal/sinks/splunk_sink.go:907.2,910.53 2 0
ssw-logs-capture/internal/sinks/splunk_sink.go:910.53,913.3 2 0
ssw-logs-capture/internal/sinks/splunk_sink.go:915.2,915.12 1 0
